{"D:\\Users\\Batz\\Documents\\IFSP\\5º Semestre\\PI1A5\\back-end\\LabTrip\\src\\app.js": {"path":"D:\\Users\\Batz\\Documents\\IFSP\\5º Semestre\\PI1A5\\back-end\\LabTrip\\src\\app.js","statementMap":{"0":{"start":{"line":12,"column":14},"end":{"line":12,"column":23}},"1":{"start":{"line":13,"column":2},"end":{"line":13,"column":26}},"2":{"start":{"line":14,"column":2},"end":{"line":14,"column":18}},"3":{"start":{"line":15,"column":2},"end":{"line":15,"column":46}},"4":{"start":{"line":16,"column":2},"end":{"line":16,"column":44}},"5":{"start":{"line":17,"column":2},"end":{"line":17,"column":50}},"6":{"start":{"line":18,"column":2},"end":{"line":18,"column":46}},"7":{"start":{"line":19,"column":2},"end":{"line":19,"column":41}},"8":{"start":{"line":20,"column":2},"end":{"line":20,"column":43}},"9":{"start":{"line":21,"column":2},"end":{"line":21,"column":42}},"10":{"start":{"line":23,"column":2},"end":{"line":25,"column":5}},"11":{"start":{"line":24,"column":4},"end":{"line":24,"column":40}},"12":{"start":{"line":27,"column":2},"end":{"line":27,"column":13}}},"fnMap":{"0":{"name":"LabTrip","decl":{"start":{"line":11,"column":24},"end":{"line":11,"column":31}},"loc":{"start":{"line":11,"column":34},"end":{"line":28,"column":1}},"line":11},"1":{"name":"(anonymous_1)","decl":{"start":{"line":23,"column":15},"end":{"line":23,"column":16}},"loc":{"start":{"line":23,"column":34},"end":{"line":25,"column":3}},"line":23}},"branchMap":{},"s":{"0":1,"1":1,"2":1,"3":1,"4":1,"5":1,"6":1,"7":1,"8":1,"9":1,"10":1,"11":1,"12":1},"f":{"0":1,"1":1},"b":{},"_coverageSchema":"1a1c01bbd47fc00a2c39e90264f33305004495a9","hash":"74f3295b0514bd707d923d64431d72dd324d842a"}
,"D:\\Users\\Batz\\Documents\\IFSP\\5º Semestre\\PI1A5\\back-end\\LabTrip\\src\\config.js": {"path":"D:\\Users\\Batz\\Documents\\IFSP\\5º Semestre\\PI1A5\\back-end\\LabTrip\\src\\config.js","statementMap":{"0":{"start":{"line":3,"column":22},"end":{"line":16,"column":2}}},"fnMap":{},"branchMap":{},"s":{"0":1},"f":{},"b":{},"_coverageSchema":"1a1c01bbd47fc00a2c39e90264f33305004495a9","hash":"2cfdd396ec96aee5cab40cf7e18dc9423a7dbaef"}
,"D:\\Users\\Batz\\Documents\\IFSP\\5º Semestre\\PI1A5\\back-end\\LabTrip\\src\\smtpConfig.js": {"path":"D:\\Users\\Batz\\Documents\\IFSP\\5º Semestre\\PI1A5\\back-end\\LabTrip\\src\\smtpConfig.js","statementMap":{"0":{"start":{"line":1,"column":19},"end":{"line":1,"column":40}},"1":{"start":{"line":3,"column":20},"end":{"line":14,"column":2}}},"fnMap":{},"branchMap":{},"s":{"0":1,"1":1},"f":{},"b":{},"_coverageSchema":"1a1c01bbd47fc00a2c39e90264f33305004495a9","hash":"bce43f80317137988640751bc93cd82a6eda723a"}
,"D:\\Users\\Batz\\Documents\\IFSP\\5º Semestre\\PI1A5\\back-end\\LabTrip\\src\\acesso_rota\\AcessoRotaMiddleware.js": {"path":"D:\\Users\\Batz\\Documents\\IFSP\\5º Semestre\\PI1A5\\back-end\\LabTrip\\src\\acesso_rota\\AcessoRotaMiddleware.js","statementMap":{"0":{"start":{"line":4,"column":6},"end":{"line":4,"column":55}},"1":{"start":{"line":9,"column":6},"end":{"line":13,"column":7}},"2":{"start":{"line":15,"column":21},"end":{"line":15,"column":77}},"3":{"start":{"line":17,"column":6},"end":{"line":19,"column":7}},"4":{"start":{"line":18,"column":8},"end":{"line":18,"column":86}},"5":{"start":{"line":20,"column":6},"end":{"line":20,"column":26}},"6":{"start":{"line":21,"column":6},"end":{"line":21,"column":13}}},"fnMap":{"0":{"name":"(anonymous_0)","decl":{"start":{"line":3,"column":4},"end":{"line":3,"column":5}},"loc":{"start":{"line":3,"column":37},"end":{"line":5,"column":5}},"line":3},"1":{"name":"(anonymous_1)","decl":{"start":{"line":7,"column":4},"end":{"line":7,"column":5}},"loc":{"start":{"line":7,"column":36},"end":{"line":22,"column":5}},"line":7}},"branchMap":{"0":{"loc":{"start":{"line":17,"column":6},"end":{"line":19,"column":7}},"type":"if","locations":[{"start":{"line":17,"column":6},"end":{"line":19,"column":7}},{"start":{"line":17,"column":6},"end":{"line":19,"column":7}}],"line":17}},"s":{"0":3,"1":0,"2":0,"3":0,"4":0,"5":0,"6":0},"f":{"0":3,"1":0},"b":{"0":[0,0]},"_coverageSchema":"1a1c01bbd47fc00a2c39e90264f33305004495a9","hash":"d23574156f85631c205f8f98e15f810e67dfe9b2"}
,"D:\\Users\\Batz\\Documents\\IFSP\\5º Semestre\\PI1A5\\back-end\\LabTrip\\src\\acesso_rota\\AcessoRotaRepository.js": {"path":"D:\\Users\\Batz\\Documents\\IFSP\\5º Semestre\\PI1A5\\back-end\\LabTrip\\src\\acesso_rota\\AcessoRotaRepository.js","statementMap":{"0":{"start":{"line":3,"column":6},"end":{"line":3,"column":27}},"1":{"start":{"line":7,"column":6},"end":{"line":11,"column":17}}},"fnMap":{"0":{"name":"(anonymous_0)","decl":{"start":{"line":2,"column":4},"end":{"line":2,"column":5}},"loc":{"start":{"line":2,"column":23},"end":{"line":4,"column":5}},"line":2},"1":{"name":"(anonymous_1)","decl":{"start":{"line":6,"column":4},"end":{"line":6,"column":5}},"loc":{"start":{"line":6,"column":29},"end":{"line":12,"column":5}},"line":6}},"branchMap":{},"s":{"0":3,"1":0},"f":{"0":3,"1":0},"b":{},"_coverageSchema":"1a1c01bbd47fc00a2c39e90264f33305004495a9","hash":"cb3ae439106d84e9bb09aaa2f2523e8177b42024"}
,"D:\\Users\\Batz\\Documents\\IFSP\\5º Semestre\\PI1A5\\back-end\\LabTrip\\src\\agencias\\Agencia.js": {"path":"D:\\Users\\Batz\\Documents\\IFSP\\5º Semestre\\PI1A5\\back-end\\LabTrip\\src\\agencias\\Agencia.js","statementMap":{"0":{"start":{"line":5,"column":6},"end":{"line":5,"column":19}},"1":{"start":{"line":6,"column":6},"end":{"line":6,"column":23}},"2":{"start":{"line":7,"column":6},"end":{"line":7,"column":47}},"3":{"start":{"line":8,"column":6},"end":{"line":8,"column":48}},"4":{"start":{"line":9,"column":6},"end":{"line":9,"column":29}}},"fnMap":{"0":{"name":"(anonymous_0)","decl":{"start":{"line":4,"column":2},"end":{"line":4,"column":3}},"loc":{"start":{"line":4,"column":34},"end":{"line":10,"column":3}},"line":4}},"branchMap":{"0":{"loc":{"start":{"line":4,"column":20},"end":{"line":4,"column":33}},"type":"default-arg","locations":[{"start":{"line":4,"column":25},"end":{"line":4,"column":33}}],"line":4}},"s":{"0":0,"1":0,"2":0,"3":0,"4":0},"f":{"0":0},"b":{"0":[0]},"_coverageSchema":"1a1c01bbd47fc00a2c39e90264f33305004495a9","hash":"4c46bff49727d481d4f6548b2e40e82fe449ce3b"}
,"D:\\Users\\Batz\\Documents\\IFSP\\5º Semestre\\PI1A5\\back-end\\LabTrip\\src\\agencias\\AgenciaController.js": {"path":"D:\\Users\\Batz\\Documents\\IFSP\\5º Semestre\\PI1A5\\back-end\\LabTrip\\src\\agencias\\AgenciaController.js","statementMap":{"0":{"start":{"line":2,"column":12},"end":{"line":2,"column":35}},"1":{"start":{"line":3,"column":19},"end":{"line":3,"column":40}},"2":{"start":{"line":4,"column":0},"end":{"line":4,"column":25}},"3":{"start":{"line":7,"column":25},"end":{"line":10,"column":2}},"4":{"start":{"line":7,"column":39},"end":{"line":10,"column":1}},"5":{"start":{"line":15,"column":4},"end":{"line":15,"column":47}},"6":{"start":{"line":20,"column":21},"end":{"line":20,"column":62}},"7":{"start":{"line":21,"column":4},"end":{"line":21,"column":65}},"8":{"start":{"line":21,"column":43},"end":{"line":21,"column":62}},"9":{"start":{"line":25,"column":19},"end":{"line":25,"column":27}},"10":{"start":{"line":27,"column":20},"end":{"line":27,"column":37}},"11":{"start":{"line":29,"column":4},"end":{"line":29,"column":24}},"12":{"start":{"line":31,"column":4},"end":{"line":31,"column":48}},"13":{"start":{"line":33,"column":4},"end":{"line":33,"column":52}},"14":{"start":{"line":37,"column":22},"end":{"line":37,"column":35}},"15":{"start":{"line":39,"column":25},"end":{"line":39,"column":89}},"16":{"start":{"line":41,"column":4},"end":{"line":41,"column":63}},"17":{"start":{"line":45,"column":31},"end":{"line":45,"column":39}},"18":{"start":{"line":47,"column":18},"end":{"line":56,"column":5}},"19":{"start":{"line":58,"column":20},"end":{"line":63,"column":5}},"20":{"start":{"line":65,"column":4},"end":{"line":65,"column":37}},"21":{"start":{"line":67,"column":4},"end":{"line":67,"column":83}},"22":{"start":{"line":71,"column":35},"end":{"line":71,"column":43}},"23":{"start":{"line":73,"column":4},"end":{"line":73,"column":81}},"24":{"start":{"line":75,"column":4},"end":{"line":75,"column":96}},"25":{"start":{"line":79,"column":20},"end":{"line":79,"column":38}},"26":{"start":{"line":80,"column":4},"end":{"line":80,"column":24}},"27":{"start":{"line":85,"column":4},"end":{"line":92,"column":7}},"28":{"start":{"line":86,"column":6},"end":{"line":88,"column":7}},"29":{"start":{"line":87,"column":8},"end":{"line":87,"column":86}},"30":{"start":{"line":90,"column":6},"end":{"line":90,"column":36}},"31":{"start":{"line":91,"column":6},"end":{"line":91,"column":36}},"32":{"start":{"line":94,"column":4},"end":{"line":94,"column":71}},"33":{"start":{"line":96,"column":4},"end":{"line":96,"column":48}},"34":{"start":{"line":100,"column":4},"end":{"line":100,"column":63}},"35":{"start":{"line":104,"column":18},"end":{"line":104,"column":26}},"36":{"start":{"line":106,"column":20},"end":{"line":106,"column":53}},"37":{"start":{"line":108,"column":30},"end":{"line":108,"column":76}},"38":{"start":{"line":110,"column":4},"end":{"line":110,"column":69}},"39":{"start":{"line":115,"column":4},"end":{"line":115,"column":53}},"40":{"start":{"line":116,"column":4},"end":{"line":116,"column":33}},"41":{"start":{"line":121,"column":4},"end":{"line":126,"column":7}},"42":{"start":{"line":132,"column":18},"end":{"line":172,"column":45}},"43":{"start":{"line":175,"column":4},"end":{"line":175,"column":28}},"44":{"start":{"line":180,"column":18},"end":{"line":203,"column":24}},"45":{"start":{"line":206,"column":4},"end":{"line":206,"column":28}}},"fnMap":{"0":{"name":"(anonymous_0)","decl":{"start":{"line":7,"column":25},"end":{"line":7,"column":26}},"loc":{"start":{"line":7,"column":39},"end":{"line":10,"column":1}},"line":7},"1":{"name":"(anonymous_1)","decl":{"start":{"line":14,"column":2},"end":{"line":14,"column":3}},"loc":{"start":{"line":14,"column":33},"end":{"line":16,"column":3}},"line":14},"2":{"name":"(anonymous_2)","decl":{"start":{"line":19,"column":2},"end":{"line":19,"column":3}},"loc":{"start":{"line":19,"column":29},"end":{"line":22,"column":3}},"line":19},"3":{"name":"(anonymous_3)","decl":{"start":{"line":21,"column":38},"end":{"line":21,"column":39}},"loc":{"start":{"line":21,"column":43},"end":{"line":21,"column":62}},"line":21},"4":{"name":"(anonymous_4)","decl":{"start":{"line":24,"column":2},"end":{"line":24,"column":3}},"loc":{"start":{"line":24,"column":23},"end":{"line":34,"column":3}},"line":24},"5":{"name":"(anonymous_5)","decl":{"start":{"line":36,"column":2},"end":{"line":36,"column":3}},"loc":{"start":{"line":36,"column":35},"end":{"line":42,"column":3}},"line":36},"6":{"name":"(anonymous_6)","decl":{"start":{"line":44,"column":2},"end":{"line":44,"column":3}},"loc":{"start":{"line":44,"column":41},"end":{"line":68,"column":3}},"line":44},"7":{"name":"(anonymous_7)","decl":{"start":{"line":70,"column":2},"end":{"line":70,"column":3}},"loc":{"start":{"line":70,"column":43},"end":{"line":76,"column":3}},"line":70},"8":{"name":"(anonymous_8)","decl":{"start":{"line":78,"column":2},"end":{"line":78,"column":3}},"loc":{"start":{"line":78,"column":42},"end":{"line":97,"column":3}},"line":78},"9":{"name":"(anonymous_9)","decl":{"start":{"line":85,"column":44},"end":{"line":85,"column":45}},"loc":{"start":{"line":85,"column":62},"end":{"line":92,"column":5}},"line":85},"10":{"name":"(anonymous_10)","decl":{"start":{"line":99,"column":2},"end":{"line":99,"column":3}},"loc":{"start":{"line":99,"column":18},"end":{"line":101,"column":3}},"line":99},"11":{"name":"(anonymous_11)","decl":{"start":{"line":103,"column":2},"end":{"line":103,"column":3}},"loc":{"start":{"line":103,"column":25},"end":{"line":111,"column":3}},"line":103},"12":{"name":"(anonymous_12)","decl":{"start":{"line":114,"column":2},"end":{"line":114,"column":3}},"loc":{"start":{"line":114,"column":24},"end":{"line":117,"column":3}},"line":114},"13":{"name":"(anonymous_13)","decl":{"start":{"line":119,"column":2},"end":{"line":119,"column":3}},"loc":{"start":{"line":119,"column":29},"end":{"line":128,"column":3}},"line":119},"14":{"name":"(anonymous_14)","decl":{"start":{"line":130,"column":2},"end":{"line":130,"column":3}},"loc":{"start":{"line":130,"column":33},"end":{"line":176,"column":3}},"line":130},"15":{"name":"(anonymous_15)","decl":{"start":{"line":178,"column":2},"end":{"line":178,"column":3}},"loc":{"start":{"line":178,"column":18},"end":{"line":207,"column":3}},"line":178}},"branchMap":{"0":{"loc":{"start":{"line":86,"column":6},"end":{"line":88,"column":7}},"type":"if","locations":[{"start":{"line":86,"column":6},"end":{"line":88,"column":7}},{"start":{"line":86,"column":6},"end":{"line":88,"column":7}}],"line":86}},"s":{"0":1,"1":1,"2":1,"3":1,"4":0,"5":1,"6":0,"7":0,"8":0,"9":0,"10":0,"11":0,"12":0,"13":0,"14":0,"15":0,"16":0,"17":0,"18":0,"19":0,"20":0,"21":0,"22":0,"23":0,"24":0,"25":0,"26":0,"27":0,"28":0,"29":0,"30":0,"31":0,"32":0,"33":0,"34":0,"35":0,"36":0,"37":0,"38":0,"39":0,"40":0,"41":0,"42":0,"43":0,"44":0,"45":0},"f":{"0":0,"1":1,"2":0,"3":0,"4":0,"5":0,"6":0,"7":0,"8":0,"9":0,"10":0,"11":0,"12":0,"13":0,"14":0,"15":0},"b":{"0":[0,0]},"_coverageSchema":"1a1c01bbd47fc00a2c39e90264f33305004495a9","hash":"4dcfb81323e6b44a5b6a0b2c213e8b058104549d"}
,"D:\\Users\\Batz\\Documents\\IFSP\\5º Semestre\\PI1A5\\back-end\\LabTrip\\src\\agencias\\AgenciaMiddleware.js": {"path":"D:\\Users\\Batz\\Documents\\IFSP\\5º Semestre\\PI1A5\\back-end\\LabTrip\\src\\agencias\\AgenciaMiddleware.js","statementMap":{"0":{"start":{"line":4,"column":6},"end":{"line":4,"column":49}},"1":{"start":{"line":8,"column":22},"end":{"line":8,"column":76}},"2":{"start":{"line":9,"column":6},"end":{"line":11,"column":7}},"3":{"start":{"line":10,"column":8},"end":{"line":10,"column":71}},"4":{"start":{"line":12,"column":6},"end":{"line":12,"column":28}},"5":{"start":{"line":13,"column":6},"end":{"line":13,"column":13}}},"fnMap":{"0":{"name":"(anonymous_0)","decl":{"start":{"line":3,"column":4},"end":{"line":3,"column":5}},"loc":{"start":{"line":3,"column":34},"end":{"line":5,"column":5}},"line":3},"1":{"name":"(anonymous_1)","decl":{"start":{"line":7,"column":4},"end":{"line":7,"column":5}},"loc":{"start":{"line":7,"column":39},"end":{"line":14,"column":5}},"line":7}},"branchMap":{"0":{"loc":{"start":{"line":9,"column":6},"end":{"line":11,"column":7}},"type":"if","locations":[{"start":{"line":9,"column":6},"end":{"line":11,"column":7}},{"start":{"line":9,"column":6},"end":{"line":11,"column":7}}],"line":9}},"s":{"0":1,"1":0,"2":0,"3":0,"4":0,"5":0},"f":{"0":1,"1":0},"b":{"0":[0,0]},"_coverageSchema":"1a1c01bbd47fc00a2c39e90264f33305004495a9","hash":"7adf24fbb89ff2d88cf6b32e46d9c4f7744f6d0d"}
,"D:\\Users\\Batz\\Documents\\IFSP\\5º Semestre\\PI1A5\\back-end\\LabTrip\\src\\agencias\\AgenciaRepository.js": {"path":"D:\\Users\\Batz\\Documents\\IFSP\\5º Semestre\\PI1A5\\back-end\\LabTrip\\src\\agencias\\AgenciaRepository.js","statementMap":{"0":{"start":{"line":3,"column":6},"end":{"line":3,"column":27}},"1":{"start":{"line":7,"column":6},"end":{"line":7,"column":42}},"2":{"start":{"line":11,"column":25},"end":{"line":13,"column":23}},"3":{"start":{"line":15,"column":8},"end":{"line":15,"column":24}},"4":{"start":{"line":19,"column":25},"end":{"line":25,"column":23}},"5":{"start":{"line":27,"column":8},"end":{"line":27,"column":24}},"6":{"start":{"line":31,"column":6},"end":{"line":32,"column":60}},"7":{"start":{"line":36,"column":6},"end":{"line":39,"column":18}},"8":{"start":{"line":43,"column":6},"end":{"line":44,"column":46}},"9":{"start":{"line":48,"column":25},"end":{"line":54,"column":23}},"10":{"start":{"line":56,"column":8},"end":{"line":56,"column":24}},"11":{"start":{"line":60,"column":6},"end":{"line":64,"column":10}}},"fnMap":{"0":{"name":"(anonymous_0)","decl":{"start":{"line":2,"column":4},"end":{"line":2,"column":5}},"loc":{"start":{"line":2,"column":23},"end":{"line":4,"column":5}},"line":2},"1":{"name":"(anonymous_1)","decl":{"start":{"line":6,"column":4},"end":{"line":6,"column":5}},"loc":{"start":{"line":6,"column":22},"end":{"line":8,"column":5}},"line":6},"2":{"name":"(anonymous_2)","decl":{"start":{"line":10,"column":4},"end":{"line":10,"column":5}},"loc":{"start":{"line":10,"column":24},"end":{"line":16,"column":5}},"line":10},"3":{"name":"(anonymous_3)","decl":{"start":{"line":18,"column":4},"end":{"line":18,"column":5}},"loc":{"start":{"line":18,"column":48},"end":{"line":28,"column":5}},"line":18},"4":{"name":"(anonymous_4)","decl":{"start":{"line":30,"column":4},"end":{"line":30,"column":5}},"loc":{"start":{"line":30,"column":45},"end":{"line":33,"column":5}},"line":30},"5":{"name":"(anonymous_5)","decl":{"start":{"line":35,"column":4},"end":{"line":35,"column":5}},"loc":{"start":{"line":35,"column":57},"end":{"line":40,"column":5}},"line":35},"6":{"name":"(anonymous_6)","decl":{"start":{"line":42,"column":4},"end":{"line":42,"column":5}},"loc":{"start":{"line":42,"column":24},"end":{"line":45,"column":5}},"line":42},"7":{"name":"(anonymous_7)","decl":{"start":{"line":47,"column":4},"end":{"line":47,"column":5}},"loc":{"start":{"line":47,"column":27},"end":{"line":57,"column":5}},"line":47},"8":{"name":"(anonymous_8)","decl":{"start":{"line":59,"column":4},"end":{"line":59,"column":5}},"loc":{"start":{"line":59,"column":25},"end":{"line":65,"column":5}},"line":59}},"branchMap":{},"s":{"0":1,"1":0,"2":0,"3":0,"4":0,"5":0,"6":0,"7":0,"8":0,"9":0,"10":0,"11":0},"f":{"0":1,"1":0,"2":0,"3":0,"4":0,"5":0,"6":0,"7":0,"8":0},"b":{},"_coverageSchema":"1a1c01bbd47fc00a2c39e90264f33305004495a9","hash":"815f624301ab87ce5955ae40c0ccb8f1d0b355b0"}
,"D:\\Users\\Batz\\Documents\\IFSP\\5º Semestre\\PI1A5\\back-end\\LabTrip\\src\\agencias\\AgenciaRouter.js": {"path":"D:\\Users\\Batz\\Documents\\IFSP\\5º Semestre\\PI1A5\\back-end\\LabTrip\\src\\agencias\\AgenciaRouter.js","statementMap":{"0":{"start":{"line":10,"column":17},"end":{"line":10,"column":33}},"1":{"start":{"line":12,"column":28},"end":{"line":12,"column":57}},"2":{"start":{"line":14,"column":28},"end":{"line":14,"column":68}},"3":{"start":{"line":15,"column":28},"end":{"line":15,"column":68}},"4":{"start":{"line":17,"column":26},"end":{"line":17,"column":53}},"5":{"start":{"line":18,"column":26},"end":{"line":18,"column":62}},"6":{"start":{"line":20,"column":2},"end":{"line":23,"column":58}},"7":{"start":{"line":21,"column":28},"end":{"line":21,"column":70}},"8":{"start":{"line":22,"column":22},"end":{"line":22,"column":60}},"9":{"start":{"line":23,"column":23},"end":{"line":23,"column":56}},"10":{"start":{"line":25,"column":2},"end":{"line":27,"column":75}},"11":{"start":{"line":26,"column":29},"end":{"line":26,"column":71}},"12":{"start":{"line":27,"column":24},"end":{"line":27,"column":74}},"13":{"start":{"line":29,"column":2},"end":{"line":30,"column":75}},"14":{"start":{"line":30,"column":23},"end":{"line":30,"column":74}},"15":{"start":{"line":32,"column":2},"end":{"line":34,"column":80}},"16":{"start":{"line":33,"column":29},"end":{"line":33,"column":71}},"17":{"start":{"line":34,"column":26},"end":{"line":34,"column":79}},"18":{"start":{"line":36,"column":2},"end":{"line":39,"column":69}},"19":{"start":{"line":37,"column":29},"end":{"line":37,"column":71}},"20":{"start":{"line":38,"column":29},"end":{"line":38,"column":76}},"21":{"start":{"line":39,"column":23},"end":{"line":39,"column":68}},"22":{"start":{"line":41,"column":2},"end":{"line":46,"column":62}},"23":{"start":{"line":42,"column":29},"end":{"line":42,"column":71}},"24":{"start":{"line":43,"column":29},"end":{"line":43,"column":76}},"25":{"start":{"line":44,"column":23},"end":{"line":44,"column":57}},"26":{"start":{"line":45,"column":23},"end":{"line":45,"column":59}},"27":{"start":{"line":46,"column":26},"end":{"line":46,"column":60}},"28":{"start":{"line":48,"column":2},"end":{"line":48,"column":16}}},"fnMap":{"0":{"name":"defineAgenciaRouter","decl":{"start":{"line":9,"column":24},"end":{"line":9,"column":43}},"loc":{"start":{"line":9,"column":45},"end":{"line":49,"column":1}},"line":9},"1":{"name":"(anonymous_1)","decl":{"start":{"line":21,"column":8},"end":{"line":21,"column":9}},"loc":{"start":{"line":21,"column":28},"end":{"line":21,"column":70}},"line":21},"2":{"name":"(anonymous_2)","decl":{"start":{"line":22,"column":8},"end":{"line":22,"column":9}},"loc":{"start":{"line":22,"column":22},"end":{"line":22,"column":60}},"line":22},"3":{"name":"(anonymous_3)","decl":{"start":{"line":23,"column":9},"end":{"line":23,"column":10}},"loc":{"start":{"line":23,"column":23},"end":{"line":23,"column":56}},"line":23},"4":{"name":"(anonymous_4)","decl":{"start":{"line":26,"column":9},"end":{"line":26,"column":10}},"loc":{"start":{"line":26,"column":29},"end":{"line":26,"column":71}},"line":26},"5":{"name":"(anonymous_5)","decl":{"start":{"line":27,"column":10},"end":{"line":27,"column":11}},"loc":{"start":{"line":27,"column":24},"end":{"line":27,"column":74}},"line":27},"6":{"name":"(anonymous_6)","decl":{"start":{"line":30,"column":9},"end":{"line":30,"column":10}},"loc":{"start":{"line":30,"column":23},"end":{"line":30,"column":74}},"line":30},"7":{"name":"(anonymous_7)","decl":{"start":{"line":33,"column":9},"end":{"line":33,"column":10}},"loc":{"start":{"line":33,"column":29},"end":{"line":33,"column":71}},"line":33},"8":{"name":"(anonymous_8)","decl":{"start":{"line":34,"column":12},"end":{"line":34,"column":13}},"loc":{"start":{"line":34,"column":26},"end":{"line":34,"column":79}},"line":34},"9":{"name":"(anonymous_9)","decl":{"start":{"line":37,"column":9},"end":{"line":37,"column":10}},"loc":{"start":{"line":37,"column":29},"end":{"line":37,"column":71}},"line":37},"10":{"name":"(anonymous_10)","decl":{"start":{"line":38,"column":9},"end":{"line":38,"column":10}},"loc":{"start":{"line":38,"column":29},"end":{"line":38,"column":76}},"line":38},"11":{"name":"(anonymous_11)","decl":{"start":{"line":39,"column":9},"end":{"line":39,"column":10}},"loc":{"start":{"line":39,"column":23},"end":{"line":39,"column":68}},"line":39},"12":{"name":"(anonymous_12)","decl":{"start":{"line":42,"column":9},"end":{"line":42,"column":10}},"loc":{"start":{"line":42,"column":29},"end":{"line":42,"column":71}},"line":42},"13":{"name":"(anonymous_13)","decl":{"start":{"line":43,"column":9},"end":{"line":43,"column":10}},"loc":{"start":{"line":43,"column":29},"end":{"line":43,"column":76}},"line":43},"14":{"name":"(anonymous_14)","decl":{"start":{"line":44,"column":9},"end":{"line":44,"column":10}},"loc":{"start":{"line":44,"column":23},"end":{"line":44,"column":57}},"line":44},"15":{"name":"(anonymous_15)","decl":{"start":{"line":45,"column":9},"end":{"line":45,"column":10}},"loc":{"start":{"line":45,"column":23},"end":{"line":45,"column":59}},"line":45},"16":{"name":"(anonymous_16)","decl":{"start":{"line":46,"column":12},"end":{"line":46,"column":13}},"loc":{"start":{"line":46,"column":26},"end":{"line":46,"column":60}},"line":46}},"branchMap":{},"s":{"0":1,"1":1,"2":1,"3":1,"4":1,"5":1,"6":1,"7":0,"8":0,"9":0,"10":1,"11":0,"12":0,"13":1,"14":0,"15":1,"16":0,"17":0,"18":1,"19":0,"20":0,"21":0,"22":1,"23":0,"24":0,"25":0,"26":0,"27":0,"28":1},"f":{"0":1,"1":0,"2":0,"3":0,"4":0,"5":0,"6":0,"7":0,"8":0,"9":0,"10":0,"11":0,"12":0,"13":0,"14":0,"15":0,"16":0},"b":{},"_coverageSchema":"1a1c01bbd47fc00a2c39e90264f33305004495a9","hash":"45ac26da1f593a1dd3646f3751448831a756f09f"}
,"D:\\Users\\Batz\\Documents\\IFSP\\5º Semestre\\PI1A5\\back-end\\LabTrip\\src\\atividades\\Atividade.js": {"path":"D:\\Users\\Batz\\Documents\\IFSP\\5º Semestre\\PI1A5\\back-end\\LabTrip\\src\\atividades\\Atividade.js","statementMap":{"0":{"start":{"line":6,"column":6},"end":{"line":6,"column":19}},"1":{"start":{"line":7,"column":6},"end":{"line":7,"column":33}},"2":{"start":{"line":8,"column":6},"end":{"line":8,"column":29}},"3":{"start":{"line":9,"column":6},"end":{"line":9,"column":33}},"4":{"start":{"line":10,"column":6},"end":{"line":10,"column":47}},"5":{"start":{"line":11,"column":6},"end":{"line":11,"column":48}},"6":{"start":{"line":12,"column":6},"end":{"line":12,"column":29}}},"fnMap":{"0":{"name":"(anonymous_0)","decl":{"start":{"line":4,"column":2},"end":{"line":4,"column":3}},"loc":{"start":{"line":4,"column":66},"end":{"line":13,"column":3}},"line":4}},"branchMap":{"0":{"loc":{"start":{"line":4,"column":36},"end":{"line":4,"column":50}},"type":"default-arg","locations":[{"start":{"line":4,"column":46},"end":{"line":4,"column":50}}],"line":4},"1":{"loc":{"start":{"line":4,"column":52},"end":{"line":4,"column":65}},"type":"default-arg","locations":[{"start":{"line":4,"column":57},"end":{"line":4,"column":65}}],"line":4}},"s":{"0":0,"1":0,"2":0,"3":0,"4":0,"5":0,"6":0},"f":{"0":0},"b":{"0":[0],"1":[0]},"_coverageSchema":"1a1c01bbd47fc00a2c39e90264f33305004495a9","hash":"316e97fcb319f35a49199449445c97f121740f16"}
,"D:\\Users\\Batz\\Documents\\IFSP\\5º Semestre\\PI1A5\\back-end\\LabTrip\\src\\atividades\\AtividadeController.js": {"path":"D:\\Users\\Batz\\Documents\\IFSP\\5º Semestre\\PI1A5\\back-end\\LabTrip\\src\\atividades\\AtividadeController.js","statementMap":{"0":{"start":{"line":4,"column":27},"end":{"line":15,"column":4}},"1":{"start":{"line":4,"column":43},"end":{"line":15,"column":3}},"2":{"start":{"line":20,"column":6},"end":{"line":20,"column":53}},"3":{"start":{"line":25,"column":25},"end":{"line":25,"column":68}},"4":{"start":{"line":26,"column":6},"end":{"line":26,"column":71}},"5":{"start":{"line":26,"column":47},"end":{"line":26,"column":68}},"6":{"start":{"line":30,"column":39},"end":{"line":30,"column":44}},"7":{"start":{"line":31,"column":25},"end":{"line":31,"column":136}},"8":{"start":{"line":32,"column":6},"end":{"line":32,"column":67}},"9":{"start":{"line":36,"column":53},"end":{"line":36,"column":61}},"10":{"start":{"line":38,"column":25},"end":{"line":38,"column":53}},"11":{"start":{"line":40,"column":24},"end":{"line":40,"column":74}},"12":{"start":{"line":42,"column":6},"end":{"line":42,"column":54}},"13":{"start":{"line":43,"column":6},"end":{"line":43,"column":58}},"14":{"start":{"line":47,"column":6},"end":{"line":47,"column":32}},"15":{"start":{"line":48,"column":6},"end":{"line":48,"column":69}},"16":{"start":{"line":52,"column":20},"end":{"line":52,"column":69}},"17":{"start":{"line":53,"column":6},"end":{"line":53,"column":19}},"18":{"start":{"line":57,"column":34},"end":{"line":57,"column":42}},"19":{"start":{"line":58,"column":24},"end":{"line":58,"column":75}},"20":{"start":{"line":59,"column":20},"end":{"line":59,"column":51}},"21":{"start":{"line":60,"column":6},"end":{"line":66,"column":7}},"22":{"start":{"line":61,"column":36},"end":{"line":61,"column":86}},"23":{"start":{"line":62,"column":8},"end":{"line":62,"column":77}},"24":{"start":{"line":65,"column":8},"end":{"line":65,"column":75}},"25":{"start":{"line":70,"column":6},"end":{"line":70,"column":59}},"26":{"start":{"line":71,"column":6},"end":{"line":71,"column":35}}},"fnMap":{"0":{"name":"(anonymous_0)","decl":{"start":{"line":4,"column":27},"end":{"line":4,"column":28}},"loc":{"start":{"line":4,"column":43},"end":{"line":15,"column":3}},"line":4},"1":{"name":"(anonymous_1)","decl":{"start":{"line":19,"column":4},"end":{"line":19,"column":5}},"loc":{"start":{"line":19,"column":37},"end":{"line":21,"column":5}},"line":19},"2":{"name":"(anonymous_2)","decl":{"start":{"line":24,"column":4},"end":{"line":24,"column":5}},"loc":{"start":{"line":24,"column":31},"end":{"line":27,"column":5}},"line":24},"3":{"name":"(anonymous_3)","decl":{"start":{"line":26,"column":42},"end":{"line":26,"column":43}},"loc":{"start":{"line":26,"column":47},"end":{"line":26,"column":68}},"line":26},"4":{"name":"(anonymous_4)","decl":{"start":{"line":29,"column":4},"end":{"line":29,"column":5}},"loc":{"start":{"line":29,"column":27},"end":{"line":33,"column":5}},"line":29},"5":{"name":"(anonymous_5)","decl":{"start":{"line":35,"column":4},"end":{"line":35,"column":5}},"loc":{"start":{"line":35,"column":25},"end":{"line":44,"column":5}},"line":35},"6":{"name":"(anonymous_6)","decl":{"start":{"line":46,"column":4},"end":{"line":46,"column":5}},"loc":{"start":{"line":46,"column":20},"end":{"line":49,"column":5}},"line":46},"7":{"name":"(anonymous_7)","decl":{"start":{"line":51,"column":4},"end":{"line":51,"column":5}},"loc":{"start":{"line":51,"column":24},"end":{"line":54,"column":5}},"line":51},"8":{"name":"(anonymous_8)","decl":{"start":{"line":56,"column":4},"end":{"line":56,"column":5}},"loc":{"start":{"line":56,"column":27},"end":{"line":67,"column":5}},"line":56},"9":{"name":"(anonymous_9)","decl":{"start":{"line":69,"column":4},"end":{"line":69,"column":5}},"loc":{"start":{"line":69,"column":26},"end":{"line":72,"column":5}},"line":69}},"branchMap":{"0":{"loc":{"start":{"line":60,"column":6},"end":{"line":66,"column":7}},"type":"if","locations":[{"start":{"line":60,"column":6},"end":{"line":66,"column":7}},{"start":{"line":60,"column":6},"end":{"line":66,"column":7}}],"line":60}},"s":{"0":1,"1":0,"2":1,"3":0,"4":0,"5":0,"6":0,"7":0,"8":0,"9":0,"10":0,"11":0,"12":0,"13":0,"14":0,"15":0,"16":0,"17":0,"18":0,"19":0,"20":0,"21":0,"22":0,"23":0,"24":0,"25":0,"26":0},"f":{"0":0,"1":1,"2":0,"3":0,"4":0,"5":0,"6":0,"7":0,"8":0,"9":0},"b":{"0":[0,0]},"_coverageSchema":"1a1c01bbd47fc00a2c39e90264f33305004495a9","hash":"0eaf603b37049cdc2851b05d13e2a20912a67f25"}
,"D:\\Users\\Batz\\Documents\\IFSP\\5º Semestre\\PI1A5\\back-end\\LabTrip\\src\\atividades\\AtividadeMiddleware.js": {"path":"D:\\Users\\Batz\\Documents\\IFSP\\5º Semestre\\PI1A5\\back-end\\LabTrip\\src\\atividades\\AtividadeMiddleware.js","statementMap":{"0":{"start":{"line":4,"column":6},"end":{"line":4,"column":53}},"1":{"start":{"line":8,"column":24},"end":{"line":8,"column":80}},"2":{"start":{"line":9,"column":6},"end":{"line":11,"column":7}},"3":{"start":{"line":10,"column":8},"end":{"line":10,"column":73}},"4":{"start":{"line":12,"column":6},"end":{"line":12,"column":32}},"5":{"start":{"line":13,"column":6},"end":{"line":13,"column":13}}},"fnMap":{"0":{"name":"(anonymous_0)","decl":{"start":{"line":3,"column":4},"end":{"line":3,"column":5}},"loc":{"start":{"line":3,"column":36},"end":{"line":5,"column":5}},"line":3},"1":{"name":"(anonymous_1)","decl":{"start":{"line":7,"column":4},"end":{"line":7,"column":5}},"loc":{"start":{"line":7,"column":41},"end":{"line":14,"column":5}},"line":7}},"branchMap":{"0":{"loc":{"start":{"line":9,"column":6},"end":{"line":11,"column":7}},"type":"if","locations":[{"start":{"line":9,"column":6},"end":{"line":11,"column":7}},{"start":{"line":9,"column":6},"end":{"line":11,"column":7}}],"line":9}},"s":{"0":1,"1":0,"2":0,"3":0,"4":0,"5":0},"f":{"0":1,"1":0},"b":{"0":[0,0]},"_coverageSchema":"1a1c01bbd47fc00a2c39e90264f33305004495a9","hash":"67c543fdb1d27cf2f5c70dbefe5ff0c2d8ca1913"}
,"D:\\Users\\Batz\\Documents\\IFSP\\5º Semestre\\PI1A5\\back-end\\LabTrip\\src\\atividades\\AtividadeRepository.js": {"path":"D:\\Users\\Batz\\Documents\\IFSP\\5º Semestre\\PI1A5\\back-end\\LabTrip\\src\\atividades\\AtividadeRepository.js","statementMap":{"0":{"start":{"line":3,"column":6},"end":{"line":3,"column":27}},"1":{"start":{"line":7,"column":6},"end":{"line":8,"column":59}},"2":{"start":{"line":12,"column":25},"end":{"line":14,"column":23}},"3":{"start":{"line":16,"column":8},"end":{"line":16,"column":24}},"4":{"start":{"line":20,"column":25},"end":{"line":29,"column":23}},"5":{"start":{"line":31,"column":8},"end":{"line":31,"column":24}},"6":{"start":{"line":35,"column":6},"end":{"line":36,"column":46}},"7":{"start":{"line":40,"column":6},"end":{"line":42,"column":54}},"8":{"start":{"line":46,"column":25},"end":{"line":53,"column":23}},"9":{"start":{"line":55,"column":8},"end":{"line":55,"column":24}},"10":{"start":{"line":59,"column":6},"end":{"line":63,"column":11}}},"fnMap":{"0":{"name":"(anonymous_0)","decl":{"start":{"line":2,"column":4},"end":{"line":2,"column":5}},"loc":{"start":{"line":2,"column":23},"end":{"line":4,"column":5}},"line":2},"1":{"name":"(anonymous_1)","decl":{"start":{"line":6,"column":4},"end":{"line":6,"column":5}},"loc":{"start":{"line":6,"column":22},"end":{"line":9,"column":5}},"line":6},"2":{"name":"(anonymous_2)","decl":{"start":{"line":11,"column":4},"end":{"line":11,"column":5}},"loc":{"start":{"line":11,"column":26},"end":{"line":17,"column":5}},"line":11},"3":{"name":"(anonymous_3)","decl":{"start":{"line":19,"column":4},"end":{"line":19,"column":5}},"loc":{"start":{"line":19,"column":27},"end":{"line":32,"column":5}},"line":19},"4":{"name":"(anonymous_4)","decl":{"start":{"line":34,"column":4},"end":{"line":34,"column":5}},"loc":{"start":{"line":34,"column":29},"end":{"line":37,"column":5}},"line":34},"5":{"name":"(anonymous_5)","decl":{"start":{"line":39,"column":4},"end":{"line":39,"column":5}},"loc":{"start":{"line":39,"column":24},"end":{"line":43,"column":5}},"line":39},"6":{"name":"(anonymous_6)","decl":{"start":{"line":45,"column":4},"end":{"line":45,"column":5}},"loc":{"start":{"line":45,"column":29},"end":{"line":56,"column":5}},"line":45},"7":{"name":"(anonymous_7)","decl":{"start":{"line":58,"column":4},"end":{"line":58,"column":5}},"loc":{"start":{"line":58,"column":27},"end":{"line":64,"column":5}},"line":58}},"branchMap":{},"s":{"0":1,"1":0,"2":0,"3":0,"4":0,"5":0,"6":0,"7":0,"8":0,"9":0,"10":0},"f":{"0":1,"1":0,"2":0,"3":0,"4":0,"5":0,"6":0,"7":0},"b":{},"_coverageSchema":"1a1c01bbd47fc00a2c39e90264f33305004495a9","hash":"df700bb79d2fd74fc6c7279ce2e2c397f4819e52"}
,"D:\\Users\\Batz\\Documents\\IFSP\\5º Semestre\\PI1A5\\back-end\\LabTrip\\src\\atividades\\AtividadeRouter.js": {"path":"D:\\Users\\Batz\\Documents\\IFSP\\5º Semestre\\PI1A5\\back-end\\LabTrip\\src\\atividades\\AtividadeRouter.js","statementMap":{"0":{"start":{"line":10,"column":17},"end":{"line":10,"column":33}},"1":{"start":{"line":12,"column":30},"end":{"line":12,"column":61}},"2":{"start":{"line":13,"column":30},"end":{"line":13,"column":74}},"3":{"start":{"line":14,"column":30},"end":{"line":14,"column":74}},"4":{"start":{"line":16,"column":26},"end":{"line":16,"column":53}},"5":{"start":{"line":17,"column":26},"end":{"line":17,"column":62}},"6":{"start":{"line":19,"column":2},"end":{"line":22,"column":60}},"7":{"start":{"line":20,"column":28},"end":{"line":20,"column":70}},"8":{"start":{"line":21,"column":22},"end":{"line":21,"column":62}},"9":{"start":{"line":22,"column":23},"end":{"line":22,"column":58}},"10":{"start":{"line":24,"column":2},"end":{"line":29,"column":64}},"11":{"start":{"line":25,"column":29},"end":{"line":25,"column":71}},"12":{"start":{"line":26,"column":29},"end":{"line":26,"column":80}},"13":{"start":{"line":27,"column":23},"end":{"line":27,"column":59}},"14":{"start":{"line":28,"column":23},"end":{"line":28,"column":61}},"15":{"start":{"line":29,"column":26},"end":{"line":29,"column":62}},"16":{"start":{"line":31,"column":2},"end":{"line":31,"column":16}}},"fnMap":{"0":{"name":"defineAtividadeRouter","decl":{"start":{"line":9,"column":24},"end":{"line":9,"column":45}},"loc":{"start":{"line":9,"column":47},"end":{"line":32,"column":1}},"line":9},"1":{"name":"(anonymous_1)","decl":{"start":{"line":20,"column":8},"end":{"line":20,"column":9}},"loc":{"start":{"line":20,"column":28},"end":{"line":20,"column":70}},"line":20},"2":{"name":"(anonymous_2)","decl":{"start":{"line":21,"column":8},"end":{"line":21,"column":9}},"loc":{"start":{"line":21,"column":22},"end":{"line":21,"column":62}},"line":21},"3":{"name":"(anonymous_3)","decl":{"start":{"line":22,"column":9},"end":{"line":22,"column":10}},"loc":{"start":{"line":22,"column":23},"end":{"line":22,"column":58}},"line":22},"4":{"name":"(anonymous_4)","decl":{"start":{"line":25,"column":9},"end":{"line":25,"column":10}},"loc":{"start":{"line":25,"column":29},"end":{"line":25,"column":71}},"line":25},"5":{"name":"(anonymous_5)","decl":{"start":{"line":26,"column":9},"end":{"line":26,"column":10}},"loc":{"start":{"line":26,"column":29},"end":{"line":26,"column":80}},"line":26},"6":{"name":"(anonymous_6)","decl":{"start":{"line":27,"column":9},"end":{"line":27,"column":10}},"loc":{"start":{"line":27,"column":23},"end":{"line":27,"column":59}},"line":27},"7":{"name":"(anonymous_7)","decl":{"start":{"line":28,"column":9},"end":{"line":28,"column":10}},"loc":{"start":{"line":28,"column":23},"end":{"line":28,"column":61}},"line":28},"8":{"name":"(anonymous_8)","decl":{"start":{"line":29,"column":12},"end":{"line":29,"column":13}},"loc":{"start":{"line":29,"column":26},"end":{"line":29,"column":62}},"line":29}},"branchMap":{},"s":{"0":1,"1":1,"2":1,"3":1,"4":1,"5":1,"6":1,"7":0,"8":0,"9":0,"10":1,"11":0,"12":0,"13":0,"14":0,"15":0,"16":1},"f":{"0":1,"1":0,"2":0,"3":0,"4":0,"5":0,"6":0,"7":0,"8":0},"b":{},"_coverageSchema":"1a1c01bbd47fc00a2c39e90264f33305004495a9","hash":"80662894bbfba39386dbca33cf75481b59b922ac"}
,"D:\\Users\\Batz\\Documents\\IFSP\\5º Semestre\\PI1A5\\back-end\\LabTrip\\src\\locais\\Local.js": {"path":"D:\\Users\\Batz\\Documents\\IFSP\\5º Semestre\\PI1A5\\back-end\\LabTrip\\src\\locais\\Local.js","statementMap":{"0":{"start":{"line":4,"column":4},"end":{"line":4,"column":17}},"1":{"start":{"line":5,"column":4},"end":{"line":5,"column":23}},"2":{"start":{"line":6,"column":4},"end":{"line":6,"column":29}},"3":{"start":{"line":7,"column":4},"end":{"line":7,"column":25}},"4":{"start":{"line":8,"column":4},"end":{"line":8,"column":21}},"5":{"start":{"line":9,"column":4},"end":{"line":9,"column":29}},"6":{"start":{"line":10,"column":4},"end":{"line":10,"column":31}}},"fnMap":{"0":{"name":"(anonymous_0)","decl":{"start":{"line":3,"column":2},"end":{"line":3,"column":3}},"loc":{"start":{"line":3,"column":76},"end":{"line":11,"column":3}},"line":3}},"branchMap":{"0":{"loc":{"start":{"line":3,"column":66},"end":{"line":3,"column":75}},"type":"default-arg","locations":[{"start":{"line":3,"column":71},"end":{"line":3,"column":75}}],"line":3}},"s":{"0":0,"1":0,"2":0,"3":0,"4":0,"5":0,"6":0},"f":{"0":0},"b":{"0":[0]},"_coverageSchema":"1a1c01bbd47fc00a2c39e90264f33305004495a9","hash":"47d5447637c9c4cd5ed1cd2b919fea1f0d95ae58"}
,"D:\\Users\\Batz\\Documents\\IFSP\\5º Semestre\\PI1A5\\back-end\\LabTrip\\src\\locais\\LocalController.js": {"path":"D:\\Users\\Batz\\Documents\\IFSP\\5º Semestre\\PI1A5\\back-end\\LabTrip\\src\\locais\\LocalController.js","statementMap":{"0":{"start":{"line":3,"column":23},"end":{"line":11,"column":4}},"1":{"start":{"line":3,"column":35},"end":{"line":11,"column":3}},"2":{"start":{"line":17,"column":6},"end":{"line":17,"column":45}},"3":{"start":{"line":22,"column":21},"end":{"line":22,"column":60}},"4":{"start":{"line":23,"column":6},"end":{"line":23,"column":63}},"5":{"start":{"line":23,"column":43},"end":{"line":23,"column":60}},"6":{"start":{"line":27,"column":39},"end":{"line":27,"column":47}},"7":{"start":{"line":28,"column":25},"end":{"line":28,"column":136}},"8":{"start":{"line":29,"column":6},"end":{"line":29,"column":96}},"9":{"start":{"line":33,"column":6},"end":{"line":33,"column":61}},"10":{"start":{"line":37,"column":34},"end":{"line":37,"column":42}},"11":{"start":{"line":38,"column":20},"end":{"line":38,"column":67}},"12":{"start":{"line":40,"column":30},"end":{"line":40,"column":72}},"13":{"start":{"line":41,"column":6},"end":{"line":41,"column":67}},"14":{"start":{"line":46,"column":6},"end":{"line":46,"column":51}},"15":{"start":{"line":47,"column":6},"end":{"line":47,"column":35}}},"fnMap":{"0":{"name":"(anonymous_0)","decl":{"start":{"line":3,"column":23},"end":{"line":3,"column":24}},"loc":{"start":{"line":3,"column":35},"end":{"line":11,"column":3}},"line":3},"1":{"name":"(anonymous_1)","decl":{"start":{"line":16,"column":4},"end":{"line":16,"column":5}},"loc":{"start":{"line":16,"column":33},"end":{"line":18,"column":5}},"line":16},"2":{"name":"(anonymous_2)","decl":{"start":{"line":21,"column":4},"end":{"line":21,"column":5}},"loc":{"start":{"line":21,"column":31},"end":{"line":24,"column":5}},"line":21},"3":{"name":"(anonymous_3)","decl":{"start":{"line":23,"column":38},"end":{"line":23,"column":39}},"loc":{"start":{"line":23,"column":43},"end":{"line":23,"column":60}},"line":23},"4":{"name":"(anonymous_4)","decl":{"start":{"line":26,"column":4},"end":{"line":26,"column":5}},"loc":{"start":{"line":26,"column":25},"end":{"line":30,"column":5}},"line":26},"5":{"name":"(anonymous_5)","decl":{"start":{"line":32,"column":4},"end":{"line":32,"column":5}},"loc":{"start":{"line":32,"column":20},"end":{"line":34,"column":5}},"line":32},"6":{"name":"(anonymous_6)","decl":{"start":{"line":36,"column":4},"end":{"line":36,"column":5}},"loc":{"start":{"line":36,"column":27},"end":{"line":42,"column":5}},"line":36},"7":{"name":"(anonymous_7)","decl":{"start":{"line":45,"column":4},"end":{"line":45,"column":5}},"loc":{"start":{"line":45,"column":26},"end":{"line":48,"column":5}},"line":45}},"branchMap":{},"s":{"0":1,"1":0,"2":1,"3":0,"4":0,"5":0,"6":0,"7":0,"8":0,"9":0,"10":0,"11":0,"12":0,"13":0,"14":0,"15":0},"f":{"0":0,"1":1,"2":0,"3":0,"4":0,"5":0,"6":0,"7":0},"b":{},"_coverageSchema":"1a1c01bbd47fc00a2c39e90264f33305004495a9","hash":"b3d743c9b6c5cd0128b4b3a3f1d1d80f3ca28299"}
,"D:\\Users\\Batz\\Documents\\IFSP\\5º Semestre\\PI1A5\\back-end\\LabTrip\\src\\locais\\LocalMiddleware.js": {"path":"D:\\Users\\Batz\\Documents\\IFSP\\5º Semestre\\PI1A5\\back-end\\LabTrip\\src\\locais\\LocalMiddleware.js","statementMap":{"0":{"start":{"line":6,"column":6},"end":{"line":6,"column":45}},"1":{"start":{"line":10,"column":20},"end":{"line":10,"column":57}},"2":{"start":{"line":11,"column":6},"end":{"line":13,"column":7}},"3":{"start":{"line":12,"column":8},"end":{"line":12,"column":111}},"4":{"start":{"line":14,"column":6},"end":{"line":14,"column":24}},"5":{"start":{"line":15,"column":6},"end":{"line":15,"column":13}},"6":{"start":{"line":20,"column":6},"end":{"line":32,"column":7}},"7":{"start":{"line":22,"column":10},"end":{"line":22,"column":17}},"8":{"start":{"line":23,"column":10},"end":{"line":23,"column":16}},"9":{"start":{"line":25,"column":10},"end":{"line":25,"column":17}},"10":{"start":{"line":26,"column":10},"end":{"line":26,"column":16}},"11":{"start":{"line":28,"column":10},"end":{"line":28,"column":17}},"12":{"start":{"line":29,"column":10},"end":{"line":29,"column":16}},"13":{"start":{"line":31,"column":10},"end":{"line":31,"column":74}},"14":{"start":{"line":38,"column":6},"end":{"line":44,"column":7}},"15":{"start":{"line":40,"column":10},"end":{"line":40,"column":69}},"16":{"start":{"line":41,"column":10},"end":{"line":41,"column":16}},"17":{"start":{"line":43,"column":10},"end":{"line":43,"column":27}}},"fnMap":{"0":{"name":"(anonymous_0)","decl":{"start":{"line":5,"column":4},"end":{"line":5,"column":5}},"loc":{"start":{"line":5,"column":32},"end":{"line":7,"column":5}},"line":5},"1":{"name":"(anonymous_1)","decl":{"start":{"line":9,"column":4},"end":{"line":9,"column":5}},"loc":{"start":{"line":9,"column":37},"end":{"line":16,"column":5}},"line":9},"2":{"name":"(anonymous_2)","decl":{"start":{"line":18,"column":4},"end":{"line":18,"column":5}},"loc":{"start":{"line":18,"column":40},"end":{"line":34,"column":5}},"line":18},"3":{"name":"(anonymous_3)","decl":{"start":{"line":36,"column":4},"end":{"line":36,"column":5}},"loc":{"start":{"line":36,"column":36},"end":{"line":46,"column":5}},"line":36}},"branchMap":{"0":{"loc":{"start":{"line":11,"column":6},"end":{"line":13,"column":7}},"type":"if","locations":[{"start":{"line":11,"column":6},"end":{"line":13,"column":7}},{"start":{"line":11,"column":6},"end":{"line":13,"column":7}}],"line":11},"1":{"loc":{"start":{"line":20,"column":6},"end":{"line":32,"column":7}},"type":"switch","locations":[{"start":{"line":21,"column":8},"end":{"line":23,"column":16}},{"start":{"line":24,"column":8},"end":{"line":26,"column":16}},{"start":{"line":27,"column":8},"end":{"line":29,"column":16}},{"start":{"line":30,"column":8},"end":{"line":31,"column":74}}],"line":20},"2":{"loc":{"start":{"line":38,"column":6},"end":{"line":44,"column":7}},"type":"switch","locations":[{"start":{"line":39,"column":8},"end":{"line":41,"column":16}},{"start":{"line":42,"column":8},"end":{"line":43,"column":27}}],"line":38}},"s":{"0":1,"1":0,"2":0,"3":0,"4":0,"5":0,"6":0,"7":0,"8":0,"9":0,"10":0,"11":0,"12":0,"13":0,"14":0,"15":0,"16":0,"17":0},"f":{"0":1,"1":0,"2":0,"3":0},"b":{"0":[0,0],"1":[0,0,0,0],"2":[0,0]},"_coverageSchema":"1a1c01bbd47fc00a2c39e90264f33305004495a9","hash":"25276ec7355618df320309750832d6aba9f1c8b8"}
,"D:\\Users\\Batz\\Documents\\IFSP\\5º Semestre\\PI1A5\\back-end\\LabTrip\\src\\locais\\LocalRepository.js": {"path":"D:\\Users\\Batz\\Documents\\IFSP\\5º Semestre\\PI1A5\\back-end\\LabTrip\\src\\locais\\LocalRepository.js","statementMap":{"0":{"start":{"line":3,"column":6},"end":{"line":3,"column":27}},"1":{"start":{"line":7,"column":6},"end":{"line":7,"column":40}},"2":{"start":{"line":11,"column":25},"end":{"line":20,"column":23}},"3":{"start":{"line":22,"column":8},"end":{"line":22,"column":24}},"4":{"start":{"line":26,"column":6},"end":{"line":27,"column":46}},"5":{"start":{"line":31,"column":25},"end":{"line":41,"column":23}},"6":{"start":{"line":43,"column":8},"end":{"line":43,"column":24}},"7":{"start":{"line":47,"column":6},"end":{"line":49,"column":18}}},"fnMap":{"0":{"name":"(anonymous_0)","decl":{"start":{"line":2,"column":4},"end":{"line":2,"column":5}},"loc":{"start":{"line":2,"column":23},"end":{"line":4,"column":5}},"line":2},"1":{"name":"(anonymous_1)","decl":{"start":{"line":6,"column":4},"end":{"line":6,"column":5}},"loc":{"start":{"line":6,"column":22},"end":{"line":8,"column":5}},"line":6},"2":{"name":"(anonymous_2)","decl":{"start":{"line":10,"column":4},"end":{"line":10,"column":5}},"loc":{"start":{"line":10,"column":22},"end":{"line":23,"column":5}},"line":10},"3":{"name":"(anonymous_3)","decl":{"start":{"line":25,"column":4},"end":{"line":25,"column":5}},"loc":{"start":{"line":25,"column":24},"end":{"line":28,"column":5}},"line":25},"4":{"name":"(anonymous_4)","decl":{"start":{"line":30,"column":4},"end":{"line":30,"column":5}},"loc":{"start":{"line":30,"column":25},"end":{"line":44,"column":5}},"line":30},"5":{"name":"(anonymous_5)","decl":{"start":{"line":46,"column":4},"end":{"line":46,"column":5}},"loc":{"start":{"line":46,"column":23},"end":{"line":50,"column":5}},"line":46}},"branchMap":{},"s":{"0":1,"1":0,"2":0,"3":0,"4":0,"5":0,"6":0,"7":0},"f":{"0":1,"1":0,"2":0,"3":0,"4":0,"5":0},"b":{},"_coverageSchema":"1a1c01bbd47fc00a2c39e90264f33305004495a9","hash":"fd6fc165414d9333e53ec7392955e616ea83e6f0"}
,"D:\\Users\\Batz\\Documents\\IFSP\\5º Semestre\\PI1A5\\back-end\\LabTrip\\src\\locais\\LocalRouter.js": {"path":"D:\\Users\\Batz\\Documents\\IFSP\\5º Semestre\\PI1A5\\back-end\\LabTrip\\src\\locais\\LocalRouter.js","statementMap":{"0":{"start":{"line":12,"column":17},"end":{"line":12,"column":33}},"1":{"start":{"line":14,"column":26},"end":{"line":14,"column":53}},"2":{"start":{"line":15,"column":26},"end":{"line":15,"column":62}},"3":{"start":{"line":16,"column":26},"end":{"line":16,"column":62}},"4":{"start":{"line":18,"column":26},"end":{"line":18,"column":53}},"5":{"start":{"line":19,"column":26},"end":{"line":19,"column":62}},"6":{"start":{"line":21,"column":31},"end":{"line":21,"column":63}},"7":{"start":{"line":22,"column":31},"end":{"line":22,"column":77}},"8":{"start":{"line":24,"column":2},"end":{"line":29,"column":56}},"9":{"start":{"line":25,"column":28},"end":{"line":25,"column":70}},"10":{"start":{"line":26,"column":28},"end":{"line":26,"column":75}},"11":{"start":{"line":27,"column":28},"end":{"line":27,"column":74}},"12":{"start":{"line":28,"column":22},"end":{"line":28,"column":58}},"13":{"start":{"line":29,"column":23},"end":{"line":29,"column":54}},"14":{"start":{"line":31,"column":2},"end":{"line":37,"column":60}},"15":{"start":{"line":32,"column":29},"end":{"line":32,"column":71}},"16":{"start":{"line":33,"column":29},"end":{"line":33,"column":76}},"17":{"start":{"line":34,"column":29},"end":{"line":34,"column":72}},"18":{"start":{"line":35,"column":23},"end":{"line":35,"column":55}},"19":{"start":{"line":36,"column":23},"end":{"line":36,"column":57}},"20":{"start":{"line":37,"column":26},"end":{"line":37,"column":58}},"21":{"start":{"line":39,"column":2},"end":{"line":39,"column":16}}},"fnMap":{"0":{"name":"defineLocalRouter","decl":{"start":{"line":11,"column":24},"end":{"line":11,"column":41}},"loc":{"start":{"line":11,"column":43},"end":{"line":40,"column":1}},"line":11},"1":{"name":"(anonymous_1)","decl":{"start":{"line":25,"column":8},"end":{"line":25,"column":9}},"loc":{"start":{"line":25,"column":28},"end":{"line":25,"column":70}},"line":25},"2":{"name":"(anonymous_2)","decl":{"start":{"line":26,"column":8},"end":{"line":26,"column":9}},"loc":{"start":{"line":26,"column":28},"end":{"line":26,"column":75}},"line":26},"3":{"name":"(anonymous_3)","decl":{"start":{"line":27,"column":8},"end":{"line":27,"column":9}},"loc":{"start":{"line":27,"column":28},"end":{"line":27,"column":74}},"line":27},"4":{"name":"(anonymous_4)","decl":{"start":{"line":28,"column":8},"end":{"line":28,"column":9}},"loc":{"start":{"line":28,"column":22},"end":{"line":28,"column":58}},"line":28},"5":{"name":"(anonymous_5)","decl":{"start":{"line":29,"column":9},"end":{"line":29,"column":10}},"loc":{"start":{"line":29,"column":23},"end":{"line":29,"column":54}},"line":29},"6":{"name":"(anonymous_6)","decl":{"start":{"line":32,"column":9},"end":{"line":32,"column":10}},"loc":{"start":{"line":32,"column":29},"end":{"line":32,"column":71}},"line":32},"7":{"name":"(anonymous_7)","decl":{"start":{"line":33,"column":9},"end":{"line":33,"column":10}},"loc":{"start":{"line":33,"column":29},"end":{"line":33,"column":76}},"line":33},"8":{"name":"(anonymous_8)","decl":{"start":{"line":34,"column":9},"end":{"line":34,"column":10}},"loc":{"start":{"line":34,"column":29},"end":{"line":34,"column":72}},"line":34},"9":{"name":"(anonymous_9)","decl":{"start":{"line":35,"column":9},"end":{"line":35,"column":10}},"loc":{"start":{"line":35,"column":23},"end":{"line":35,"column":55}},"line":35},"10":{"name":"(anonymous_10)","decl":{"start":{"line":36,"column":9},"end":{"line":36,"column":10}},"loc":{"start":{"line":36,"column":23},"end":{"line":36,"column":57}},"line":36},"11":{"name":"(anonymous_11)","decl":{"start":{"line":37,"column":12},"end":{"line":37,"column":13}},"loc":{"start":{"line":37,"column":26},"end":{"line":37,"column":58}},"line":37}},"branchMap":{},"s":{"0":1,"1":1,"2":1,"3":1,"4":1,"5":1,"6":1,"7":1,"8":1,"9":0,"10":0,"11":0,"12":0,"13":0,"14":1,"15":0,"16":0,"17":0,"18":0,"19":0,"20":0,"21":1},"f":{"0":1,"1":0,"2":0,"3":0,"4":0,"5":0,"6":0,"7":0,"8":0,"9":0,"10":0,"11":0},"b":{},"_coverageSchema":"1a1c01bbd47fc00a2c39e90264f33305004495a9","hash":"30b51c6aef8fa4d22cdd20e441094649f2a366e6"}
,"D:\\Users\\Batz\\Documents\\IFSP\\5º Semestre\\PI1A5\\back-end\\LabTrip\\src\\login\\Login.js": {"path":"D:\\Users\\Batz\\Documents\\IFSP\\5º Semestre\\PI1A5\\back-end\\LabTrip\\src\\login\\Login.js","statementMap":{"0":{"start":{"line":4,"column":4},"end":{"line":4,"column":17}},"1":{"start":{"line":5,"column":4},"end":{"line":5,"column":23}},"2":{"start":{"line":6,"column":4},"end":{"line":6,"column":29}},"3":{"start":{"line":7,"column":4},"end":{"line":7,"column":23}}},"fnMap":{"0":{"name":"(anonymous_0)","decl":{"start":{"line":3,"column":2},"end":{"line":3,"column":3}},"loc":{"start":{"line":3,"column":41},"end":{"line":8,"column":3}},"line":3}},"branchMap":{},"s":{"0":0,"1":0,"2":0,"3":0},"f":{"0":0},"b":{},"_coverageSchema":"1a1c01bbd47fc00a2c39e90264f33305004495a9","hash":"445554a243d940dc2dc9329dfd9ddf992829380a"}
,"D:\\Users\\Batz\\Documents\\IFSP\\5º Semestre\\PI1A5\\back-end\\LabTrip\\src\\login\\LoginController.js": {"path":"D:\\Users\\Batz\\Documents\\IFSP\\5º Semestre\\PI1A5\\back-end\\LabTrip\\src\\login\\LoginController.js","statementMap":{"0":{"start":{"line":2,"column":12},"end":{"line":2,"column":35}},"1":{"start":{"line":4,"column":27},"end":{"line":4,"column":58}},"2":{"start":{"line":5,"column":19},"end":{"line":5,"column":40}},"3":{"start":{"line":6,"column":0},"end":{"line":6,"column":25}},"4":{"start":{"line":8,"column":18},"end":{"line":19,"column":2}},"5":{"start":{"line":21,"column":23},"end":{"line":30,"column":2}},"6":{"start":{"line":21,"column":37},"end":{"line":30,"column":1}},"7":{"start":{"line":35,"column":4},"end":{"line":35,"column":43}},"8":{"start":{"line":39,"column":26},"end":{"line":39,"column":34}},"9":{"start":{"line":41,"column":20},"end":{"line":41,"column":67}},"10":{"start":{"line":44,"column":4},"end":{"line":67,"column":5}},"11":{"start":{"line":45,"column":6},"end":{"line":46,"column":21}},"12":{"start":{"line":48,"column":9},"end":{"line":67,"column":5}},"13":{"start":{"line":49,"column":25},"end":{"line":54,"column":7}},"14":{"start":{"line":56,"column":6},"end":{"line":59,"column":7}},"15":{"start":{"line":57,"column":28},"end":{"line":57,"column":81}},"16":{"start":{"line":58,"column":8},"end":{"line":58,"column":55}},"17":{"start":{"line":61,"column":20},"end":{"line":61,"column":84}},"18":{"start":{"line":62,"column":26},"end":{"line":62,"column":87}},"19":{"start":{"line":63,"column":6},"end":{"line":63,"column":63}},"20":{"start":{"line":66,"column":6},"end":{"line":66,"column":86}},"21":{"start":{"line":72,"column":18},"end":{"line":72,"column":47}},"22":{"start":{"line":73,"column":4},"end":{"line":83,"column":7}},"23":{"start":{"line":74,"column":8},"end":{"line":76,"column":9}},"24":{"start":{"line":75,"column":10},"end":{"line":75,"column":92}},"25":{"start":{"line":78,"column":8},"end":{"line":78,"column":34}},"26":{"start":{"line":79,"column":8},"end":{"line":79,"column":28}},"27":{"start":{"line":80,"column":8},"end":{"line":80,"column":40}},"28":{"start":{"line":81,"column":8},"end":{"line":81,"column":40}},"29":{"start":{"line":82,"column":8},"end":{"line":82,"column":15}},"30":{"start":{"line":88,"column":20},"end":{"line":88,"column":28}},"31":{"start":{"line":89,"column":30},"end":{"line":89,"column":86}},"32":{"start":{"line":90,"column":20},"end":{"line":90,"column":83}},"33":{"start":{"line":91,"column":4},"end":{"line":91,"column":47}},"34":{"start":{"line":92,"column":4},"end":{"line":92,"column":86}},"35":{"start":{"line":96,"column":39},"end":{"line":96,"column":47}},"36":{"start":{"line":97,"column":18},"end":{"line":97,"column":65}},"37":{"start":{"line":99,"column":4},"end":{"line":104,"column":5}},"38":{"start":{"line":100,"column":6},"end":{"line":100,"column":93}},"39":{"start":{"line":103,"column":6},"end":{"line":103,"column":78}},"40":{"start":{"line":109,"column":46},"end":{"line":109,"column":54}},"41":{"start":{"line":110,"column":18},"end":{"line":110,"column":65}},"42":{"start":{"line":111,"column":4},"end":{"line":117,"column":5}},"43":{"start":{"line":112,"column":6},"end":{"line":112,"column":137}},"44":{"start":{"line":113,"column":6},"end":{"line":113,"column":92}},"45":{"start":{"line":116,"column":6},"end":{"line":116,"column":78}},"46":{"start":{"line":123,"column":4},"end":{"line":128,"column":7}},"47":{"start":{"line":134,"column":18},"end":{"line":174,"column":45}},"48":{"start":{"line":177,"column":4},"end":{"line":177,"column":28}}},"fnMap":{"0":{"name":"(anonymous_0)","decl":{"start":{"line":21,"column":23},"end":{"line":21,"column":24}},"loc":{"start":{"line":21,"column":37},"end":{"line":30,"column":1}},"line":21},"1":{"name":"(anonymous_1)","decl":{"start":{"line":34,"column":2},"end":{"line":34,"column":3}},"loc":{"start":{"line":34,"column":31},"end":{"line":36,"column":3}},"line":34},"2":{"name":"(anonymous_2)","decl":{"start":{"line":38,"column":2},"end":{"line":38,"column":3}},"loc":{"start":{"line":38,"column":27},"end":{"line":69,"column":3}},"line":38},"3":{"name":"(anonymous_3)","decl":{"start":{"line":71,"column":2},"end":{"line":71,"column":3}},"loc":{"start":{"line":71,"column":35},"end":{"line":85,"column":3}},"line":71},"4":{"name":"(anonymous_4)","decl":{"start":{"line":73,"column":42},"end":{"line":73,"column":43}},"loc":{"start":{"line":73,"column":60},"end":{"line":83,"column":5}},"line":73},"5":{"name":"(anonymous_5)","decl":{"start":{"line":87,"column":2},"end":{"line":87,"column":3}},"loc":{"start":{"line":87,"column":28},"end":{"line":93,"column":3}},"line":87},"6":{"name":"(anonymous_6)","decl":{"start":{"line":95,"column":2},"end":{"line":95,"column":3}},"loc":{"start":{"line":95,"column":30},"end":{"line":106,"column":3}},"line":95},"7":{"name":"(anonymous_7)","decl":{"start":{"line":108,"column":2},"end":{"line":108,"column":3}},"loc":{"start":{"line":108,"column":26},"end":{"line":119,"column":3}},"line":108},"8":{"name":"(anonymous_8)","decl":{"start":{"line":121,"column":2},"end":{"line":121,"column":3}},"loc":{"start":{"line":121,"column":39},"end":{"line":130,"column":3}},"line":121},"9":{"name":"(anonymous_9)","decl":{"start":{"line":132,"column":2},"end":{"line":132,"column":3}},"loc":{"start":{"line":132,"column":37},"end":{"line":178,"column":3}},"line":132}},"branchMap":{"0":{"loc":{"start":{"line":44,"column":4},"end":{"line":67,"column":5}},"type":"if","locations":[{"start":{"line":44,"column":4},"end":{"line":67,"column":5}},{"start":{"line":44,"column":4},"end":{"line":67,"column":5}}],"line":44},"1":{"loc":{"start":{"line":48,"column":9},"end":{"line":67,"column":5}},"type":"if","locations":[{"start":{"line":48,"column":9},"end":{"line":67,"column":5}},{"start":{"line":48,"column":9},"end":{"line":67,"column":5}}],"line":48},"2":{"loc":{"start":{"line":56,"column":6},"end":{"line":59,"column":7}},"type":"if","locations":[{"start":{"line":56,"column":6},"end":{"line":59,"column":7}},{"start":{"line":56,"column":6},"end":{"line":59,"column":7}}],"line":56},"3":{"loc":{"start":{"line":56,"column":9},"end":{"line":56,"column":41}},"type":"binary-expr","locations":[{"start":{"line":56,"column":9},"end":{"line":56,"column":16}},{"start":{"line":56,"column":20},"end":{"line":56,"column":41}}],"line":56},"4":{"loc":{"start":{"line":74,"column":8},"end":{"line":76,"column":9}},"type":"if","locations":[{"start":{"line":74,"column":8},"end":{"line":76,"column":9}},{"start":{"line":74,"column":8},"end":{"line":76,"column":9}}],"line":74},"5":{"loc":{"start":{"line":99,"column":4},"end":{"line":104,"column":5}},"type":"if","locations":[{"start":{"line":99,"column":4},"end":{"line":104,"column":5}},{"start":{"line":99,"column":4},"end":{"line":104,"column":5}}],"line":99},"6":{"loc":{"start":{"line":111,"column":4},"end":{"line":117,"column":5}},"type":"if","locations":[{"start":{"line":111,"column":4},"end":{"line":117,"column":5}},{"start":{"line":111,"column":4},"end":{"line":117,"column":5}}],"line":111}},"s":{"0":1,"1":1,"2":1,"3":1,"4":1,"5":1,"6":0,"7":1,"8":0,"9":0,"10":0,"11":0,"12":0,"13":0,"14":0,"15":0,"16":0,"17":0,"18":0,"19":0,"20":0,"21":0,"22":0,"23":0,"24":0,"25":0,"26":0,"27":0,"28":0,"29":0,"30":0,"31":0,"32":0,"33":0,"34":0,"35":0,"36":0,"37":0,"38":0,"39":0,"40":0,"41":0,"42":0,"43":0,"44":0,"45":0,"46":0,"47":0,"48":0},"f":{"0":0,"1":1,"2":0,"3":0,"4":0,"5":0,"6":0,"7":0,"8":0,"9":0},"b":{"0":[0,0],"1":[0,0],"2":[0,0],"3":[0,0],"4":[0,0],"5":[0,0],"6":[0,0]},"_coverageSchema":"1a1c01bbd47fc00a2c39e90264f33305004495a9","hash":"09bf16d5a501ae8bee929d27e73d8a2c1afa11ea"}
,"D:\\Users\\Batz\\Documents\\IFSP\\5º Semestre\\PI1A5\\back-end\\LabTrip\\src\\login\\LoginMiddleware.js": {"path":"D:\\Users\\Batz\\Documents\\IFSP\\5º Semestre\\PI1A5\\back-end\\LabTrip\\src\\login\\LoginMiddleware.js","statementMap":{"0":{"start":{"line":1,"column":12},"end":{"line":1,"column":35}},"1":{"start":{"line":6,"column":6},"end":{"line":6,"column":49}},"2":{"start":{"line":10,"column":22},"end":{"line":10,"column":80}},"3":{"start":{"line":11,"column":6},"end":{"line":13,"column":7}},"4":{"start":{"line":12,"column":8},"end":{"line":12,"column":76}},"5":{"start":{"line":14,"column":6},"end":{"line":14,"column":28}},"6":{"start":{"line":15,"column":6},"end":{"line":15,"column":13}},"7":{"start":{"line":19,"column":20},"end":{"line":19,"column":49}},"8":{"start":{"line":20,"column":6},"end":{"line":26,"column":9}},"9":{"start":{"line":21,"column":10},"end":{"line":23,"column":11}},"10":{"start":{"line":22,"column":12},"end":{"line":22,"column":94}},"11":{"start":{"line":24,"column":10},"end":{"line":24,"column":30}},"12":{"start":{"line":25,"column":10},"end":{"line":25,"column":17}}},"fnMap":{"0":{"name":"(anonymous_0)","decl":{"start":{"line":5,"column":4},"end":{"line":5,"column":5}},"loc":{"start":{"line":5,"column":34},"end":{"line":7,"column":5}},"line":5},"1":{"name":"(anonymous_1)","decl":{"start":{"line":9,"column":4},"end":{"line":9,"column":5}},"loc":{"start":{"line":9,"column":39},"end":{"line":16,"column":5}},"line":9},"2":{"name":"(anonymous_2)","decl":{"start":{"line":18,"column":4},"end":{"line":18,"column":5}},"loc":{"start":{"line":18,"column":37},"end":{"line":28,"column":5}},"line":18},"3":{"name":"(anonymous_3)","decl":{"start":{"line":20,"column":44},"end":{"line":20,"column":45}},"loc":{"start":{"line":20,"column":62},"end":{"line":26,"column":7}},"line":20}},"branchMap":{"0":{"loc":{"start":{"line":11,"column":6},"end":{"line":13,"column":7}},"type":"if","locations":[{"start":{"line":11,"column":6},"end":{"line":13,"column":7}},{"start":{"line":11,"column":6},"end":{"line":13,"column":7}}],"line":11},"1":{"loc":{"start":{"line":21,"column":10},"end":{"line":23,"column":11}},"type":"if","locations":[{"start":{"line":21,"column":10},"end":{"line":23,"column":11}},{"start":{"line":21,"column":10},"end":{"line":23,"column":11}}],"line":21}},"s":{"0":1,"1":7,"2":0,"3":0,"4":0,"5":0,"6":0,"7":0,"8":0,"9":0,"10":0,"11":0,"12":0},"f":{"0":7,"1":0,"2":0,"3":0},"b":{"0":[0,0],"1":[0,0]},"_coverageSchema":"1a1c01bbd47fc00a2c39e90264f33305004495a9","hash":"96e46bb2f62bbd952b53b5222758383a81271797"}
,"D:\\Users\\Batz\\Documents\\IFSP\\5º Semestre\\PI1A5\\back-end\\LabTrip\\src\\login\\LoginRepository.js": {"path":"D:\\Users\\Batz\\Documents\\IFSP\\5º Semestre\\PI1A5\\back-end\\LabTrip\\src\\login\\LoginRepository.js","statementMap":{"0":{"start":{"line":3,"column":6},"end":{"line":3,"column":27}},"1":{"start":{"line":7,"column":6},"end":{"line":8,"column":52}},"2":{"start":{"line":12,"column":25},"end":{"line":16,"column":23}},"3":{"start":{"line":18,"column":6},"end":{"line":18,"column":22}},"4":{"start":{"line":22,"column":6},"end":{"line":23,"column":53}},"5":{"start":{"line":27,"column":25},"end":{"line":33,"column":23}},"6":{"start":{"line":35,"column":6},"end":{"line":35,"column":22}}},"fnMap":{"0":{"name":"(anonymous_0)","decl":{"start":{"line":2,"column":4},"end":{"line":2,"column":5}},"loc":{"start":{"line":2,"column":23},"end":{"line":4,"column":5}},"line":2},"1":{"name":"(anonymous_1)","decl":{"start":{"line":6,"column":4},"end":{"line":6,"column":5}},"loc":{"start":{"line":6,"column":30},"end":{"line":9,"column":5}},"line":6},"2":{"name":"(anonymous_2)","decl":{"start":{"line":11,"column":4},"end":{"line":11,"column":5}},"loc":{"start":{"line":11,"column":46},"end":{"line":19,"column":5}},"line":11},"3":{"name":"(anonymous_3)","decl":{"start":{"line":21,"column":4},"end":{"line":21,"column":5}},"loc":{"start":{"line":21,"column":28},"end":{"line":24,"column":5}},"line":21},"4":{"name":"(anonymous_4)","decl":{"start":{"line":26,"column":4},"end":{"line":26,"column":5}},"loc":{"start":{"line":26,"column":49},"end":{"line":36,"column":5}},"line":26}},"branchMap":{},"s":{"0":7,"1":0,"2":0,"3":0,"4":0,"5":0,"6":0},"f":{"0":7,"1":0,"2":0,"3":0,"4":0},"b":{},"_coverageSchema":"1a1c01bbd47fc00a2c39e90264f33305004495a9","hash":"ffed4ec21574b3646ba10083a24980163224a4f2"}
,"D:\\Users\\Batz\\Documents\\IFSP\\5º Semestre\\PI1A5\\back-end\\LabTrip\\src\\login\\LoginRouter.js": {"path":"D:\\Users\\Batz\\Documents\\IFSP\\5º Semestre\\PI1A5\\back-end\\LabTrip\\src\\login\\LoginRouter.js","statementMap":{"0":{"start":{"line":8,"column":17},"end":{"line":8,"column":33}},"1":{"start":{"line":10,"column":26},"end":{"line":10,"column":53}},"2":{"start":{"line":11,"column":26},"end":{"line":11,"column":62}},"3":{"start":{"line":12,"column":26},"end":{"line":12,"column":62}},"4":{"start":{"line":14,"column":2},"end":{"line":16,"column":60}},"5":{"start":{"line":15,"column":28},"end":{"line":15,"column":73}},"6":{"start":{"line":16,"column":23},"end":{"line":16,"column":58}},"7":{"start":{"line":18,"column":3},"end":{"line":19,"column":62}},"8":{"start":{"line":19,"column":23},"end":{"line":19,"column":60}},"9":{"start":{"line":21,"column":2},"end":{"line":23,"column":59}},"10":{"start":{"line":22,"column":28},"end":{"line":22,"column":73}},"11":{"start":{"line":23,"column":23},"end":{"line":23,"column":57}},"12":{"start":{"line":25,"column":3},"end":{"line":27,"column":61}},"13":{"start":{"line":26,"column":28},"end":{"line":26,"column":73}},"14":{"start":{"line":27,"column":23},"end":{"line":27,"column":59}},"15":{"start":{"line":29,"column":3},"end":{"line":31,"column":63}},"16":{"start":{"line":30,"column":28},"end":{"line":30,"column":73}},"17":{"start":{"line":31,"column":23},"end":{"line":31,"column":61}},"18":{"start":{"line":33,"column":2},"end":{"line":33,"column":16}}},"fnMap":{"0":{"name":"defineLoginRouter","decl":{"start":{"line":7,"column":24},"end":{"line":7,"column":41}},"loc":{"start":{"line":7,"column":43},"end":{"line":34,"column":1}},"line":7},"1":{"name":"(anonymous_1)","decl":{"start":{"line":15,"column":8},"end":{"line":15,"column":9}},"loc":{"start":{"line":15,"column":28},"end":{"line":15,"column":73}},"line":15},"2":{"name":"(anonymous_2)","decl":{"start":{"line":16,"column":9},"end":{"line":16,"column":10}},"loc":{"start":{"line":16,"column":23},"end":{"line":16,"column":58}},"line":16},"3":{"name":"(anonymous_3)","decl":{"start":{"line":19,"column":9},"end":{"line":19,"column":10}},"loc":{"start":{"line":19,"column":23},"end":{"line":19,"column":60}},"line":19},"4":{"name":"(anonymous_4)","decl":{"start":{"line":22,"column":8},"end":{"line":22,"column":9}},"loc":{"start":{"line":22,"column":28},"end":{"line":22,"column":73}},"line":22},"5":{"name":"(anonymous_5)","decl":{"start":{"line":23,"column":9},"end":{"line":23,"column":10}},"loc":{"start":{"line":23,"column":23},"end":{"line":23,"column":57}},"line":23},"6":{"name":"(anonymous_6)","decl":{"start":{"line":26,"column":8},"end":{"line":26,"column":9}},"loc":{"start":{"line":26,"column":28},"end":{"line":26,"column":73}},"line":26},"7":{"name":"(anonymous_7)","decl":{"start":{"line":27,"column":9},"end":{"line":27,"column":10}},"loc":{"start":{"line":27,"column":23},"end":{"line":27,"column":59}},"line":27},"8":{"name":"(anonymous_8)","decl":{"start":{"line":30,"column":8},"end":{"line":30,"column":9}},"loc":{"start":{"line":30,"column":28},"end":{"line":30,"column":73}},"line":30},"9":{"name":"(anonymous_9)","decl":{"start":{"line":31,"column":9},"end":{"line":31,"column":10}},"loc":{"start":{"line":31,"column":23},"end":{"line":31,"column":61}},"line":31}},"branchMap":{},"s":{"0":1,"1":1,"2":1,"3":1,"4":1,"5":0,"6":0,"7":1,"8":0,"9":1,"10":0,"11":0,"12":1,"13":0,"14":0,"15":1,"16":0,"17":0,"18":1},"f":{"0":1,"1":0,"2":0,"3":0,"4":0,"5":0,"6":0,"7":0,"8":0,"9":0},"b":{},"_coverageSchema":"1a1c01bbd47fc00a2c39e90264f33305004495a9","hash":"b7d08a4e59ff0493c6a2b4a46220d99400498bfd"}
,"D:\\Users\\Batz\\Documents\\IFSP\\5º Semestre\\PI1A5\\back-end\\LabTrip\\src\\perfis\\PerfilController.js": {"path":"D:\\Users\\Batz\\Documents\\IFSP\\5º Semestre\\PI1A5\\back-end\\LabTrip\\src\\perfis\\PerfilController.js","statementMap":{"0":{"start":{"line":2,"column":24},"end":{"line":5,"column":2}},"1":{"start":{"line":2,"column":37},"end":{"line":5,"column":1}},"2":{"start":{"line":10,"column":4},"end":{"line":10,"column":45}},"3":{"start":{"line":16,"column":4},"end":{"line":28,"column":5}},"4":{"start":{"line":18,"column":10},"end":{"line":18,"column":60}},"5":{"start":{"line":19,"column":8},"end":{"line":19,"column":14}},"6":{"start":{"line":21,"column":10},"end":{"line":21,"column":69}},"7":{"start":{"line":22,"column":8},"end":{"line":22,"column":14}},"8":{"start":{"line":24,"column":10},"end":{"line":24,"column":67}},"9":{"start":{"line":25,"column":8},"end":{"line":25,"column":14}},"10":{"start":{"line":27,"column":10},"end":{"line":27,"column":82}},"11":{"start":{"line":30,"column":4},"end":{"line":30,"column":62}},"12":{"start":{"line":30,"column":41},"end":{"line":30,"column":59}},"13":{"start":{"line":34,"column":4},"end":{"line":34,"column":61}}},"fnMap":{"0":{"name":"(anonymous_0)","decl":{"start":{"line":2,"column":24},"end":{"line":2,"column":25}},"loc":{"start":{"line":2,"column":37},"end":{"line":5,"column":1}},"line":2},"1":{"name":"(anonymous_1)","decl":{"start":{"line":9,"column":2},"end":{"line":9,"column":3}},"loc":{"start":{"line":9,"column":32},"end":{"line":11,"column":3}},"line":9},"2":{"name":"(anonymous_2)","decl":{"start":{"line":14,"column":2},"end":{"line":14,"column":3}},"loc":{"start":{"line":14,"column":29},"end":{"line":31,"column":3}},"line":14},"3":{"name":"(anonymous_3)","decl":{"start":{"line":30,"column":36},"end":{"line":30,"column":37}},"loc":{"start":{"line":30,"column":41},"end":{"line":30,"column":59}},"line":30},"4":{"name":"(anonymous_4)","decl":{"start":{"line":33,"column":2},"end":{"line":33,"column":3}},"loc":{"start":{"line":33,"column":18},"end":{"line":35,"column":3}},"line":33}},"branchMap":{"0":{"loc":{"start":{"line":16,"column":4},"end":{"line":28,"column":5}},"type":"switch","locations":[{"start":{"line":17,"column":6},"end":{"line":19,"column":14}},{"start":{"line":20,"column":6},"end":{"line":22,"column":14}},{"start":{"line":23,"column":6},"end":{"line":25,"column":14}},{"start":{"line":26,"column":6},"end":{"line":27,"column":82}}],"line":16}},"s":{"0":1,"1":0,"2":1,"3":0,"4":0,"5":0,"6":0,"7":0,"8":0,"9":0,"10":0,"11":0,"12":0,"13":0},"f":{"0":0,"1":1,"2":0,"3":0,"4":0},"b":{"0":[0,0,0,0]},"_coverageSchema":"1a1c01bbd47fc00a2c39e90264f33305004495a9","hash":"9fad873f810fb3af6cc7869bbae4efb12938b683"}
,"D:\\Users\\Batz\\Documents\\IFSP\\5º Semestre\\PI1A5\\back-end\\LabTrip\\src\\perfis\\PerfilMiddleware.js": {"path":"D:\\Users\\Batz\\Documents\\IFSP\\5º Semestre\\PI1A5\\back-end\\LabTrip\\src\\perfis\\PerfilMiddleware.js","statementMap":{"0":{"start":{"line":4,"column":6},"end":{"line":4,"column":47}},"1":{"start":{"line":8,"column":21},"end":{"line":8,"column":59}},"2":{"start":{"line":9,"column":6},"end":{"line":11,"column":7}},"3":{"start":{"line":10,"column":8},"end":{"line":10,"column":110}},"4":{"start":{"line":12,"column":6},"end":{"line":12,"column":26}},"5":{"start":{"line":13,"column":6},"end":{"line":13,"column":13}},"6":{"start":{"line":18,"column":6},"end":{"line":30,"column":7}},"7":{"start":{"line":20,"column":10},"end":{"line":20,"column":17}},"8":{"start":{"line":21,"column":10},"end":{"line":21,"column":16}},"9":{"start":{"line":23,"column":10},"end":{"line":23,"column":17}},"10":{"start":{"line":24,"column":10},"end":{"line":24,"column":16}},"11":{"start":{"line":26,"column":10},"end":{"line":26,"column":17}},"12":{"start":{"line":27,"column":10},"end":{"line":27,"column":16}},"13":{"start":{"line":29,"column":10},"end":{"line":29,"column":74}},"14":{"start":{"line":36,"column":6},"end":{"line":42,"column":7}},"15":{"start":{"line":38,"column":10},"end":{"line":38,"column":70}},"16":{"start":{"line":39,"column":10},"end":{"line":39,"column":16}},"17":{"start":{"line":41,"column":10},"end":{"line":41,"column":27}}},"fnMap":{"0":{"name":"(anonymous_0)","decl":{"start":{"line":3,"column":4},"end":{"line":3,"column":5}},"loc":{"start":{"line":3,"column":33},"end":{"line":5,"column":5}},"line":3},"1":{"name":"(anonymous_1)","decl":{"start":{"line":7,"column":4},"end":{"line":7,"column":5}},"loc":{"start":{"line":7,"column":38},"end":{"line":14,"column":5}},"line":7},"2":{"name":"(anonymous_2)","decl":{"start":{"line":16,"column":4},"end":{"line":16,"column":5}},"loc":{"start":{"line":16,"column":40},"end":{"line":32,"column":5}},"line":16},"3":{"name":"(anonymous_3)","decl":{"start":{"line":34,"column":4},"end":{"line":34,"column":5}},"loc":{"start":{"line":34,"column":37},"end":{"line":44,"column":5}},"line":34}},"branchMap":{"0":{"loc":{"start":{"line":9,"column":6},"end":{"line":11,"column":7}},"type":"if","locations":[{"start":{"line":9,"column":6},"end":{"line":11,"column":7}},{"start":{"line":9,"column":6},"end":{"line":11,"column":7}}],"line":9},"1":{"loc":{"start":{"line":18,"column":6},"end":{"line":30,"column":7}},"type":"switch","locations":[{"start":{"line":19,"column":8},"end":{"line":21,"column":16}},{"start":{"line":22,"column":8},"end":{"line":24,"column":16}},{"start":{"line":25,"column":8},"end":{"line":27,"column":16}},{"start":{"line":28,"column":8},"end":{"line":29,"column":74}}],"line":18},"2":{"loc":{"start":{"line":36,"column":6},"end":{"line":42,"column":7}},"type":"switch","locations":[{"start":{"line":37,"column":8},"end":{"line":39,"column":16}},{"start":{"line":40,"column":8},"end":{"line":41,"column":27}}],"line":36}},"s":{"0":2,"1":0,"2":0,"3":0,"4":0,"5":0,"6":0,"7":0,"8":0,"9":0,"10":0,"11":0,"12":0,"13":0,"14":0,"15":0,"16":0,"17":0},"f":{"0":2,"1":0,"2":0,"3":0},"b":{"0":[0,0],"1":[0,0,0,0],"2":[0,0]},"_coverageSchema":"1a1c01bbd47fc00a2c39e90264f33305004495a9","hash":"009e07b5f76ae2186b359bf147f4edc9f17d5d1c"}
,"D:\\Users\\Batz\\Documents\\IFSP\\5º Semestre\\PI1A5\\back-end\\LabTrip\\src\\perfis\\PerfilRepository.js": {"path":"D:\\Users\\Batz\\Documents\\IFSP\\5º Semestre\\PI1A5\\back-end\\LabTrip\\src\\perfis\\PerfilRepository.js","statementMap":{"0":{"start":{"line":3,"column":6},"end":{"line":3,"column":27}},"1":{"start":{"line":7,"column":6},"end":{"line":7,"column":41}},"2":{"start":{"line":11,"column":6},"end":{"line":12,"column":73}},"3":{"start":{"line":16,"column":6},"end":{"line":17,"column":41}},"4":{"start":{"line":21,"column":6},"end":{"line":22,"column":46}}},"fnMap":{"0":{"name":"(anonymous_0)","decl":{"start":{"line":2,"column":4},"end":{"line":2,"column":5}},"loc":{"start":{"line":2,"column":23},"end":{"line":4,"column":5}},"line":2},"1":{"name":"(anonymous_1)","decl":{"start":{"line":6,"column":4},"end":{"line":6,"column":5}},"loc":{"start":{"line":6,"column":22},"end":{"line":8,"column":5}},"line":6},"2":{"name":"(anonymous_2)","decl":{"start":{"line":10,"column":4},"end":{"line":10,"column":5}},"loc":{"start":{"line":10,"column":31},"end":{"line":13,"column":5}},"line":10},"3":{"name":"(anonymous_3)","decl":{"start":{"line":15,"column":4},"end":{"line":15,"column":5}},"loc":{"start":{"line":15,"column":29},"end":{"line":18,"column":5}},"line":15},"4":{"name":"(anonymous_4)","decl":{"start":{"line":20,"column":4},"end":{"line":20,"column":5}},"loc":{"start":{"line":20,"column":24},"end":{"line":23,"column":5}},"line":20}},"branchMap":{},"s":{"0":2,"1":0,"2":0,"3":0,"4":0},"f":{"0":2,"1":0,"2":0,"3":0,"4":0},"b":{},"_coverageSchema":"1a1c01bbd47fc00a2c39e90264f33305004495a9","hash":"9e7570624caeefc50ed558247b24cd00a6e22f58"}
,"D:\\Users\\Batz\\Documents\\IFSP\\5º Semestre\\PI1A5\\back-end\\LabTrip\\src\\perfis\\PerfilRouter.js": {"path":"D:\\Users\\Batz\\Documents\\IFSP\\5º Semestre\\PI1A5\\back-end\\LabTrip\\src\\perfis\\PerfilRouter.js","statementMap":{"0":{"start":{"line":12,"column":17},"end":{"line":12,"column":33}},"1":{"start":{"line":14,"column":27},"end":{"line":14,"column":55}},"2":{"start":{"line":16,"column":27},"end":{"line":16,"column":65}},"3":{"start":{"line":17,"column":27},"end":{"line":17,"column":65}},"4":{"start":{"line":19,"column":26},"end":{"line":19,"column":53}},"5":{"start":{"line":20,"column":26},"end":{"line":20,"column":62}},"6":{"start":{"line":22,"column":31},"end":{"line":22,"column":63}},"7":{"start":{"line":23,"column":31},"end":{"line":23,"column":77}},"8":{"start":{"line":25,"column":2},"end":{"line":30,"column":57}},"9":{"start":{"line":26,"column":28},"end":{"line":26,"column":70}},"10":{"start":{"line":27,"column":28},"end":{"line":27,"column":75}},"11":{"start":{"line":28,"column":28},"end":{"line":28,"column":75}},"12":{"start":{"line":29,"column":22},"end":{"line":29,"column":59}},"13":{"start":{"line":30,"column":23},"end":{"line":30,"column":55}},"14":{"start":{"line":32,"column":2},"end":{"line":36,"column":58}},"15":{"start":{"line":33,"column":29},"end":{"line":33,"column":71}},"16":{"start":{"line":34,"column":29},"end":{"line":34,"column":76}},"17":{"start":{"line":35,"column":29},"end":{"line":35,"column":74}},"18":{"start":{"line":36,"column":23},"end":{"line":36,"column":56}},"19":{"start":{"line":38,"column":2},"end":{"line":38,"column":16}}},"fnMap":{"0":{"name":"defineAgenciaRouter","decl":{"start":{"line":11,"column":24},"end":{"line":11,"column":43}},"loc":{"start":{"line":11,"column":45},"end":{"line":39,"column":1}},"line":11},"1":{"name":"(anonymous_1)","decl":{"start":{"line":26,"column":8},"end":{"line":26,"column":9}},"loc":{"start":{"line":26,"column":28},"end":{"line":26,"column":70}},"line":26},"2":{"name":"(anonymous_2)","decl":{"start":{"line":27,"column":8},"end":{"line":27,"column":9}},"loc":{"start":{"line":27,"column":28},"end":{"line":27,"column":75}},"line":27},"3":{"name":"(anonymous_3)","decl":{"start":{"line":28,"column":8},"end":{"line":28,"column":9}},"loc":{"start":{"line":28,"column":28},"end":{"line":28,"column":75}},"line":28},"4":{"name":"(anonymous_4)","decl":{"start":{"line":29,"column":8},"end":{"line":29,"column":9}},"loc":{"start":{"line":29,"column":22},"end":{"line":29,"column":59}},"line":29},"5":{"name":"(anonymous_5)","decl":{"start":{"line":30,"column":9},"end":{"line":30,"column":10}},"loc":{"start":{"line":30,"column":23},"end":{"line":30,"column":55}},"line":30},"6":{"name":"(anonymous_6)","decl":{"start":{"line":33,"column":9},"end":{"line":33,"column":10}},"loc":{"start":{"line":33,"column":29},"end":{"line":33,"column":71}},"line":33},"7":{"name":"(anonymous_7)","decl":{"start":{"line":34,"column":9},"end":{"line":34,"column":10}},"loc":{"start":{"line":34,"column":29},"end":{"line":34,"column":76}},"line":34},"8":{"name":"(anonymous_8)","decl":{"start":{"line":35,"column":9},"end":{"line":35,"column":10}},"loc":{"start":{"line":35,"column":29},"end":{"line":35,"column":74}},"line":35},"9":{"name":"(anonymous_9)","decl":{"start":{"line":36,"column":9},"end":{"line":36,"column":10}},"loc":{"start":{"line":36,"column":23},"end":{"line":36,"column":56}},"line":36}},"branchMap":{},"s":{"0":1,"1":1,"2":1,"3":1,"4":1,"5":1,"6":1,"7":1,"8":1,"9":0,"10":0,"11":0,"12":0,"13":0,"14":1,"15":0,"16":0,"17":0,"18":0,"19":1},"f":{"0":1,"1":0,"2":0,"3":0,"4":0,"5":0,"6":0,"7":0,"8":0,"9":0},"b":{},"_coverageSchema":"1a1c01bbd47fc00a2c39e90264f33305004495a9","hash":"65736b39e656a72d557bc9e0643df4841873291d"}
[...]
":{"start":{"line":22,"column":51},"end":{"line":25,"column":1}},"line":22},"3":{"name":"(anonymous_3)","decl":{"start":{"line":27,"column":29},"end":{"line":27,"column":30}},"loc":{"start":{"line":27,"column":42},"end":{"line":31,"column":1}},"line":27},"4":{"name":"(anonymous_4)","decl":{"start":{"line":35,"column":2},"end":{"line":35,"column":3}},"loc":{"start":{"line":35,"column":32},"end":{"line":37,"column":3}},"line":35},"5":{"name":"(anonymous_5)","decl":{"start":{"line":40,"column":2},"end":{"line":40,"column":3}},"loc":{"start":{"line":40,"column":29},"end":{"line":58,"column":3}},"line":40},"6":{"name":"(anonymous_6)","decl":{"start":{"line":57,"column":37},"end":{"line":57,"column":38}},"loc":{"start":{"line":57,"column":42},"end":{"line":57,"column":60}},"line":57},"7":{"name":"(anonymous_7)","decl":{"start":{"line":61,"column":2},"end":{"line":61,"column":3}},"loc":{"start":{"line":61,"column":23},"end":{"line":83,"column":3}},"line":61},"8":{"name":"(anonymous_8)","decl":{"start":{"line":85,"column":2},"end":{"line":85,"column":3}},"loc":{"start":{"line":85,"column":24},"end":{"line":89,"column":3}},"line":85},"9":{"name":"(anonymous_9)","decl":{"start":{"line":91,"column":2},"end":{"line":91,"column":3}},"loc":{"start":{"line":91,"column":25},"end":{"line":130,"column":3}},"line":91},"10":{"name":"(anonymous_10)","decl":{"start":{"line":132,"column":2},"end":{"line":132,"column":3}},"loc":{"start":{"line":132,"column":36},"end":{"line":136,"column":3}},"line":132},"11":{"name":"(anonymous_11)","decl":{"start":{"line":135,"column":66},"end":{"line":135,"column":67}},"loc":{"start":{"line":135,"column":71},"end":{"line":135,"column":96}},"line":135},"12":{"name":"(anonymous_12)","decl":{"start":{"line":138,"column":2},"end":{"line":138,"column":3}},"loc":{"start":{"line":138,"column":24},"end":{"line":141,"column":3}},"line":138},"13":{"name":"(anonymous_13)","decl":{"start":{"line":143,"column":2},"end":{"line":143,"column":3}},"loc":{"start":{"line":143,"column":37},"end":{"line":160,"column":3}},"line":143},"14":{"name":"(anonymous_14)","decl":{"start":{"line":162,"column":2},"end":{"line":162,"column":3}},"loc":{"start":{"line":162,"column":36},"end":{"line":185,"column":3}},"line":162},"15":{"name":"(anonymous_15)","decl":{"start":{"line":187,"column":2},"end":{"line":187,"column":3}},"loc":{"start":{"line":187,"column":33},"end":{"line":190,"column":3}},"line":187},"16":{"name":"(anonymous_16)","decl":{"start":{"line":189,"column":60},"end":{"line":189,"column":61}},"loc":{"start":{"line":189,"column":65},"end":{"line":189,"column":93}},"line":189}},"branchMap":{"0":{"loc":{"start":{"line":43,"column":4},"end":{"line":55,"column":5}},"type":"switch","locations":[{"start":{"line":44,"column":6},"end":{"line":46,"column":14}},{"start":{"line":47,"column":6},"end":{"line":49,"column":14}},{"start":{"line":50,"column":6},"end":{"line":52,"column":14}},{"start":{"line":53,"column":6},"end":{"line":54,"column":82}}],"line":43},"1":{"loc":{"start":{"line":68,"column":4},"end":{"line":80,"column":5}},"type":"if","locations":[{"start":{"line":68,"column":4},"end":{"line":80,"column":5}},{"start":{"line":68,"column":4},"end":{"line":80,"column":5}}],"line":68},"2":{"loc":{"start":{"line":98,"column":4},"end":{"line":110,"column":5}},"type":"if","locations":[{"start":{"line":98,"column":4},"end":{"line":110,"column":5}},{"start":{"line":98,"column":4},"end":{"line":110,"column":5}}],"line":98},"3":{"loc":{"start":{"line":112,"column":4},"end":{"line":124,"column":5}},"type":"if","locations":[{"start":{"line":112,"column":4},"end":{"line":124,"column":5}},{"start":{"line":112,"column":4},"end":{"line":124,"column":5}}],"line":112},"4":{"loc":{"start":{"line":146,"column":4},"end":{"line":157,"column":5}},"type":"if","locations":[{"start":{"line":146,"column":4},"end":{"line":157,"column":5}},{"start":{"line":146,"column":4},"end":{"line":157,"column":5}}],"line":146},"5":{"loc":{"start":{"line":165,"column":4},"end":{"line":177,"column":5}},"type":"if","locations":[{"start":{"line":165,"column":4},"end":{"line":177,"column":5}},{"start":{"line":165,"column":4},"end":{"line":177,"column":5}}],"line":165},"6":{"loc":{"start":{"line":179,"column":4},"end":{"line":184,"column":5}},"type":"if","locations":[{"start":{"line":179,"column":4},"end":{"line":184,"column":5}},{"start":{"line":179,"column":4},"end":{"line":184,"column":5}}],"line":179}},"s":{"0":1,"1":0,"2":1,"3":0,"4":1,"5":0,"6":1,"7":0,"8":0,"9":0,"10":1,"11":0,"12":0,"13":0,"14":0,"15":0,"16":0,"17":0,"18":0,"19":0,"20":0,"21":0,"22":0,"23":0,"24":0,"25":0,"26":0,"27":0,"28":0,"29":0,"30":0,"31":0,"32":0,"33":0,"34":0,"35":0,"36":0,"37":0,"38":0,"39":0,"40":0,"41":0,"42":0,"43":0,"44":0,"45":0,"46":0,"47":0,"48":0,"49":0,"50":0,"51":0,"52":0,"53":0,"54":0,"55":0,"56":0,"57":0,"58":0,"59":0,"60":0,"61":0,"62":0,"63":0,"64":0,"65":0,"66":0,"67":0,"68":0,"69":0,"70":0,"71":0,"72":0,"73":0},"f":{"0":0,"1":0,"2":0,"3":0,"4":1,"5":0,"6":0,"7":0,"8":0,"9":0,"10":0,"11":0,"12":0,"13":0,"14":0,"15":0,"16":0},"b":{"0":[0,0,0,0],"1":[0,0],"2":[0,0],"3":[0,0],"4":[0,0],"5":[0,0],"6":[0,0]},"_coverageSchema":"1a1c01bbd47fc00a2c39e90264f33305004495a9","hash":"d00799b04f4e2e81e7d7fb2c531c1381a4e0a1d1"}
,"D:\\Users\\Batz\\Documents\\IFSP\\5º Semestre\\PI1A5\\back-end\\LabTrip\\src\\viagens\\ViagemMiddleware.js": {"path":"D:\\Users\\Batz\\Documents\\IFSP\\5º Semestre\\PI1A5\\back-end\\LabTrip\\src\\viagens\\ViagemMiddleware.js","statementMap":{"0":{"start":{"line":4,"column":6},"end":{"line":4,"column":47}},"1":{"start":{"line":8,"column":21},"end":{"line":8,"column":51}},"2":{"start":{"line":10,"column":6},"end":{"line":12,"column":7}},"3":{"start":{"line":11,"column":8},"end":{"line":11,"column":97}},"4":{"start":{"line":13,"column":6},"end":{"line":13,"column":26}},"5":{"start":{"line":14,"column":6},"end":{"line":14,"column":13}},"6":{"start":{"line":19,"column":6},"end":{"line":31,"column":7}},"7":{"start":{"line":21,"column":10},"end":{"line":21,"column":71}},"8":{"start":{"line":22,"column":10},"end":{"line":22,"column":16}},"9":{"start":{"line":24,"column":12},"end":{"line":24,"column":103}},"10":{"start":{"line":25,"column":10},"end":{"line":25,"column":16}},"11":{"start":{"line":27,"column":10},"end":{"line":27,"column":91}},"12":{"start":{"line":28,"column":10},"end":{"line":28,"column":16}},"13":{"start":{"line":30,"column":10},"end":{"line":30,"column":27}}},"fnMap":{"0":{"name":"(anonymous_0)","decl":{"start":{"line":3,"column":4},"end":{"line":3,"column":5}},"loc":{"start":{"line":3,"column":33},"end":{"line":5,"column":5}},"line":3},"1":{"name":"(anonymous_1)","decl":{"start":{"line":7,"column":4},"end":{"line":7,"column":5}},"loc":{"start":{"line":7,"column":38},"end":{"line":15,"column":5}},"line":7},"2":{"name":"(anonymous_2)","decl":{"start":{"line":17,"column":4},"end":{"line":17,"column":5}},"loc":{"start":{"line":17,"column":29},"end":{"line":32,"column":5}},"line":17}},"branchMap":{"0":{"loc":{"start":{"line":10,"column":6},"end":{"line":12,"column":7}},"type":"if","locations":[{"start":{"line":10,"column":6},"end":{"line":12,"column":7}},{"start":{"line":10,"column":6},"end":{"line":12,"column":7}}],"line":10},"1":{"loc":{"start":{"line":19,"column":6},"end":{"line":31,"column":7}},"type":"switch","locations":[{"start":{"line":20,"column":8},"end":{"line":22,"column":16}},{"start":{"line":23,"column":8},"end":{"line":25,"column":16}},{"start":{"line":26,"column":8},"end":{"line":28,"column":16}},{"start":{"line":29,"column":8},"end":{"line":30,"column":27}}],"line":19}},"s":{"0":1,"1":0,"2":0,"3":0,"4":0,"5":0,"6":0,"7":0,"8":0,"9":0,"10":0,"11":0,"12":0,"13":0},"f":{"0":1,"1":0,"2":0},"b":{"0":[0,0],"1":[0,0,0,0]},"_coverageSchema":"1a1c01bbd47fc00a2c39e90264f33305004495a9","hash":"d83eb4d0a74b77f547b1738763ddc393e17531af"}
,"D:\\Users\\Batz\\Documents\\IFSP\\5º Semestre\\PI1A5\\back-end\\LabTrip\\src\\viagens\\ViagemRepository.js": {"path":"D:\\Users\\Batz\\Documents\\IFSP\\5º Semestre\\PI1A5\\back-end\\LabTrip\\src\\viagens\\ViagemRepository.js","statementMap":{"0":{"start":{"line":3,"column":4},"end":{"line":3,"column":25}},"1":{"start":{"line":7,"column":4},"end":{"line":8,"column":56}},"2":{"start":{"line":12,"column":4},"end":{"line":13,"column":35}},"3":{"start":{"line":17,"column":4},"end":{"line":19,"column":21}},"4":{"start":{"line":23,"column":4},"end":{"line":27,"column":9}},"5":{"start":{"line":31,"column":4},"end":{"line":34,"column":9}},"6":{"start":{"line":38,"column":23},"end":{"line":40,"column":21}},"7":{"start":{"line":42,"column":6},"end":{"line":42,"column":22}},"8":{"start":{"line":46,"column":4},"end":{"line":48,"column":51}},"9":{"start":{"line":52,"column":4},"end":{"line":55,"column":68}},"10":{"start":{"line":59,"column":4},"end":{"line":63,"column":73}},"11":{"start":{"line":67,"column":23},"end":{"line":70,"column":21}},"12":{"start":{"line":72,"column":6},"end":{"line":72,"column":22}},"13":{"start":{"line":76,"column":4},"end":{"line":80,"column":8}},"14":{"start":{"line":84,"column":4},"end":{"line":88,"column":22}},"15":{"start":{"line":92,"column":4},"end":{"line":98,"column":5}},"16":{"start":{"line":93,"column":6},"end":{"line":97,"column":18}},"17":{"start":{"line":95,"column":10},"end":{"line":95,"column":104}},"18":{"start":{"line":102,"column":4},"end":{"line":103,"column":36}},"19":{"start":{"line":107,"column":4},"end":{"line":107,"column":49}}},"fnMap":{"0":{"name":"(anonymous_0)","decl":{"start":{"line":2,"column":2},"end":{"line":2,"column":3}},"loc":{"start":{"line":2,"column":21},"end":{"line":4,"column":3}},"line":2},"1":{"name":"(anonymous_1)","decl":{"start":{"line":6,"column":2},"end":{"line":6,"column":3}},"loc":{"start":{"line":6,"column":20},"end":{"line":9,"column":3}},"line":6},"2":{"name":"(anonymous_2)","decl":{"start":{"line":11,"column":2},"end":{"line":11,"column":3}},"loc":{"start":{"line":11,"column":26},"end":{"line":14,"column":3}},"line":11},"3":{"name":"(anonymous_3)","decl":{"start":{"line":16,"column":2},"end":{"line":16,"column":3}},"loc":{"start":{"line":16,"column":38},"end":{"line":20,"column":3}},"line":16},"4":{"name":"(anonymous_4)","decl":{"start":{"line":22,"column":2},"end":{"line":22,"column":3}},"loc":{"start":{"line":22,"column":34},"end":{"line":28,"column":3}},"line":22},"5":{"name":"(anonymous_5)","decl":{"start":{"line":30,"column":2},"end":{"line":30,"column":3}},"loc":{"start":{"line":30,"column":38},"end":{"line":35,"column":3}},"line":30},"6":{"name":"(anonymous_6)","decl":{"start":{"line":37,"column":2},"end":{"line":37,"column":3}},"loc":{"start":{"line":37,"column":21},"end":{"line":43,"column":3}},"line":37},"7":{"name":"(anonymous_7)","decl":{"start":{"line":45,"column":2},"end":{"line":45,"column":3}},"loc":{"start":{"line":45,"column":22},"end":{"line":49,"column":3}},"line":45},"8":{"name":"(anonymous_8)","decl":{"start":{"line":51,"column":2},"end":{"line":51,"column":3}},"loc":{"start":{"line":51,"column":42},"end":{"line":56,"column":3}},"line":51},"9":{"name":"(anonymous_9)","decl":{"start":{"line":58,"column":2},"end":{"line":58,"column":3}},"loc":{"start":{"line":58,"column":40},"end":{"line":64,"column":3}},"line":58},"10":{"name":"(anonymous_10)","decl":{"start":{"line":66,"column":2},"end":{"line":66,"column":3}},"loc":{"start":{"line":66,"column":24},"end":{"line":73,"column":3}},"line":66},"11":{"name":"(anonymous_11)","decl":{"start":{"line":75,"column":2},"end":{"line":75,"column":3}},"loc":{"start":{"line":75,"column":22},"end":{"line":81,"column":3}},"line":75},"12":{"name":"(anonymous_12)","decl":{"start":{"line":83,"column":2},"end":{"line":83,"column":3}},"loc":{"start":{"line":83,"column":41},"end":{"line":89,"column":3}},"line":83},"13":{"name":"(anonymous_13)","decl":{"start":{"line":91,"column":2},"end":{"line":91,"column":3}},"loc":{"start":{"line":91,"column":42},"end":{"line":99,"column":3}},"line":91},"14":{"name":"(anonymous_14)","decl":{"start":{"line":94,"column":15},"end":{"line":94,"column":16}},"loc":{"start":{"line":94,"column":28},"end":{"line":96,"column":9}},"line":94},"15":{"name":"(anonymous_15)","decl":{"start":{"line":101,"column":2},"end":{"line":101,"column":3}},"loc":{"start":{"line":101,"column":34},"end":{"line":104,"column":3}},"line":101},"16":{"name":"(anonymous_16)","decl":{"start":{"line":106,"column":2},"end":{"line":106,"column":3}},"loc":{"start":{"line":106,"column":25},"end":{"line":108,"column":3}},"line":106}},"branchMap":{},"s":{"0":1,"1":0,"2":0,"3":0,"4":0,"5":0,"6":0,"7":0,"8":0,"9":0,"10":0,"11":0,"12":0,"13":0,"14":0,"15":0,"16":0,"17":0,"18":0,"19":0},"f":{"0":1,"1":0,"2":0,"3":0,"4":0,"5":0,"6":0,"7":0,"8":0,"9":0,"10":0,"11":0,"12":0,"13":0,"14":0,"15":0,"16":0},"b":{},"_coverageSchema":"1a1c01bbd47fc00a2c39e90264f33305004495a9","hash":"6fe190fa073427b8a39f06e8006a264a0c7a4b00"}
,"D:\\Users\\Batz\\Documents\\IFSP\\5º Semestre\\PI1A5\\back-end\\LabTrip\\src\\viagens\\ViagemRouter.js": {"path":"D:\\Users\\Batz\\Documents\\IFSP\\5º Semestre\\PI1A5\\back-end\\LabTrip\\src\\viagens\\ViagemRouter.js","statementMap":{"0":{"start":{"line":12,"column":17},"end":{"line":12,"column":33}},"1":{"start":{"line":14,"column":27},"end":{"line":14,"column":55}},"2":{"start":{"line":16,"column":27},"end":{"line":16,"column":65}},"3":{"start":{"line":17,"column":27},"end":{"line":17,"column":65}},"4":{"start":{"line":19,"column":26},"end":{"line":19,"column":53}},"5":{"start":{"line":20,"column":26},"end":{"line":20,"column":62}},"6":{"start":{"line":22,"column":31},"end":{"line":22,"column":63}},"7":{"start":{"line":23,"column":31},"end":{"line":23,"column":77}},"8":{"start":{"line":25,"column":2},"end":{"line":29,"column":57}},"9":{"start":{"line":26,"column":28},"end":{"line":26,"column":70}},"10":{"start":{"line":27,"column":28},"end":{"line":27,"column":75}},"11":{"start":{"line":28,"column":22},"end":{"line":28,"column":59}},"12":{"start":{"line":29,"column":23},"end":{"line":29,"column":55}},"13":{"start":{"line":31,"column":2},"end":{"line":33,"column":65}},"14":{"start":{"line":32,"column":28},"end":{"line":32,"column":70}},"15":{"start":{"line":33,"column":22},"end":{"line":33,"column":64}},"16":{"start":{"line":35,"column":3},"end":{"line":37,"column":66}},"17":{"start":{"line":36,"column":28},"end":{"line":36,"column":70}},"18":{"start":{"line":37,"column":23},"end":{"line":37,"column":64}},"19":{"start":{"line":39,"column":2},"end":{"line":45,"column":61}},"20":{"start":{"line":40,"column":29},"end":{"line":40,"column":71}},"21":{"start":{"line":41,"column":29},"end":{"line":41,"column":76}},"22":{"start":{"line":42,"column":29},"end":{"line":42,"column":74}},"23":{"start":{"line":43,"column":23},"end":{"line":43,"column":56}},"24":{"start":{"line":44,"column":23},"end":{"line":44,"column":58}},"25":{"start":{"line":45,"column":26},"end":{"line":45,"column":59}},"26":{"start":{"line":47,"column":2},"end":{"line":54,"column":74}},"27":{"start":{"line":48,"column":29},"end":{"line":48,"column":71}},"28":{"start":{"line":49,"column":29},"end":{"line":49,"column":76}},"29":{"start":{"line":50,"column":29},"end":{"line":50,"column":74}},"30":{"start":{"line":51,"column":23},"end":{"line":51,"column":68}},"31":{"start":{"line":52,"column":24},"end":{"line":52,"column":69}},"32":{"start":{"line":53,"column":23},"end":{"line":53,"column":68}},"33":{"start":{"line":54,"column":26},"end":{"line":54,"column":72}},"34":{"start":{"line":56,"column":2},"end":{"line":56,"column":16}}},"fnMap":{"0":{"name":"defineViagemRouter","decl":{"start":{"line":11,"column":24},"end":{"line":11,"column":42}},"loc":{"start":{"line":11,"column":44},"end":{"line":57,"column":1}},"line":11},"1":{"name":"(anonymous_1)","decl":{"start":{"line":26,"column":8},"end":{"line":26,"column":9}},"loc":{"start":{"line":26,"column":28},"end":{"line":26,"column":70}},"line":26},"2":{"name":"(anonymous_2)","decl":{"start":{"line":27,"column":8},"end":{"line":27,"column":9}},"loc":{"start":{"line":27,"column":28},"end":{"line":27,"column":75}},"line":27},"3":{"name":"(anonymous_3)","decl":{"start":{"line":28,"column":8},"end":{"line":28,"column":9}},"loc":{"start":{"line":28,"column":22},"end":{"line":28,"column":59}},"line":28},"4":{"name":"(anonymous_4)","decl":{"start":{"line":29,"column":9},"end":{"line":29,"column":10}},"loc":{"start":{"line":29,"column":23},"end":{"line":29,"column":55}},"line":29},"5":{"name":"(anonymous_5)","decl":{"start":{"line":32,"column":8},"end":{"line":32,"column":9}},"loc":{"start":{"line":32,"column":28},"end":{"line":32,"column":70}},"line":32},"6":{"name":"(anonymous_6)","decl":{"start":{"line":33,"column":8},"end":{"line":33,"column":9}},"loc":{"start":{"line":33,"column":22},"end":{"line":33,"column":64}},"line":33},"7":{"name":"(anonymous_7)","decl":{"start":{"line":36,"column":8},"end":{"line":36,"column":9}},"loc":{"start":{"line":36,"column":28},"end":{"line":36,"column":70}},"line":36},"8":{"name":"(anonymous_8)","decl":{"start":{"line":37,"column":9},"end":{"line":37,"column":10}},"loc":{"start":{"line":37,"column":23},"end":{"line":37,"column":64}},"line":37},"9":{"name":"(anonymous_9)","decl":{"start":{"line":40,"column":9},"end":{"line":40,"column":10}},"loc":{"start":{"line":40,"column":29},"end":{"line":40,"column":71}},"line":40},"10":{"name":"(anonymous_10)","decl":{"start":{"line":41,"column":9},"end":{"line":41,"column":10}},"loc":{"start":{"line":41,"column":29},"end":{"line":41,"column":76}},"line":41},"11":{"name":"(anonymous_11)","decl":{"start":{"line":42,"column":9},"end":{"line":42,"column":10}},"loc":{"start":{"line":42,"column":29},"end":{"line":42,"column":74}},"line":42},"12":{"name":"(anonymous_12)","decl":{"start":{"line":43,"column":9},"end":{"line":43,"column":10}},"loc":{"start":{"line":43,"column":23},"end":{"line":43,"column":56}},"line":43},"13":{"name":"(anonymous_13)","decl":{"start":{"line":44,"column":9},"end":{"line":44,"column":10}},"loc":{"start":{"line":44,"column":23},"end":{"line":44,"column":58}},"line":44},"14":{"name":"(anonymous_14)","decl":{"start":{"line":45,"column":12},"end":{"line":45,"column":13}},"loc":{"start":{"line":45,"column":26},"end":{"line":45,"column":59}},"line":45},"15":{"name":"(anonymous_15)","decl":{"start":{"line":48,"column":9},"end":{"line":48,"column":10}},"loc":{"start":{"line":48,"column":29},"end":{"line":48,"column":71}},"line":48},"16":{"name":"(anonymous_16)","decl":{"start":{"line":49,"column":9},"end":{"line":49,"column":10}},"loc":{"start":{"line":49,"column":29},"end":{"line":49,"column":76}},"line":49},"17":{"name":"(anonymous_17)","decl":{"start":{"line":50,"column":9},"end":{"line":50,"column":10}},"loc":{"start":{"line":50,"column":29},"end":{"line":50,"column":74}},"line":50},"18":{"name":"(anonymous_18)","decl":{"start":{"line":51,"column":9},"end":{"line":51,"column":10}},"loc":{"start":{"line":51,"column":23},"end":{"line":51,"column":68}},"line":51},"19":{"name":"(anonymous_19)","decl":{"start":{"line":52,"column":10},"end":{"line":52,"column":11}},"loc":{"start":{"line":52,"column":24},"end":{"line":52,"column":69}},"line":52},"20":{"name":"(anonymous_20)","decl":{"start":{"line":53,"column":9},"end":{"line":53,"column":10}},"loc":{"start":{"line":53,"column":23},"end":{"line":53,"column":68}},"line":53},"21":{"name":"(anonymous_21)","decl":{"start":{"line":54,"column":12},"end":{"line":54,"column":13}},"loc":{"start":{"line":54,"column":26},"end":{"line":54,"column":72}},"line":54}},"branchMap":{},"s":{"0":1,"1":1,"2":1,"3":1,"4":1,"5":1,"6":1,"7":1,"8":1,"9":0,"10":0,"11":0,"12":0,"13":1,"14":0,"15":0,"16":1,"17":0,"18":0,"19":1,"20":0,"21":0,"22":0,"23":0,"24":0,"25":0,"26":1,"27":0,"28":0,"29":0,"30":0,"31":0,"32":0,"33":0,"34":1},"f":{"0":1,"1":0,"2":0,"3":0,"4":0,"5":0,"6":0,"7":0,"8":0,"9":0,"10":0,"11":0,"12":0,"13":0,"14":0,"15":0,"16":0,"17":0,"18":0,"19":0,"20":0,"21":0},"b":{},"_coverageSchema":"1a1c01bbd47fc00a2c39e90264f33305004495a9","hash":"31be0386ef6ac2a5cea83e5cd65b1e89734ac1d6"}
}
