{"C:\\Users\\suporte\\Documents\\git\\tcc\\dev\\LabTrip\\src\\app.js": {"path":"C:\\Users\\suporte\\Documents\\git\\tcc\\dev\\LabTrip\\src\\app.js","statementMap":{"0":{"start":{"line":12,"column":14},"end":{"line":12,"column":23}},"1":{"start":{"line":13,"column":2},"end":{"line":13,"column":26}},"2":{"start":{"line":14,"column":2},"end":{"line":14,"column":18}},"3":{"start":{"line":15,"column":2},"end":{"line":15,"column":46}},"4":{"start":{"line":16,"column":2},"end":{"line":16,"column":44}},"5":{"start":{"line":17,"column":2},"end":{"line":17,"column":50}},"6":{"start":{"line":18,"column":2},"end":{"line":18,"column":46}},"7":{"start":{"line":19,"column":2},"end":{"line":19,"column":41}},"8":{"start":{"line":20,"column":2},"end":{"line":20,"column":43}},"9":{"start":{"line":21,"column":2},"end":{"line":21,"column":42}},"10":{"start":{"line":23,"column":2},"end":{"line":25,"column":5}},"11":{"start":{"line":24,"column":4},"end":{"line":24,"column":40}},"12":{"start":{"line":27,"column":2},"end":{"line":27,"column":13}}},"fnMap":{"0":{"name":"LabTrip","decl":{"start":{"line":11,"column":24},"end":{"line":11,"column":31}},"loc":{"start":{"line":11,"column":34},"end":{"line":28,"column":1}},"line":11},"1":{"name":"(anonymous_1)","decl":{"start":{"line":23,"column":15},"end":{"line":23,"column":16}},"loc":{"start":{"line":23,"column":34},"end":{"line":25,"column":3}},"line":23}},"branchMap":{},"s":{"0":1,"1":1,"2":1,"3":1,"4":1,"5":1,"6":1,"7":1,"8":1,"9":1,"10":1,"11":1,"12":1},"f":{"0":1,"1":1},"b":{},"_coverageSchema":"1a1c01bbd47fc00a2c39e90264f33305004495a9","hash":"3f4e8be9a8f8901a24984079c3149bd845a93e3e"}
,"C:\\Users\\suporte\\Documents\\git\\tcc\\dev\\LabTrip\\src\\config.js": {"path":"C:\\Users\\suporte\\Documents\\git\\tcc\\dev\\LabTrip\\src\\config.js","statementMap":{"0":{"start":{"line":3,"column":22},"end":{"line":16,"column":2}}},"fnMap":{},"branchMap":{},"s":{"0":1},"f":{},"b":{},"_coverageSchema":"1a1c01bbd47fc00a2c39e90264f33305004495a9","hash":"0544d99bf0c86b1e52cca7688157ea531809da39"}
,"C:\\Users\\suporte\\Documents\\git\\tcc\\dev\\LabTrip\\src\\requesterConfig.js": {"path":"C:\\Users\\suporte\\Documents\\git\\tcc\\dev\\LabTrip\\src\\requesterConfig.js","statementMap":{"0":{"start":{"line":3,"column":18},"end":{"line":5,"column":2}}},"fnMap":{},"branchMap":{},"s":{"0":1},"f":{},"b":{},"_coverageSchema":"1a1c01bbd47fc00a2c39e90264f33305004495a9","hash":"55d83ba086d5e29e524c9da3a6943a6bd0c717f4"}
,"C:\\Users\\suporte\\Documents\\git\\tcc\\dev\\LabTrip\\src\\smtpConfig.js": {"path":"C:\\Users\\suporte\\Documents\\git\\tcc\\dev\\LabTrip\\src\\smtpConfig.js","statementMap":{"0":{"start":{"line":1,"column":19},"end":{"line":1,"column":40}},"1":{"start":{"line":3,"column":20},"end":{"line":14,"column":2}}},"fnMap":{},"branchMap":{},"s":{"0":2,"1":2},"f":{},"b":{},"_coverageSchema":"1a1c01bbd47fc00a2c39e90264f33305004495a9","hash":"0e8ba341f3b889961efeae11f052282f90441fce"}
,"C:\\Users\\suporte\\Documents\\git\\tcc\\dev\\LabTrip\\src\\acesso_rota\\AcessoRotaMiddleware.js": {"path":"C:\\Users\\suporte\\Documents\\git\\tcc\\dev\\LabTrip\\src\\acesso_rota\\AcessoRotaMiddleware.js","statementMap":{"0":{"start":{"line":4,"column":6},"end":{"line":4,"column":55}},"1":{"start":{"line":9,"column":6},"end":{"line":13,"column":7}},"2":{"start":{"line":15,"column":21},"end":{"line":15,"column":77}},"3":{"start":{"line":17,"column":6},"end":{"line":19,"column":7}},"4":{"start":{"line":18,"column":8},"end":{"line":18,"column":91}},"5":{"start":{"line":20,"column":6},"end":{"line":20,"column":26}},"6":{"start":{"line":21,"column":6},"end":{"line":21,"column":13}}},"fnMap":{"0":{"name":"(anonymous_0)","decl":{"start":{"line":3,"column":4},"end":{"line":3,"column":5}},"loc":{"start":{"line":3,"column":37},"end":{"line":5,"column":5}},"line":3},"1":{"name":"(anonymous_1)","decl":{"start":{"line":7,"column":4},"end":{"line":7,"column":5}},"loc":{"start":{"line":7,"column":36},"end":{"line":22,"column":5}},"line":7}},"branchMap":{"0":{"loc":{"start":{"line":17,"column":6},"end":{"line":19,"column":7}},"type":"if","locations":[{"start":{"line":17,"column":6},"end":{"line":19,"column":7}},{"start":{"line":17,"column":6},"end":{"line":19,"column":7}}],"line":17}},"s":{"0":6,"1":0,"2":0,"3":0,"4":0,"5":0,"6":0},"f":{"0":6,"1":0},"b":{"0":[0,0]},"_coverageSchema":"1a1c01bbd47fc00a2c39e90264f33305004495a9","hash":"4c5601be0e174909528ed8b90d4a7f5ee0614aaa"}
,"C:\\Users\\suporte\\Documents\\git\\tcc\\dev\\LabTrip\\src\\acesso_rota\\AcessoRotaRepository.js": {"path":"C:\\Users\\suporte\\Documents\\git\\tcc\\dev\\LabTrip\\src\\acesso_rota\\AcessoRotaRepository.js","statementMap":{"0":{"start":{"line":3,"column":6},"end":{"line":3,"column":27}},"1":{"start":{"line":7,"column":6},"end":{"line":11,"column":17}}},"fnMap":{"0":{"name":"(anonymous_0)","decl":{"start":{"line":2,"column":4},"end":{"line":2,"column":5}},"loc":{"start":{"line":2,"column":23},"end":{"line":4,"column":5}},"line":2},"1":{"name":"(anonymous_1)","decl":{"start":{"line":6,"column":4},"end":{"line":6,"column":5}},"loc":{"start":{"line":6,"column":29},"end":{"line":12,"column":5}},"line":6}},"branchMap":{},"s":{"0":6,"1":0},"f":{"0":6,"1":0},"b":{},"_coverageSchema":"1a1c01bbd47fc00a2c39e90264f33305004495a9","hash":"fb0e7c1d1ed7aa229be3837010d5e190cc922f28"}
,"C:\\Users\\suporte\\Documents\\git\\tcc\\dev\\LabTrip\\src\\agencias\\Agencia.js": {"path":"C:\\Users\\suporte\\Documents\\git\\tcc\\dev\\LabTrip\\src\\agencias\\Agencia.js","statementMap":{"0":{"start":{"line":5,"column":6},"end":{"line":5,"column":19}},"1":{"start":{"line":6,"column":6},"end":{"line":6,"column":23}},"2":{"start":{"line":7,"column":6},"end":{"line":7,"column":47}},"3":{"start":{"line":8,"column":6},"end":{"line":8,"column":48}},"4":{"start":{"line":9,"column":6},"end":{"line":9,"column":29}}},"fnMap":{"0":{"name":"(anonymous_0)","decl":{"start":{"line":4,"column":2},"end":{"line":4,"column":3}},"loc":{"start":{"line":4,"column":34},"end":{"line":10,"column":3}},"line":4}},"branchMap":{"0":{"loc":{"start":{"line":4,"column":20},"end":{"line":4,"column":33}},"type":"default-arg","locations":[{"start":{"line":4,"column":25},"end":{"line":4,"column":33}}],"line":4}},"s":{"0":6,"1":6,"2":6,"3":6,"4":6},"f":{"0":6},"b":{"0":[1]},"_coverageSchema":"1a1c01bbd47fc00a2c39e90264f33305004495a9","hash":"e38e24324958355b09c6237b5ac9cf747eb48f2c"}
,"C:\\Users\\suporte\\Documents\\git\\tcc\\dev\\LabTrip\\src\\agencias\\AgenciaController.js": {"path":"C:\\Users\\suporte\\Documents\\git\\tcc\\dev\\LabTrip\\src\\agencias\\AgenciaController.js","statementMap":{"0":{"start":{"line":2,"column":12},"end":{"line":2,"column":35}},"1":{"start":{"line":3,"column":19},"end":{"line":3,"column":40}},"2":{"start":{"line":4,"column":0},"end":{"line":4,"column":25}},"3":{"start":{"line":7,"column":25},"end":{"line":10,"column":2}},"4":{"start":{"line":7,"column":39},"end":{"line":10,"column":1}},"5":{"start":{"line":15,"column":4},"end":{"line":15,"column":47}},"6":{"start":{"line":20,"column":21},"end":{"line":20,"column":62}},"7":{"start":{"line":21,"column":4},"end":{"line":21,"column":65}},"8":{"start":{"line":21,"column":43},"end":{"line":21,"column":62}},"9":{"start":{"line":25,"column":19},"end":{"line":25,"column":27}},"10":{"start":{"line":27,"column":20},"end":{"line":27,"column":37}},"11":{"start":{"line":29,"column":4},"end":{"line":29,"column":48}},"12":{"start":{"line":31,"column":4},"end":{"line":31,"column":52}},"13":{"start":{"line":35,"column":22},"end":{"line":35,"column":35}},"14":{"start":{"line":37,"column":25},"end":{"line":37,"column":89}},"15":{"start":{"line":39,"column":4},"end":{"line":39,"column":63}},"16":{"start":{"line":43,"column":31},"end":{"line":43,"column":39}},"17":{"start":{"line":45,"column":18},"end":{"line":54,"column":5}},"18":{"start":{"line":56,"column":20},"end":{"line":61,"column":5}},"19":{"start":{"line":63,"column":4},"end":{"line":63,"column":37}},"20":{"start":{"line":65,"column":4},"end":{"line":65,"column":83}},"21":{"start":{"line":69,"column":24},"end":{"line":69,"column":32}},"22":{"start":{"line":71,"column":4},"end":{"line":71,"column":85}},"23":{"start":{"line":73,"column":4},"end":{"line":73,"column":96}},"24":{"start":{"line":77,"column":20},"end":{"line":77,"column":38}},"25":{"start":{"line":82,"column":4},"end":{"line":89,"column":7}},"26":{"start":{"line":83,"column":6},"end":{"line":85,"column":7}},"27":{"start":{"line":84,"column":8},"end":{"line":84,"column":86}},"28":{"start":{"line":87,"column":6},"end":{"line":87,"column":36}},"29":{"start":{"line":88,"column":6},"end":{"line":88,"column":36}},"30":{"start":{"line":91,"column":4},"end":{"line":91,"column":71}},"31":{"start":{"line":93,"column":4},"end":{"line":93,"column":48}},"32":{"start":{"line":97,"column":4},"end":{"line":97,"column":63}},"33":{"start":{"line":101,"column":18},"end":{"line":101,"column":26}},"34":{"start":{"line":103,"column":20},"end":{"line":103,"column":53}},"35":{"start":{"line":105,"column":30},"end":{"line":105,"column":76}},"36":{"start":{"line":107,"column":4},"end":{"line":107,"column":69}},"37":{"start":{"line":112,"column":4},"end":{"line":112,"column":53}},"38":{"start":{"line":113,"column":4},"end":{"line":113,"column":33}},"39":{"start":{"line":118,"column":4},"end":{"line":123,"column":7}},"40":{"start":{"line":129,"column":18},"end":{"line":169,"column":45}},"41":{"start":{"line":172,"column":4},"end":{"line":172,"column":28}},"42":{"start":{"line":177,"column":18},"end":{"line":200,"column":24}},"43":{"start":{"line":203,"column":4},"end":{"line":203,"column":28}}},"fnMap":{"0":{"name":"(anonymous_0)","decl":{"start":{"line":7,"column":25},"end":{"line":7,"column":26}},"loc":{"start":{"line":7,"column":39},"end":{"line":10,"column":1}},"line":7},"1":{"name":"(anonymous_1)","decl":{"start":{"line":14,"column":2},"end":{"line":14,"column":3}},"loc":{"start":{"line":14,"column":33},"end":{"line":16,"column":3}},"line":14},"2":{"name":"(anonymous_2)","decl":{"start":{"line":19,"column":2},"end":{"line":19,"column":3}},"loc":{"start":{"line":19,"column":29},"end":{"line":22,"column":3}},"line":19},"3":{"name":"(anonymous_3)","decl":{"start":{"line":21,"column":38},"end":{"line":21,"column":39}},"loc":{"start":{"line":21,"column":43},"end":{"line":21,"column":62}},"line":21},"4":{"name":"(anonymous_4)","decl":{"start":{"line":24,"column":2},"end":{"line":24,"column":3}},"loc":{"start":{"line":24,"column":23},"end":{"line":32,"column":3}},"line":24},"5":{"name":"(anonymous_5)","decl":{"start":{"line":34,"column":2},"end":{"line":34,"column":3}},"loc":{"start":{"line":34,"column":35},"end":{"line":40,"column":3}},"line":34},"6":{"name":"(anonymous_6)","decl":{"start":{"line":42,"column":2},"end":{"line":42,"column":3}},"loc":{"start":{"line":42,"column":41},"end":{"line":66,"column":3}},"line":42},"7":{"name":"(anonymous_7)","decl":{"start":{"line":68,"column":2},"end":{"line":68,"column":3}},"loc":{"start":{"line":68,"column":43},"end":{"line":74,"column":3}},"line":68},"8":{"name":"(anonymous_8)","decl":{"start":{"line":76,"column":2},"end":{"line":76,"column":3}},"loc":{"start":{"line":76,"column":42},"end":{"line":94,"column":3}},"line":76},"9":{"name":"(anonymous_9)","decl":{"start":{"line":82,"column":44},"end":{"line":82,"column":45}},"loc":{"start":{"line":82,"column":62},"end":{"line":89,"column":5}},"line":82},"10":{"name":"(anonymous_10)","decl":{"start":{"line":96,"column":2},"end":{"line":96,"column":3}},"loc":{"start":{"line":96,"column":18},"end":{"line":98,"column":3}},"line":96},"11":{"name":"(anonymous_11)","decl":{"start":{"line":100,"column":2},"end":{"line":100,"column":3}},"loc":{"start":{"line":100,"column":25},"end":{"line":108,"column":3}},"line":100},"12":{"name":"(anonymous_12)","decl":{"start":{"line":111,"column":2},"end":{"line":111,"column":3}},"loc":{"start":{"line":111,"column":24},"end":{"line":114,"column":3}},"line":111},"13":{"name":"(anonymous_13)","decl":{"start":{"line":116,"column":2},"end":{"line":116,"column":3}},"loc":{"start":{"line":116,"column":29},"end":{"line":125,"column":3}},"line":116},"14":{"name":"(anonymous_14)","decl":{"start":{"line":127,"column":2},"end":{"line":127,"column":3}},"loc":{"start":{"line":127,"column":33},"end":{"line":173,"column":3}},"line":127},"15":{"name":"(anonymous_15)","decl":{"start":{"line":175,"column":2},"end":{"line":175,"column":3}},"loc":{"start":{"line":175,"column":18},"end":{"line":204,"column":3}},"line":175}},"branchMap":{"0":{"loc":{"start":{"line":83,"column":6},"end":{"line":85,"column":7}},"type":"if","locations":[{"start":{"line":83,"column":6},"end":{"line":85,"column":7}},{"start":{"line":83,"column":6},"end":{"line":85,"column":7}}],"line":83}},"s":{"0":2,"1":2,"2":2,"3":2,"4":0,"5":2,"6":1,"7":0,"8":0,"9":1,"10":1,"11":1,"12":0,"13":1,"14":1,"15":0,"16":1,"17":1,"18":0,"19":0,"20":0,"21":1,"22":1,"23":0,"24":1,"25":1,"26":1,"27":1,"28":0,"29":0,"30":0,"31":0,"32":0,"33":1,"34":1,"35":1,"36":0,"37":1,"38":0,"39":1,"40":1,"41":1,"42":1,"43":1},"f":{"0":0,"1":2,"2":1,"3":0,"4":1,"5":1,"6":1,"7":1,"8":1,"9":1,"10":0,"11":1,"12":1,"13":1,"14":1,"15":1},"b":{"0":[1,0]},"_coverageSchema":"1a1c01bbd47fc00a2c39e90264f33305004495a9","hash":"3857b0bf7c71706764bd3563599a1621b14bb585"}
,"C:\\Users\\suporte\\Documents\\git\\tcc\\dev\\LabTrip\\src\\agencias\\AgenciaMiddleware.js": {"path":"C:\\Users\\suporte\\Documents\\git\\tcc\\dev\\LabTrip\\src\\agencias\\AgenciaMiddleware.js","statementMap":{"0":{"start":{"line":4,"column":6},"end":{"line":4,"column":49}},"1":{"start":{"line":8,"column":22},"end":{"line":8,"column":55}},"2":{"start":{"line":9,"column":6},"end":{"line":11,"column":7}},"3":{"start":{"line":10,"column":8},"end":{"line":10,"column":117}},"4":{"start":{"line":12,"column":6},"end":{"line":12,"column":28}},"5":{"start":{"line":13,"column":6},"end":{"line":13,"column":13}},"6":{"start":{"line":18,"column":6},"end":{"line":24,"column":7}},"7":{"start":{"line":20,"column":10},"end":{"line":20,"column":17}},"8":{"start":{"line":21,"column":10},"end":{"line":21,"column":16}},"9":{"start":{"line":23,"column":10},"end":{"line":23,"column":93}},"10":{"start":{"line":30,"column":6},"end":{"line":42,"column":7}},"11":{"start":{"line":32,"column":10},"end":{"line":32,"column":71}},"12":{"start":{"line":33,"column":10},"end":{"line":33,"column":16}},"13":{"start":{"line":35,"column":10},"end":{"line":35,"column":106}},"14":{"start":{"line":36,"column":10},"end":{"line":36,"column":16}},"15":{"start":{"line":38,"column":10},"end":{"line":38,"column":106}},"16":{"start":{"line":39,"column":10},"end":{"line":39,"column":16}},"17":{"start":{"line":41,"column":10},"end":{"line":41,"column":27}}},"fnMap":{"0":{"name":"(anonymous_0)","decl":{"start":{"line":3,"column":4},"end":{"line":3,"column":5}},"loc":{"start":{"line":3,"column":34},"end":{"line":5,"column":5}},"line":3},"1":{"name":"(anonymous_1)","decl":{"start":{"line":7,"column":4},"end":{"line":7,"column":5}},"loc":{"start":{"line":7,"column":39},"end":{"line":14,"column":5}},"line":7},"2":{"name":"(anonymous_2)","decl":{"start":{"line":16,"column":4},"end":{"line":16,"column":5}},"loc":{"start":{"line":16,"column":40},"end":{"line":26,"column":5}},"line":16},"3":{"name":"(anonymous_3)","decl":{"start":{"line":28,"column":4},"end":{"line":28,"column":5}},"loc":{"start":{"line":28,"column":37},"end":{"line":44,"column":5}},"line":28}},"branchMap":{"0":{"loc":{"start":{"line":9,"column":6},"end":{"line":11,"column":7}},"type":"if","locations":[{"start":{"line":9,"column":6},"end":{"line":11,"column":7}},{"start":{"line":9,"column":6},"end":{"line":11,"column":7}}],"line":9},"1":{"loc":{"start":{"line":18,"column":6},"end":{"line":24,"column":7}},"type":"switch","locations":[{"start":{"line":19,"column":8},"end":{"line":21,"column":16}},{"start":{"line":22,"column":8},"end":{"line":23,"column":93}}],"line":18},"2":{"loc":{"start":{"line":30,"column":6},"end":{"line":42,"column":7}},"type":"switch","locations":[{"start":{"line":31,"column":8},"end":{"line":33,"column":16}},{"start":{"line":34,"column":8},"end":{"line":36,"column":16}},{"start":{"line":37,"column":8},"end":{"line":39,"column":16}},{"start":{"line":40,"column":8},"end":{"line":41,"column":27}}],"line":30}},"s":{"0":2,"1":2,"2":0,"3":0,"4":0,"5":0,"6":2,"7":1,"8":0,"9":1,"10":4,"11":1,"12":0,"13":1,"14":0,"15":1,"16":0,"17":1},"f":{"0":2,"1":2,"2":2,"3":4},"b":{"0":[0,0],"1":[1,1],"2":[1,1,1,1]},"_coverageSchema":"1a1c01bbd47fc00a2c39e90264f33305004495a9","hash":"94dd1ee352efb45e55f81421393bfdff962df232"}
,"C:\\Users\\suporte\\Documents\\git\\tcc\\dev\\LabTrip\\src\\agencias\\AgenciaRepository.js": {"path":"C:\\Users\\suporte\\Documents\\git\\tcc\\dev\\LabTrip\\src\\agencias\\AgenciaRepository.js","statementMap":{"0":{"start":{"line":3,"column":6},"end":{"line":3,"column":27}},"1":{"start":{"line":7,"column":6},"end":{"line":7,"column":42}},"2":{"start":{"line":11,"column":25},"end":{"line":13,"column":23}},"3":{"start":{"line":15,"column":8},"end":{"line":15,"column":24}},"4":{"start":{"line":19,"column":25},"end":{"line":25,"column":23}},"5":{"start":{"line":27,"column":8},"end":{"line":27,"column":24}},"6":{"start":{"line":31,"column":6},"end":{"line":32,"column":60}},"7":{"start":{"line":36,"column":6},"end":{"line":39,"column":18}},"8":{"start":{"line":43,"column":6},"end":{"line":44,"column":46}},"9":{"start":{"line":48,"column":6},"end":{"line":50,"column":56}},"10":{"start":{"line":54,"column":25},"end":{"line":60,"column":23}},"11":{"start":{"line":62,"column":8},"end":{"line":62,"column":24}},"12":{"start":{"line":66,"column":6},"end":{"line":70,"column":10}}},"fnMap":{"0":{"name":"(anonymous_0)","decl":{"start":{"line":2,"column":4},"end":{"line":2,"column":5}},"loc":{"start":{"line":2,"column":23},"end":{"line":4,"column":5}},"line":2},"1":{"name":"(anonymous_1)","decl":{"start":{"line":6,"column":4},"end":{"line":6,"column":5}},"loc":{"start":{"line":6,"column":22},"end":{"line":8,"column":5}},"line":6},"2":{"name":"(anonymous_2)","decl":{"start":{"line":10,"column":4},"end":{"line":10,"column":5}},"loc":{"start":{"line":10,"column":24},"end":{"line":16,"column":5}},"line":10},"3":{"name":"(anonymous_3)","decl":{"start":{"line":18,"column":4},"end":{"line":18,"column":5}},"loc":{"start":{"line":18,"column":48},"end":{"line":28,"column":5}},"line":18},"4":{"name":"(anonymous_4)","decl":{"start":{"line":30,"column":4},"end":{"line":30,"column":5}},"loc":{"start":{"line":30,"column":45},"end":{"line":33,"column":5}},"line":30},"5":{"name":"(anonymous_5)","decl":{"start":{"line":35,"column":4},"end":{"line":35,"column":5}},"loc":{"start":{"line":35,"column":57},"end":{"line":40,"column":5}},"line":35},"6":{"name":"(anonymous_6)","decl":{"start":{"line":42,"column":4},"end":{"line":42,"column":5}},"loc":{"start":{"line":42,"column":24},"end":{"line":45,"column":5}},"line":42},"7":{"name":"(anonymous_7)","decl":{"start":{"line":47,"column":4},"end":{"line":47,"column":5}},"loc":{"start":{"line":47,"column":49},"end":{"line":51,"column":5}},"line":47},"8":{"name":"(anonymous_8)","decl":{"start":{"line":53,"column":4},"end":{"line":53,"column":5}},"loc":{"start":{"line":53,"column":27},"end":{"line":63,"column":5}},"line":53},"9":{"name":"(anonymous_9)","decl":{"start":{"line":65,"column":4},"end":{"line":65,"column":5}},"loc":{"start":{"line":65,"column":25},"end":{"line":71,"column":5}},"line":65}},"branchMap":{},"s":{"0":1,"1":0,"2":0,"3":0,"4":0,"5":0,"6":0,"7":0,"8":0,"9":0,"10":0,"11":0,"12":0},"f":{"0":1,"1":0,"2":0,"3":0,"4":0,"5":0,"6":0,"7":0,"8":0,"9":0},"b":{},"_coverageSchema":"1a1c01bbd47fc00a2c39e90264f33305004495a9","hash":"ce0a64325f3fa053f923151fbb1ab741a4307b79"}
,"C:\\Users\\suporte\\Documents\\git\\tcc\\dev\\LabTrip\\src\\agencias\\AgenciaRouter.js": {"path":"C:\\Users\\suporte\\Documents\\git\\tcc\\dev\\LabTrip\\src\\agencias\\AgenciaRouter.js","statementMap":{"0":{"start":{"line":12,"column":17},"end":{"line":12,"column":33}},"1":{"start":{"line":14,"column":28},"end":{"line":14,"column":57}},"2":{"start":{"line":16,"column":28},"end":{"line":16,"column":68}},"3":{"start":{"line":17,"column":28},"end":{"line":17,"column":68}},"4":{"start":{"line":19,"column":26},"end":{"line":19,"column":53}},"5":{"start":{"line":20,"column":26},"end":{"line":20,"column":62}},"6":{"start":{"line":22,"column":31},"end":{"line":22,"column":63}},"7":{"start":{"line":23,"column":31},"end":{"line":23,"column":77}},"8":{"start":{"line":25,"column":2},"end":{"line":30,"column":58}},"9":{"start":{"line":26,"column":28},"end":{"line":26,"column":70}},"10":{"start":{"line":27,"column":28},"end":{"line":27,"column":75}},"11":{"start":{"line":28,"column":28},"end":{"line":28,"column":76}},"12":{"start":{"line":29,"column":22},"end":{"line":29,"column":60}},"13":{"start":{"line":30,"column":23},"end":{"line":30,"column":56}},"14":{"start":{"line":32,"column":2},"end":{"line":36,"column":75}},"15":{"start":{"line":33,"column":29},"end":{"line":33,"column":71}},"16":{"start":{"line":34,"column":29},"end":{"line":34,"column":76}},"17":{"start":{"line":35,"column":29},"end":{"line":35,"column":76}},"18":{"start":{"line":36,"column":24},"end":{"line":36,"column":74}},"19":{"start":{"line":38,"column":2},"end":{"line":39,"column":75}},"20":{"start":{"line":39,"column":23},"end":{"line":39,"column":74}},"21":{"start":{"line":41,"column":2},"end":{"line":45,"column":92}},"22":{"start":{"line":42,"column":29},"end":{"line":42,"column":71}},"23":{"start":{"line":43,"column":29},"end":{"line":43,"column":76}},"24":{"start":{"line":44,"column":29},"end":{"line":44,"column":76}},"25":{"start":{"line":45,"column":26},"end":{"line":45,"column":91}},"26":{"start":{"line":47,"column":2},"end":{"line":52,"column":80}},"27":{"start":{"line":48,"column":29},"end":{"line":48,"column":71}},"28":{"start":{"line":49,"column":29},"end":{"line":49,"column":76}},"29":{"start":{"line":50,"column":29},"end":{"line":50,"column":76}},"30":{"start":{"line":51,"column":23},"end":{"line":51,"column":68}},"31":{"start":{"line":52,"column":26},"end":{"line":52,"column":79}},"32":{"start":{"line":54,"column":2},"end":{"line":60,"column":62}},"33":{"start":{"line":55,"column":29},"end":{"line":55,"column":71}},"34":{"start":{"line":56,"column":29},"end":{"line":56,"column":76}},"35":{"start":{"line":57,"column":29},"end":{"line":57,"column":76}},"36":{"start":{"line":58,"column":23},"end":{"line":58,"column":57}},"37":{"start":{"line":59,"column":23},"end":{"line":59,"column":59}},"38":{"start":{"line":60,"column":26},"end":{"line":60,"column":60}},"39":{"start":{"line":62,"column":2},"end":{"line":62,"column":16}}},"fnMap":{"0":{"name":"defineAgenciaRouter","decl":{"start":{"line":11,"column":24},"end":{"line":11,"column":43}},"loc":{"start":{"line":11,"column":45},"end":{"line":63,"column":1}},"line":11},"1":{"name":"(anonymous_1)","decl":{"start":{"line":26,"column":8},"end":{"line":26,"column":9}},"loc":{"start":{"line":26,"column":28},"end":{"line":26,"column":70}},"line":26},"2":{"name":"(anonymous_2)","decl":{"start":{"line":27,"column":8},"end":{"line":27,"column":9}},"loc":{"start":{"line":27,"column":28},"end":{"line":27,"column":75}},"line":27},"3":{"name":"(anonymous_3)","decl":{"start":{"line":28,"column":8},"end":{"line":28,"column":9}},"loc":{"start":{"line":28,"column":28},"end":{"line":28,"column":76}},"line":28},"4":{"name":"(anonymous_4)","decl":{"start":{"line":29,"column":8},"end":{"line":29,"column":9}},"loc":{"start":{"line":29,"column":22},"end":{"line":29,"column":60}},"line":29},"5":{"name":"(anonymous_5)","decl":{"start":{"line":30,"column":9},"end":{"line":30,"column":10}},"loc":{"start":{"line":30,"column":23},"end":{"line":30,"column":56}},"line":30},"6":{"name":"(anonymous_6)","decl":{"start":{"line":33,"column":9},"end":{"line":33,"column":10}},"loc":{"start":{"line":33,"column":29},"end":{"line":33,"column":71}},"line":33},"7":{"name":"(anonymous_7)","decl":{"start":{"line":34,"column":9},"end":{"line":34,"column":10}},"loc":{"start":{"line":34,"column":29},"end":{"line":34,"column":76}},"line":34},"8":{"name":"(anonymous_8)","decl":{"start":{"line":35,"column":9},"end":{"line":35,"column":10}},"loc":{"start":{"line":35,"column":29},"end":{"line":35,"column":76}},"line":35},"9":{"name":"(anonymous_9)","decl":{"start":{"line":36,"column":10},"end":{"line":36,"column":11}},"loc":{"start":{"line":36,"column":24},"end":{"line":36,"column":74}},"line":36},"10":{"name":"(anonymous_10)","decl":{"start":{"line":39,"column":9},"end":{"line":39,"column":10}},"loc":{"start":{"line":39,"column":23},"end":{"line":39,"column":74}},"line":39},"11":{"name":"(anonymous_11)","decl":{"start":{"line":42,"column":9},"end":{"line":42,"column":10}},"loc":{"start":{"line":42,"column":29},"end":{"line":42,"column":71}},"line":42},"12":{"name":"(anonymous_12)","decl":{"start":{"line":43,"column":9},"end":{"line":43,"column":10}},"loc":{"start":{"line":43,"column":29},"end":{"line":43,"column":76}},"line":43},"13":{"name":"(anonymous_13)","decl":{"start":{"line":44,"column":9},"end":{"line":44,"column":10}},"loc":{"start":{"line":44,"column":29},"end":{"line":44,"column":76}},"line":44},"14":{"name":"(anonymous_14)","decl":{"start":{"line":45,"column":12},"end":{"line":45,"column":13}},"loc":{"start":{"line":45,"column":26},"end":{"line":45,"column":91}},"line":45},"15":{"name":"(anonymous_15)","decl":{"start":{"line":48,"column":9},"end":{"line":48,"column":10}},"loc":{"start":{"line":48,"column":29},"end":{"line":48,"column":71}},"line":48},"16":{"name":"(anonymous_16)","decl":{"start":{"line":49,"column":9},"end":{"line":49,"column":10}},"loc":{"start":{"line":49,"column":29},"end":{"line":49,"column":76}},"line":49},"17":{"name":"(anonymous_17)","decl":{"start":{"line":50,"column":9},"end":{"line":50,"column":10}},"loc":{"start":{"line":50,"column":29},"end":{"line":50,"column":76}},"line":50},"18":{"name":"(anonymous_18)","decl":{"start":{"line":51,"column":9},"end":{"line":51,"column":10}},"loc":{"start":{"line":51,"column":23},"end":{"line":51,"column":68}},"line":51},"19":{"name":"(anonymous_19)","decl":{"start":{"line":52,"column":12},"end":{"line":52,"column":13}},"loc":{"start":{"line":52,"column":26},"end":{"line":52,"column":79}},"line":52},"20":{"name":"(anonymous_20)","decl":{"start":{"line":55,"column":9},"end":{"line":55,"column":10}},"loc":{"start":{"line":55,"column":29},"end":{"line":55,"column":71}},"line":55},"21":{"name":"(anonymous_21)","decl":{"start":{"line":56,"column":9},"end":{"line":56,"column":10}},"loc":{"start":{"line":56,"column":29},"end":{"line":56,"column":76}},"line":56},"22":{"name":"(anonymous_22)","decl":{"start":{"line":57,"column":9},"end":{"line":57,"column":10}},"loc":{"start":{"line":57,"column":29},"end":{"line":57,"column":76}},"line":57},"23":{"name":"(anonymous_23)","decl":{"start":{"line":58,"column":9},"end":{"line":58,"column":10}},"loc":{"start":{"line":58,"column":23},"end":{"line":58,"column":57}},"line":58},"24":{"name":"(anonymous_24)","decl":{"start":{"line":59,"column":9},"end":{"line":59,"column":10}},"loc":{"start":{"line":59,"column":23},"end":{"line":59,"column":59}},"line":59},"25":{"name":"(anonymous_25)","decl":{"start":{"line":60,"column":12},"end":{"line":60,"column":13}},"loc":{"start":{"line":60,"column":26},"end":{"line":60,"column":60}},"line":60}},"branchMap":{},"s":{"0":1,"1":1,"2":1,"3":1,"4":1,"5":1,"6":1,"7":1,"8":1,"9":0,"10":0,"11":0,"12":0,"13":0,"14":1,"15":0,"16":0,"17":0,"18":0,"19":1,"20":0,"21":1,"22":0,"23":0,"24":0,"25":0,"26":1,"27":0,"28":0,"29":0,"30":0,"31":0,"32":1,"33":0,"34":0,"35":0,"36":0,"37":0,"38":0,"39":1},"f":{"0":1,"1":0,"2":0,"3":0,"4":0,"5":0,"6":0,"7":0,"8":0,"9":0,"10":0,"11":0,"12":0,"13":0,"14":0,"15":0,"16":0,"17":0,"18":0,"19":0,"20":0,"21":0,"22":0,"23":0,"24":0,"25":0},"b":{},"_coverageSchema":"1a1c01bbd47fc00a2c39e90264f33305004495a9","hash":"92451b2a2691998807b81d77a94713d8af8be08c"}
,"C:\\Users\\suporte\\Documents\\git\\tcc\\dev\\LabTrip\\src\\atividades\\Atividade.js": {"path":"C:\\Users\\suporte\\Documents\\git\\tcc\\dev\\LabTrip\\src\\atividades\\Atividade.js","statementMap":{"0":{"start":{"line":6,"column":6},"end":{"line":6,"column":19}},"1":{"start":{"line":7,"column":6},"end":{"line":7,"column":33}},"2":{"start":{"line":8,"column":6},"end":{"line":8,"column":29}},"3":{"start":{"line":9,"column":6},"end":{"line":9,"column":33}},"4":{"start":{"line":10,"column":6},"end":{"line":10,"column":47}},"5":{"start":{"line":11,"column":6},"end":{"line":11,"column":48}},"6":{"start":{"line":12,"column":6},"end":{"line":12,"column":29}}},"fnMap":{"0":{"name":"(anonymous_0)","decl":{"start":{"line":4,"column":2},"end":{"line":4,"column":3}},"loc":{"start":{"line":4,"column":66},"end":{"line":13,"column":3}},"line":4}},"branchMap":{"0":{"loc":{"start":{"line":4,"column":36},"end":{"line":4,"column":50}},"type":"default-arg","locations":[{"start":{"line":4,"column":46},"end":{"line":4,"column":50}}],"line":4},"1":{"loc":{"start":{"line":4,"column":52},"end":{"line":4,"column":65}},"type":"default-arg","locations":[{"start":{"line":4,"column":57},"end":{"line":4,"column":65}}],"line":4}},"s":{"0":1,"1":1,"2":1,"3":1,"4":1,"5":1,"6":1},"f":{"0":1},"b":{"0":[0],"1":[0]},"_coverageSchema":"1a1c01bbd47fc00a2c39e90264f33305004495a9","hash":"a010d8995590b09bdd732e89cbd14e98ec9acdaa"}
,"C:\\Users\\suporte\\Documents\\git\\tcc\\dev\\LabTrip\\src\\atividades\\AtividadeController.js": {"path":"C:\\Users\\suporte\\Documents\\git\\tcc\\dev\\LabTrip\\src\\atividades\\AtividadeController.js","statementMap":{"0":{"start":{"line":4,"column":27},"end":{"line":15,"column":4}},"1":{"start":{"line":4,"column":43},"end":{"line":15,"column":3}},"2":{"start":{"line":20,"column":6},"end":{"line":20,"column":53}},"3":{"start":{"line":26,"column":6},"end":{"line":38,"column":7}},"4":{"start":{"line":28,"column":10},"end":{"line":28,"column":67}},"5":{"start":{"line":29,"column":10},"end":{"line":29,"column":16}},"6":{"start":{"line":31,"column":10},"end":{"line":31,"column":100}},"7":{"start":{"line":32,"column":10},"end":{"line":32,"column":16}},"8":{"start":{"line":34,"column":10},"end":{"line":34,"column":100}},"9":{"start":{"line":35,"column":10},"end":{"line":35,"column":16}},"10":{"start":{"line":37,"column":10},"end":{"line":37,"column":93}},"11":{"start":{"line":40,"column":6},"end":{"line":40,"column":78}},"12":{"start":{"line":40,"column":54},"end":{"line":40,"column":75}},"13":{"start":{"line":44,"column":43},"end":{"line":44,"column":48}},"14":{"start":{"line":45,"column":25},"end":{"line":45,"column":140}},"15":{"start":{"line":47,"column":6},"end":{"line":47,"column":81}},"16":{"start":{"line":51,"column":53},"end":{"line":51,"column":61}},"17":{"start":{"line":52,"column":6},"end":{"line":62,"column":7}},"18":{"start":{"line":53,"column":27},"end":{"line":53,"column":55}},"19":{"start":{"line":55,"column":26},"end":{"line":55,"column":76}},"20":{"start":{"line":57,"column":8},"end":{"line":57,"column":56}},"21":{"start":{"line":58,"column":8},"end":{"line":58,"column":67}},"22":{"start":{"line":61,"column":8},"end":{"line":61,"column":133}},"23":{"start":{"line":66,"column":6},"end":{"line":66,"column":69}},"24":{"start":{"line":70,"column":20},"end":{"line":70,"column":69}},"25":{"start":{"line":71,"column":6},"end":{"line":71,"column":19}},"26":{"start":{"line":75,"column":34},"end":{"line":75,"column":42}},"27":{"start":{"line":76,"column":24},"end":{"line":76,"column":75}},"28":{"start":{"line":77,"column":20},"end":{"line":77,"column":51}},"29":{"start":{"line":78,"column":6},"end":{"line":84,"column":7}},"30":{"start":{"line":79,"column":36},"end":{"line":79,"column":86}},"31":{"start":{"line":80,"column":8},"end":{"line":80,"column":77}},"32":{"start":{"line":83,"column":8},"end":{"line":83,"column":75}},"33":{"start":{"line":88,"column":6},"end":{"line":88,"column":59}},"34":{"start":{"line":89,"column":6},"end":{"line":89,"column":35}}},"fnMap":{"0":{"name":"(anonymous_0)","decl":{"start":{"line":4,"column":27},"end":{"line":4,"column":28}},"loc":{"start":{"line":4,"column":43},"end":{"line":15,"column":3}},"line":4},"1":{"name":"(anonymous_1)","decl":{"start":{"line":19,"column":4},"end":{"line":19,"column":5}},"loc":{"start":{"line":19,"column":37},"end":{"line":21,"column":5}},"line":19},"2":{"name":"(anonymous_2)","decl":{"start":{"line":24,"column":4},"end":{"line":24,"column":5}},"loc":{"start":{"line":24,"column":31},"end":{"line":41,"column":5}},"line":24},"3":{"name":"(anonymous_3)","decl":{"start":{"line":40,"column":49},"end":{"line":40,"column":50}},"loc":{"start":{"line":40,"column":54},"end":{"line":40,"column":75}},"line":40},"4":{"name":"(anonymous_4)","decl":{"start":{"line":43,"column":4},"end":{"line":43,"column":5}},"loc":{"start":{"line":43,"column":27},"end":{"line":48,"column":5}},"line":43},"5":{"name":"(anonymous_5)","decl":{"start":{"line":50,"column":4},"end":{"line":50,"column":5}},"loc":{"start":{"line":50,"column":25},"end":{"line":63,"column":5}},"line":50},"6":{"name":"(anonymous_6)","decl":{"start":{"line":65,"column":4},"end":{"line":65,"column":5}},"loc":{"start":{"line":65,"column":20},"end":{"line":67,"column":5}},"line":65},"7":{"name":"(anonymous_7)","decl":{"start":{"line":69,"column":4},"end":{"line":69,"column":5}},"loc":{"start":{"line":69,"column":24},"end":{"line":72,"column":5}},"line":69},"8":{"name":"(anonymous_8)","decl":{"start":{"line":74,"column":4},"end":{"line":74,"column":5}},"loc":{"start":{"line":74,"column":27},"end":{"line":85,"column":5}},"line":74},"9":{"name":"(anonymous_9)","decl":{"start":{"line":87,"column":4},"end":{"line":87,"column":5}},"loc":{"start":{"line":87,"column":26},"end":{"line":90,"column":5}},"line":87}},"branchMap":{"0":{"loc":{"start":{"line":26,"column":6},"end":{"line":38,"column":7}},"type":"switch","locations":[{"start":{"line":27,"column":8},"end":{"line":29,"column":16}},{"start":{"line":30,"column":8},"end":{"line":32,"column":16}},{"start":{"line":33,"column":8},"end":{"line":35,"column":16}},{"start":{"line":36,"column":8},"end":{"line":37,"column":93}}],"line":26},"1":{"loc":{"start":{"line":47,"column":13},"end":{"line":47,"column":80}},"type":"binary-expr","locations":[{"start":{"line":47,"column":13},"end":{"line":47,"column":66}},{"start":{"line":47,"column":70},"end":{"line":47,"column":80}}],"line":47},"2":{"loc":{"start":{"line":52,"column":6},"end":{"line":62,"column":7}},"type":"if","locations":[{"start":{"line":52,"column":6},"end":{"line":62,"column":7}},{"start":{"line":52,"column":6},"end":{"line":62,"column":7}}],"line":52},"3":{"loc":{"start":{"line":52,"column":9},"end":{"line":52,"column":77}},"type":"binary-expr","locations":[{"start":{"line":52,"column":9},"end":{"line":52,"column":41}},{"start":{"line":52,"column":45},"end":{"line":52,"column":77}}],"line":52},"4":{"loc":{"start":{"line":78,"column":6},"end":{"line":84,"column":7}},"type":"if","locations":[{"start":{"line":78,"column":6},"end":{"line":84,"column":7}},{"start":{"line":78,"column":6},"end":{"line":84,"column":7}}],"line":78}},"s":{"0":1,"1":0,"2":1,"3":0,"4":0,"5":0,"6":0,"7":0,"8":0,"9":0,"10":0,"11":0,"12":0,"13":0,"14":0,"15":0,"16":0,"17":0,"18":0,"19":0,"20":0,"21":0,"22":0,"23":0,"24":0,"25":0,"26":0,"27":0,"28":0,"29":0,"30":0,"31":0,"32":0,"33":0,"34":0},"f":{"0":0,"1":1,"2":0,"3":0,"4":0,"5":0,"6":0,"7":0,"8":0,"9":0},"b":{"0":[0,0,0,0],"1":[0,0],"2":[0,0],"3":[0,0],"4":[0,0]},"_coverageSchema":"1a1c01bbd47fc00a2c39e90264f33305004495a9","hash":"e39ec3976af010ff11a73e3c5984a53665fc0286"}
,"C:\\Users\\suporte\\Documents\\git\\tcc\\dev\\LabTrip\\src\\atividades\\AtividadeMiddleware.js": {"path":"C:\\Users\\suporte\\Documents\\git\\tcc\\dev\\LabTrip\\src\\atividades\\AtividadeMiddleware.js","statementMap":{"0":{"start":{"line":4,"column":6},"end":{"line":4,"column":53}},"1":{"start":{"line":8,"column":24},"end":{"line":8,"column":64}},"2":{"start":{"line":9,"column":6},"end":{"line":11,"column":7}},"3":{"start":{"line":10,"column":8},"end":{"line":10,"column":119}},"4":{"start":{"line":12,"column":6},"end":{"line":12,"column":32}},"5":{"start":{"line":13,"column":6},"end":{"line":13,"column":13}},"6":{"start":{"line":18,"column":6},"end":{"line":30,"column":7}},"7":{"start":{"line":20,"column":10},"end":{"line":20,"column":17}},"8":{"start":{"line":21,"column":10},"end":{"line":21,"column":16}},"9":{"start":{"line":23,"column":10},"end":{"line":23,"column":17}},"10":{"start":{"line":24,"column":10},"end":{"line":24,"column":16}},"11":{"start":{"line":26,"column":10},"end":{"line":26,"column":17}},"12":{"start":{"line":27,"column":10},"end":{"line":27,"column":16}},"13":{"start":{"line":29,"column":10},"end":{"line":29,"column":93}},"14":{"start":{"line":36,"column":6},"end":{"line":48,"column":7}},"15":{"start":{"line":38,"column":10},"end":{"line":38,"column":73}},"16":{"start":{"line":39,"column":10},"end":{"line":39,"column":16}},"17":{"start":{"line":41,"column":10},"end":{"line":41,"column":108}},"18":{"start":{"line":42,"column":10},"end":{"line":42,"column":16}},"19":{"start":{"line":44,"column":10},"end":{"line":44,"column":108}},"20":{"start":{"line":45,"column":10},"end":{"line":45,"column":16}},"21":{"start":{"line":47,"column":10},"end":{"line":47,"column":27}}},"fnMap":{"0":{"name":"(anonymous_0)","decl":{"start":{"line":3,"column":4},"end":{"line":3,"column":5}},"loc":{"start":{"line":3,"column":36},"end":{"line":5,"column":5}},"line":3},"1":{"name":"(anonymous_1)","decl":{"start":{"line":7,"column":4},"end":{"line":7,"column":5}},"loc":{"start":{"line":7,"column":41},"end":{"line":14,"column":5}},"line":7},"2":{"name":"(anonymous_2)","decl":{"start":{"line":16,"column":4},"end":{"line":16,"column":5}},"loc":{"start":{"line":16,"column":40},"end":{"line":32,"column":5}},"line":16},"3":{"name":"(anonymous_3)","decl":{"start":{"line":34,"column":4},"end":{"line":34,"column":5}},"loc":{"start":{"line":34,"column":39},"end":{"line":50,"column":5}},"line":34}},"branchMap":{"0":{"loc":{"start":{"line":9,"column":6},"end":{"line":11,"column":7}},"type":"if","locations":[{"start":{"line":9,"column":6},"end":{"line":11,"column":7}},{"start":{"line":9,"column":6},"end":{"line":11,"column":7}}],"line":9},"1":{"loc":{"start":{"line":18,"column":6},"end":{"line":30,"column":7}},"type":"switch","locations":[{"start":{"line":19,"column":8},"end":{"line":21,"column":16}},{"start":{"line":22,"column":8},"end":{"line":24,"column":16}},{"start":{"line":25,"column":8},"end":{"line":27,"column":16}},{"start":{"line":28,"column":8},"end":{"line":29,"column":93}}],"line":18},"2":{"loc":{"start":{"line":36,"column":6},"end":{"line":48,"column":7}},"type":"switch","locations":[{"start":{"line":37,"column":8},"end":{"line":39,"column":16}},{"start":{"line":40,"column":8},"end":{"line":42,"column":16}},{"start":{"line":43,"column":8},"end":{"line":45,"column":16}},{"start":{"line":46,"column":8},"end":{"line":47,"column":27}}],"line":36}},"s":{"0":1,"1":0,"2":0,"3":0,"4":0,"5":0,"6":0,"7":0,"8":0,"9":0,"10":0,"11":0,"12":0,"13":0,"14":0,"15":0,"16":0,"17":0,"18":0,"19":0,"20":0,"21":0},"f":{"0":1,"1":0,"2":0,"3":0},"b":{"0":[0,0],"1":[0,0,0,0],"2":[0,0,0,0]},"_coverageSchema":"1a1c01bbd47fc00a2c39e90264f33305004495a9","hash":"9941203cacedf736e468a890ba0475fe685df29d"}
,"C:\\Users\\suporte\\Documents\\git\\tcc\\dev\\LabTrip\\src\\atividades\\AtividadeRepository.js": {"path":"C:\\Users\\suporte\\Documents\\git\\tcc\\dev\\LabTrip\\src\\atividades\\AtividadeRepository.js","statementMap":{"0":{"start":{"line":3,"column":6},"end":{"line":3,"column":27}},"1":{"start":{"line":7,"column":6},"end":{"line":8,"column":59}},"2":{"start":{"line":12,"column":6},"end":{"line":14,"column":60}},"3":{"start":{"line":18,"column":25},"end":{"line":20,"column":23}},"4":{"start":{"line":22,"column":8},"end":{"line":22,"column":24}},"5":{"start":{"line":26,"column":25},"end":{"line":38,"column":23}},"6":{"start":{"line":40,"column":8},"end":{"line":40,"column":24}},"7":{"start":{"line":44,"column":6},"end":{"line":45,"column":46}},"8":{"start":{"line":49,"column":6},"end":{"line":51,"column":54}},"9":{"start":{"line":55,"column":6},"end":{"line":58,"column":71}},"10":{"start":{"line":62,"column":25},"end":{"line":69,"column":23}},"11":{"start":{"line":71,"column":8},"end":{"line":71,"column":24}},"12":{"start":{"line":75,"column":6},"end":{"line":79,"column":11}}},"fnMap":{"0":{"name":"(anonymous_0)","decl":{"start":{"line":2,"column":4},"end":{"line":2,"column":5}},"loc":{"start":{"line":2,"column":23},"end":{"line":4,"column":5}},"line":2},"1":{"name":"(anonymous_1)","decl":{"start":{"line":6,"column":4},"end":{"line":6,"column":5}},"loc":{"start":{"line":6,"column":22},"end":{"line":9,"column":5}},"line":6},"2":{"name":"(anonymous_2)","decl":{"start":{"line":11,"column":4},"end":{"line":11,"column":5}},"loc":{"start":{"line":11,"column":45},"end":{"line":15,"column":5}},"line":11},"3":{"name":"(anonymous_3)","decl":{"start":{"line":17,"column":4},"end":{"line":17,"column":5}},"loc":{"start":{"line":17,"column":26},"end":{"line":23,"column":5}},"line":17},"4":{"name":"(anonymous_4)","decl":{"start":{"line":25,"column":4},"end":{"line":25,"column":5}},"loc":{"start":{"line":25,"column":27},"end":{"line":41,"column":5}},"line":25},"5":{"name":"(anonymous_5)","decl":{"start":{"line":43,"column":4},"end":{"line":43,"column":5}},"loc":{"start":{"line":43,"column":29},"end":{"line":46,"column":5}},"line":43},"6":{"name":"(anonymous_6)","decl":{"start":{"line":48,"column":4},"end":{"line":48,"column":5}},"loc":{"start":{"line":48,"column":24},"end":{"line":52,"column":5}},"line":48},"7":{"name":"(anonymous_7)","decl":{"start":{"line":54,"column":4},"end":{"line":54,"column":5}},"loc":{"start":{"line":54,"column":49},"end":{"line":59,"column":5}},"line":54},"8":{"name":"(anonymous_8)","decl":{"start":{"line":61,"column":4},"end":{"line":61,"column":5}},"loc":{"start":{"line":61,"column":29},"end":{"line":72,"column":5}},"line":61},"9":{"name":"(anonymous_9)","decl":{"start":{"line":74,"column":4},"end":{"line":74,"column":5}},"loc":{"start":{"line":74,"column":27},"end":{"line":80,"column":5}},"line":74}},"branchMap":{},"s":{"0":1,"1":0,"2":0,"3":0,"4":0,"5":0,"6":0,"7":0,"8":0,"9":0,"10":0,"11":0,"12":0},"f":{"0":1,"1":0,"2":0,"3":0,"4":0,"5":0,"6":0,"7":0,"8":0,"9":0},"b":{},"_coverageSchema":"1a1c01bbd47fc00a2c39e90264f33305004495a9","hash":"10af5c343b8a686e42762b9aa64812a94a08c3ab"}
,"C:\\Users\\suporte\\Documents\\git\\tcc\\dev\\LabTrip\\src\\atividades\\AtividadeRouter.js": {"path":"C:\\Users\\suporte\\Documents\\git\\tcc\\dev\\LabTrip\\src\\atividades\\AtividadeRouter.js","statementMap":{"0":{"start":{"line":12,"column":17},"end":{"line":12,"column":33}},"1":{"start":{"line":14,"column":30},"end":{"line":14,"column":61}},"2":{"start":{"line":15,"column":30},"end":{"line":15,"column":74}},"3":{"start":{"line":16,"column":30},"end":{"line":16,"column":74}},"4":{"start":{"line":18,"column":26},"end":{"line":18,"column":53}},"5":{"start":{"line":19,"column":26},"end":{"line":19,"column":62}},"6":{"start":{"line":21,"column":31},"end":{"line":21,"column":63}},"7":{"start":{"line":22,"column":31},"end":{"line":22,"column":77}},"8":{"start":{"line":24,"column":2},"end":{"line":28,"column":60}},"9":{"start":{"line":25,"column":28},"end":{"line":25,"column":70}},"10":{"start":{"line":26,"column":28},"end":{"line":26,"column":75}},"11":{"start":{"line":27,"column":22},"end":{"line":27,"column":62}},"12":{"start":{"line":28,"column":23},"end":{"line":28,"column":58}},"13":{"start":{"line":30,"column":2},"end":{"line":36,"column":64}},"14":{"start":{"line":31,"column":29},"end":{"line":31,"column":71}},"15":{"start":{"line":32,"column":29},"end":{"line":32,"column":76}},"16":{"start":{"line":33,"column":29},"end":{"line":33,"column":80}},"17":{"start":{"line":34,"column":23},"end":{"line":34,"column":59}},"18":{"start":{"line":35,"column":23},"end":{"line":35,"column":61}},"19":{"start":{"line":36,"column":26},"end":{"line":36,"column":62}},"20":{"start":{"line":38,"column":2},"end":{"line":38,"column":16}}},"fnMap":{"0":{"name":"defineAtividadeRouter","decl":{"start":{"line":11,"column":24},"end":{"line":11,"column":45}},"loc":{"start":{"line":11,"column":47},"end":{"line":39,"column":1}},"line":11},"1":{"name":"(anonymous_1)","decl":{"start":{"line":25,"column":8},"end":{"line":25,"column":9}},"loc":{"start":{"line":25,"column":28},"end":{"line":25,"column":70}},"line":25},"2":{"name":"(anonymous_2)","decl":{"start":{"line":26,"column":8},"end":{"line":26,"column":9}},"loc":{"start":{"line":26,"column":28},"end":{"line":26,"column":75}},"line":26},"3":{"name":"(anonymous_3)","decl":{"start":{"line":27,"column":8},"end":{"line":27,"column":9}},"loc":{"start":{"line":27,"column":22},"end":{"line":27,"column":62}},"line":27},"4":{"name":"(anonymous_4)","decl":{"start":{"line":28,"column":9},"end":{"line":28,"column":10}},"loc":{"start":{"line":28,"column":23},"end":{"line":28,"column":58}},"line":28},"5":{"name":"(anonymous_5)","decl":{"start":{"line":31,"column":9},"end":{"line":31,"column":10}},"loc":{"start":{"line":31,"column":29},"end":{"line":31,"column":71}},"line":31},"6":{"name":"(anonymous_6)","decl":{"start":{"line":32,"column":9},"end":{"line":32,"column":10}},"loc":{"start":{"line":32,"column":29},"end":{"line":32,"column":76}},"line":32},"7":{"name":"(anonymous_7)","decl":{"start":{"line":33,"column":9},"end":{"line":33,"column":10}},"loc":{"start":{"line":33,"column":29},"end":{"line":33,"column":80}},"line":33},"8":{"name":"(anonymous_8)","decl":{"start":{"line":34,"column":9},"end":{"line":34,"column":10}},"loc":{"start":{"line":34,"column":23},"end":{"line":34,"column":59}},"line":34},"9":{"name":"(anonymous_9)","decl":{"start":{"line":35,"column":9},"end":{"line":35,"column":10}},"loc":{"start":{"line":35,"column":23},"end":{"line":35,"column":61}},"line":35},"10":{"name":"(anonymous_10)","decl":{"start":{"line":36,"column":12},"end":{"line":36,"column":13}},"loc":{"start":{"line":36,"column":26},"end":{"line":36,"column":62}},"line":36}},"branchMap":{},"s":{"0":1,"1":1,"2":1,"3":1,"4":1,"5":1,"6":1,"7":1,"8":1,"9":0,"10":0,"11":0,"12":0,"13":1,"14":0,"15":0,"16":0,"17":0,"18":0,"19":0,"20":1},"f":{"0":1,"1":0,"2":0,"3":0,"4":0,"5":0,"6":0,"7":0,"8":0,"9":0,"10":0},"b":{},"_coverageSchema":"1a1c01bbd47fc00a2c39e90264f33305004495a9","hash":"48bbf312b9734ec9305fbdf533f11ddbbadf69dd"}
,"C:\\Users\\suporte\\Documents\\git\\tcc\\dev\\LabTrip\\src\\locais\\Local.js": {"path":"C:\\Users\\suporte\\Documents\\git\\tcc\\dev\\LabTrip\\src\\locais\\Local.js","statementMap":{"0":{"start":{"line":4,"column":4},"end":{"line":4,"column":17}},"1":{"start":{"line":5,"column":4},"end":{"line":5,"column":23}},"2":{"start":{"line":6,"column":4},"end":{"line":6,"column":29}},"3":{"start":{"line":7,"column":4},"end":{"line":7,"column":25}},"4":{"start":{"line":8,"column":4},"end":{"line":8,"column":21}},"5":{"start":{"line":9,"column":4},"end":{"line":9,"column":29}},"6":{"start":{"line":10,"column":4},"end":{"line":10,"column":31}}},"fnMap":{"0":{"name":"(anonymous_0)","decl":{"start":{"line":3,"column":2},"end":{"line":3,"column":3}},"loc":{"start":{"line":3,"column":76},"end":{"line":11,"column":3}},"line":3}},"branchMap":{"0":{"loc":{"start":{"line":3,"column":66},"end":{"line":3,"column":75}},"type":"default-arg","locations":[{"start":{"line":3,"column":71},"end":{"line":3,"column":75}}],"line":3}},"s":{"0":1,"1":1,"2":1,"3":1,"4":1,"5":1,"6":1},"f":{"0":1},"b":{"0":[0]},"_coverageSchema":"1a1c01bbd47fc00a2c39e90264f33305004495a9","hash":"2c19430ea9eefeb975f9adf11dd89e23a8f39916"}
,"C:\\Users\\suporte\\Documents\\git\\tcc\\dev\\LabTrip\\src\\locais\\LocalController.js": {"path":"C:\\Users\\suporte\\Documents\\git\\tcc\\dev\\LabTrip\\src\\locais\\LocalController.js","statementMap":{"0":{"start":{"line":3,"column":23},"end":{"line":11,"column":4}},"1":{"start":{"line":3,"column":35},"end":{"line":11,"column":3}},"2":{"start":{"line":17,"column":6},"end":{"line":17,"column":45}},"3":{"start":{"line":22,"column":21},"end":{"line":22,"column":60}},"4":{"start":{"line":23,"column":6},"end":{"line":23,"column":63}},"5":{"start":{"line":23,"column":43},"end":{"line":23,"column":60}},"6":{"start":{"line":27,"column":39},"end":{"line":27,"column":47}},"7":{"start":{"line":28,"column":25},"end":{"line":28,"column":136}},"8":{"start":{"line":29,"column":6},"end":{"line":29,"column":96}},"9":{"start":{"line":33,"column":6},"end":{"line":33,"column":61}},"10":{"start":{"line":37,"column":34},"end":{"line":37,"column":42}},"11":{"start":{"line":38,"column":20},"end":{"line":38,"column":67}},"12":{"start":{"line":40,"column":30},"end":{"line":40,"column":72}},"13":{"start":{"line":41,"column":6},"end":{"line":41,"column":67}},"14":{"start":{"line":46,"column":6},"end":{"line":46,"column":51}},"15":{"start":{"line":47,"column":6},"end":{"line":47,"column":35}}},"fnMap":{"0":{"name":"(anonymous_0)","decl":{"start":{"line":3,"column":23},"end":{"line":3,"column":24}},"loc":{"start":{"line":3,"column":35},"end":{"line":11,"column":3}},"line":3},"1":{"name":"(anonymous_1)","decl":{"start":{"line":16,"column":4},"end":{"line":16,"column":5}},"loc":{"start":{"line":16,"column":33},"end":{"line":18,"column":5}},"line":16},"2":{"name":"(anonymous_2)","decl":{"start":{"line":21,"column":4},"end":{"line":21,"column":5}},"loc":{"start":{"line":21,"column":31},"end":{"line":24,"column":5}},"line":21},"3":{"name":"(anonymous_3)","decl":{"start":{"line":23,"column":38},"end":{"line":23,"column":39}},"loc":{"start":{"line":23,"column":43},"end":{"line":23,"column":60}},"line":23},"4":{"name":"(anonymous_4)","decl":{"start":{"line":26,"column":4},"end":{"line":26,"column":5}},"loc":{"start":{"line":26,"column":25},"end":{"line":30,"column":5}},"line":26},"5":{"name":"(anonymous_5)","decl":{"start":{"line":32,"column":4},"end":{"line":32,"column":5}},"loc":{"start":{"line":32,"column":20},"end":{"line":34,"column":5}},"line":32},"6":{"name":"(anonymous_6)","decl":{"start":{"line":36,"column":4},"end":{"line":36,"column":5}},"loc":{"start":{"line":36,"column":27},"end":{"line":42,"column":5}},"line":36},"7":{"name":"(anonymous_7)","decl":{"start":{"line":45,"column":4},"end":{"line":45,"column":5}},"loc":{"start":{"line":45,"column":26},"end":{"line":48,"column":5}},"line":45}},"branchMap":{},"s":{"0":1,"1":0,"2":1,"3":0,"4":0,"5":0,"6":0,"7":0,"8":0,"9":0,"10":0,"11":0,"12":0,"13":0,"14":0,"15":0},"f":{"0":0,"1":1,"2":0,"3":0,"4":0,"5":0,"6":0,"7":0},"b":{},"_coverageSchema":"1a1c01bbd47fc00a2c39e90264f33305004495a9","hash":"482b93a5e95c920e0cce921bc86c21af20f07660"}
,"C:\\Users\\suporte\\Documents\\git\\tcc\\dev\\LabTrip\\src\\locais\\LocalMiddleware.js": {"path":"C:\\Users\\suporte\\Documents\\git\\tcc\\dev\\LabTrip\\src\\locais\\LocalMiddleware.js","statementMap":{"0":{"start":{"line":6,"column":6},"end":{"line":6,"column":45}},"1":{"start":{"line":10,"column":20},"end":{"line":10,"column":57}},"2":{"start":{"line":11,"column":6},"end":{"line":13,"column":7}},"3":{"start":{"line":12,"column":8},"end":{"line":12,"column":116}},"4":{"start":{"line":14,"column":6},"end":{"line":14,"column":24}},"5":{"start":{"line":15,"column":6},"end":{"line":15,"column":13}},"6":{"start":{"line":20,"column":6},"end":{"line":32,"column":7}},"7":{"start":{"line":22,"column":10},"end":{"line":22,"column":17}},"8":{"start":{"line":23,"column":10},"end":{"line":23,"column":16}},"9":{"start":{"line":25,"column":10},"end":{"line":25,"column":17}},"10":{"start":{"line":26,"column":10},"end":{"line":26,"column":16}},"11":{"start":{"line":28,"column":10},"end":{"line":28,"column":17}},"12":{"start":{"line":29,"column":10},"end":{"line":29,"column":16}},"13":{"start":{"line":31,"column":10},"end":{"line":31,"column":93}},"14":{"start":{"line":38,"column":6},"end":{"line":44,"column":7}},"15":{"start":{"line":40,"column":10},"end":{"line":40,"column":69}},"16":{"start":{"line":41,"column":10},"end":{"line":41,"column":16}},"17":{"start":{"line":43,"column":10},"end":{"line":43,"column":27}}},"fnMap":{"0":{"name":"(anonymous_0)","decl":{"start":{"line":5,"column":4},"end":{"line":5,"column":5}},"loc":{"start":{"line":5,"column":32},"end":{"line":7,"column":5}},"line":5},"1":{"name":"(anonymous_1)","decl":{"start":{"line":9,"column":4},"end":{"line":9,"column":5}},"loc":{"start":{"line":9,"column":37},"end":{"line":16,"column":5}},"line":9},"2":{"name":"(anonymous_2)","decl":{"start":{"line":18,"column":4},"end":{"line":18,"column":5}},"loc":{"start":{"line":18,"column":40},"end":{"line":34,"column":5}},"line":18},"3":{"name":"(anonymous_3)","decl":{"start":{"line":36,"column":4},"end":{"line":36,"column":5}},"loc":{"start":{"line":36,"column":36},"end":{"line":46,"column":5}},"line":36}},"branchMap":{"0":{"loc":{"start":{"line":11,"column":6},"end":{"line":13,"column":7}},"type":"if","locations":[{"start":{"line":11,"column":6},"end":{"line":13,"column":7}},{"start":{"line":11,"column":6},"end":{"line":13,"column":7}}],"line":11},"1":{"loc":{"start":{"line":20,"column":6},"end":{"line":32,"column":7}},"type":"switch","locations":[{"start":{"line":21,"column":8},"end":{"line":23,"column":16}},{"start":{"line":24,"column":8},"end":{"line":26,"column":16}},{"start":{"line":27,"column":8},"end":{"line":29,"column":16}},{"start":{"line":30,"column":8},"end":{"line":31,"column":93}}],"line":20},"2":{"loc":{"start":{"line":38,"column":6},"end":{"line":44,"column":7}},"type":"switch","locations":[{"start":{"line":39,"column":8},"end":{"line":41,"column":16}},{"start":{"line":42,"column":8},"end":{"line":43,"column":27}}],"line":38}},"s":{"0":1,"1":0,"2":0,"3":0,"4":0,"5":0,"6":0,"7":0,"8":0,"9":0,"10":0,"11":0,"12":0,"13":0,"14":0,"15":0,"16":0,"17":0},"f":{"0":1,"1":0,"2":0,"3":0},"b":{"0":[0,0],"1":[0,0,0,0],"2":[0,0]},"_coverageSchema":"1a1c01bbd47fc00a2c39e90264f33305004495a9","hash":"0025375d28bea173bd8000d1b4dc4aa887948781"}
,"C:\\Users\\suporte\\Documents\\git\\tcc\\dev\\LabTrip\\src\\locais\\LocalRepository.js": {"path":"C:\\Users\\suporte\\Documents\\git\\tcc\\dev\\LabTrip\\src\\locais\\LocalRepository.js","statementMap":{"0":{"start":{"line":3,"column":6},"end":{"line":3,"column":27}},"1":{"start":{"line":7,"column":6},"end":{"line":7,"column":40}},"2":{"start":{"line":11,"column":25},"end":{"line":20,"column":23}},"3":{"start":{"line":22,"column":8},"end":{"line":22,"column":24}},"4":{"start":{"line":26,"column":6},"end":{"line":27,"column":46}},"5":{"start":{"line":31,"column":25},"end":{"line":41,"column":23}},"6":{"start":{"line":43,"column":8},"end":{"line":43,"column":24}},"7":{"start":{"line":47,"column":6},"end":{"line":49,"column":18}}},"fnMap":{"0":{"name":"(anonymous_0)","decl":{"start":{"line":2,"column":4},"end":{"line":2,"column":5}},"loc":{"start":{"line":2,"column":23},"end":{"line":4,"column":5}},"line":2},"1":{"name":"(anonymous_1)","decl":{"start":{"line":6,"column":4},"end":{"line":6,"column":5}},"loc":{"start":{"line":6,"column":22},"end":{"line":8,"column":5}},"line":6},"2":{"name":"(anonymous_2)","decl":{"start":{"line":10,"column":4},"end":{"line":10,"column":5}},"loc":{"start":{"line":10,"column":22},"end":{"line":23,"column":5}},"line":10},"3":{"name":"(anonymous_3)","decl":{"start":{"line":25,"column":4},"end":{"line":25,"column":5}},"loc":{"start":{"line":25,"column":24},"end":{"line":28,"column":5}},"line":25},"4":{"name":"(anonymous_4)","decl":{"start":{"line":30,"column":4},"end":{"line":30,"column":5}},"loc":{"start":{"line":30,"column":25},"end":{"line":44,"column":5}},"line":30},"5":{"name":"(anonymous_5)","decl":{"start":{"line":46,"column":4},"end":{"line":46,"column":5}},"loc":{"start":{"line":46,"column":23},"end":{"line":50,"column":5}},"line":46}},"branchMap":{},"s":{"0":1,"1":0,"2":0,"3":0,"4":0,"5":0,"6":0,"7":0},"f":{"0":1,"1":0,"2":0,"3":0,"4":0,"5":0},"b":{},"_coverageSchema":"1a1c01bbd47fc00a2c39e90264f33305004495a9","hash":"108631a872e5f9a766a5b61a11fdea4e811d861e"}
,"C:\\Users\\suporte\\Documents\\git\\tcc\\dev\\LabTrip\\src\\locais\\LocalRouter.js": {"path":"C:\\Users\\suporte\\Documents\\git\\tcc\\dev\\LabTrip\\src\\locais\\LocalRouter.js","statementMap":{"0":{"start":{"line":12,"column":17},"end":{"line":12,"column":33}},"1":{"start":{"line":14,"column":26},"end":{"line":14,"column":53}},"2":{"start":{"line":15,"column":26},"end":{"line":15,"column":62}},"3":{"start":{"line":16,"column":26},"end":{"line":16,"column":62}},"4":{"start":{"line":18,"column":26},"end":{"line":18,"column":53}},"5":{"start":{"line":19,"column":26},"end":{"line":19,"column":62}},"6":{"start":{"line":21,"column":31},"end":{"line":21,"column":63}},"7":{"start":{"line":22,"column":31},"end":{"line":22,"column":77}},"8":{"start":{"line":24,"column":2},"end":{"line":29,"column":56}},"9":{"start":{"line":25,"column":28},"end":{"line":25,"column":70}},"10":{"start":{"line":26,"column":28},"end":{"line":26,"column":75}},"11":{"start":{"line":27,"column":28},"end":{"line":27,"column":74}},"12":{"start":{"line":28,"column":22},"end":{"line":28,"column":58}},"13":{"start":{"line":29,"column":23},"end":{"line":29,"column":54}},"14":{"start":{"line":31,"column":2},"end":{"line":37,"column":60}},"15":{"start":{"line":32,"column":29},"end":{"line":32,"column":71}},"16":{"start":{"line":33,"column":29},"end":{"line":33,"column":76}},"17":{"start":{"line":34,"column":29},"end":{"line":34,"column":72}},"18":{"start":{"line":35,"column":23},"end":{"line":35,"column":55}},"19":{"start":{"line":36,"column":23},"end":{"line":36,"column":57}},"20":{"start":{"line":37,"column":26},"end":{"line":37,"column":58}},"21":{"start":{"line":39,"column":2},"end":{"line":39,"column":16}}},"fnMap":{"0":{"name":"defineLocalRouter","decl":{"start":{"line":11,"column":24},"end":{"line":11,"column":41}},"loc":{"start":{"line":11,"column":43},"end":{"line":40,"column":1}},"line":11},"1":{"name":"(anonymous_1)","decl":{"start":{"line":25,"column":8},"end":{"line":25,"column":9}},"loc":{"start":{"line":25,"column":28},"end":{"line":25,"column":70}},"line":25},"2":{"name":"(anonymous_2)","decl":{"start":{"line":26,"column":8},"end":{"line":26,"column":9}},"loc":{"start":{"line":26,"column":28},"end":{"line":26,"column":75}},"line":26},"3":{"name":"(anonymous_3)","decl":{"start":{"line":27,"column":8},"end":{"line":27,"column":9}},"loc":{"start":{"line":27,"column":28},"end":{"line":27,"column":74}},"line":27},"4":{"name":"(anonymous_4)","decl":{"start":{"line":28,"column":8},"end":{"line":28,"column":9}},"loc":{"start":{"line":28,"column":22},"end":{"line":28,"column":58}},"line":28},"5":{"name":"(anonymous_5)","decl":{"start":{"line":29,"column":9},"end":{"line":29,"column":10}},"loc":{"start":{"line":29,"column":23},"end":{"line":29,"column":54}},"line":29},"6":{"name":"(anonymous_6)","decl":{"start":{"line":32,"column":9},"end":{"line":32,"column":10}},"loc":{"start":{"line":32,"column":29},"end":{"line":32,"column":71}},"line":32},"7":{"name":"(anonymous_7)","decl":{"start":{"line":33,"column":9},"end":{"line":33,"column":10}},"loc":{"start":{"line":33,"column":29},"end":{"line":33,"column":76}},"line":33},"8":{"name":"(anonymous_8)","decl":{"start":{"line":34,"column":9},"end":{"line":34,"column":10}},"loc":{"start":{"line":34,"column":29},"end":{"line":34,"column":72}},"line":34},"9":{"name":"(anonymous_9)","decl":{"start":{"line":35,"column":9},"end":{"line":35,"column":10}},"loc":{"start":{"line":35,"column":23},"end":{"line":35,"column":55}},"line":35},"10":{"name":"(anonymous_10)","decl":{"start":{"line":36,"column":9},"end":{"line":36,"column":10}},"loc":{"start":{"line":36,"column":23},"end":{"line":36,"column":57}},"line":36},"11":{"name":"(anonymous_11)","decl":{"start":{"line":37,"column":12},"end":{"line":37,"column":13}},"loc":{"start":{"line":37,"column":26},"end":{"line":37,"column":58}},"line":37}},"branchMap":{},"s":{"0":1,"1":1,"2":1,"3":1,"4":1,"5":1,"6":1,"7":1,"8":1,"9":0,"10":0,"11":0,"12":0,"13":0,"14":1,"15":0,"16":0,"17":0,"18":0,"19":0,"20":0,"21":1},"f":{"0":1,"1":0,"2":0,"3":0,"4":0,"5":0,"6":0,"7":0,"8":0,"9":0,"10":0,"11":0},"b":{},"_coverageSchema":"1a1c01bbd47fc00a2c39e90264f33305004495a9","hash":"6f97e701c7562f0407603b98ee279e21ab715282"}
,"C:\\Users\\suporte\\Documents\\git\\tcc\\dev\\LabTrip\\src\\login\\Login.js": {"path":"C:\\Users\\suporte\\Documents\\git\\tcc\\dev\\LabTrip\\src\\login\\Login.js","statementMap":{"0":{"start":{"line":4,"column":4},"end":{"line":4,"column":17}},"1":{"start":{"line":5,"column":4},"end":{"line":5,"column":23}},"2":{"start":{"line":6,"column":4},"end":{"line":6,"column":29}},"3":{"start":{"line":7,"column":4},"end":{"line":7,"column":23}}},"fnMap":{"0":{"name":"(anonymous_0)","decl":{"start":{"line":3,"column":2},"end":{"line":3,"column":3}},"loc":{"start":{"line":3,"column":41},"end":{"line":8,"column":3}},"line":3}},"branchMap":{},"s":{"0":1,"1":1,"2":1,"3":1},"f":{"0":1},"b":{},"_coverageSchema":"1a1c01bbd47fc00a2c39e90264f33305004495a9","hash":"b389a25bc36c59489bed22a596b50b7c9e74a10f"}
,"C:\\Users\\suporte\\Documents\\git\\tcc\\dev\\LabTrip\\src\\login\\LoginController.js": {"path":"C:\\Users\\suporte\\Documents\\git\\tcc\\dev\\LabTrip\\src\\login\\LoginController.js","statementMap":{"0":{"start":{"line":2,"column":12},"end":{"line":2,"column":35}},"1":{"start":{"line":4,"column":27},"end":{"line":4,"column":58}},"2":{"start":{"line":5,"column":19},"end":{"line":5,"column":40}},"3":{"start":{"line":6,"column":0},"end":{"line":6,"column":25}},"4":{"start":{"line":8,"column":18},"end":{"line":19,"column":2}},"5":{"start":{"line":21,"column":23},"end":{"line":30,"column":2}},"6":{"start":{"line":21,"column":37},"end":{"line":30,"column":1}},"7":{"start":{"line":35,"column":4},"end":{"line":35,"column":43}},"8":{"start":{"line":39,"column":26},"end":{"line":39,"column":34}},"9":{"start":{"line":41,"column":20},"end":{"line":41,"column":67}},"10":{"start":{"line":44,"column":4},"end":{"line":67,"column":5}},"11":{"start":{"line":45,"column":6},"end":{"line":46,"column":21}},"12":{"start":{"line":48,"column":9},"end":{"line":67,"column":5}},"13":{"start":{"line":49,"column":25},"end":{"line":54,"column":7}},"14":{"start":{"line":56,"column":6},"end":{"line":59,"column":7}},"15":{"start":{"line":57,"column":28},"end":{"line":57,"column":81}},"16":{"start":{"line":58,"column":8},"end":{"line":58,"column":55}},"17":{"start":{"line":61,"column":20},"end":{"line":61,"column":84}},"18":{"start":{"line":62,"column":26},"end":{"line":62,"column":87}},"19":{"start":{"line":63,"column":6},"end":{"line":63,"column":63}},"20":{"start":{"line":66,"column":6},"end":{"line":66,"column":86}},"21":{"start":{"line":72,"column":18},"end":{"line":72,"column":47}},"22":{"start":{"line":73,"column":4},"end":{"line":83,"column":7}},"23":{"start":{"line":74,"column":8},"end":{"line":76,"column":9}},"24":{"start":{"line":75,"column":10},"end":{"line":75,"column":92}},"25":{"start":{"line":78,"column":8},"end":{"line":78,"column":34}},"26":{"start":{"line":79,"column":8},"end":{"line":79,"column":28}},"27":{"start":{"line":80,"column":8},"end":{"line":80,"column":40}},"28":{"start":{"line":81,"column":8},"end":{"line":81,"column":40}},"29":{"start":{"line":82,"column":8},"end":{"line":82,"column":15}},"30":{"start":{"line":88,"column":20},"end":{"line":88,"column":28}},"31":{"start":{"line":89,"column":30},"end":{"line":89,"column":86}},"32":{"start":{"line":90,"column":20},"end":{"line":90,"column":83}},"33":{"start":{"line":91,"column":4},"end":{"line":91,"column":47}},"34":{"start":{"line":92,"column":4},"end":{"line":92,"column":86}},"35":{"start":{"line":96,"column":39},"end":{"line":96,"column":47}},"36":{"start":{"line":97,"column":18},"end":{"line":97,"column":65}},"37":{"start":{"line":99,"column":4},"end":{"line":104,"column":5}},"38":{"start":{"line":100,"column":6},"end":{"line":100,"column":93}},"39":{"start":{"line":103,"column":6},"end":{"line":103,"column":78}},"40":{"start":{"line":109,"column":46},"end":{"line":109,"column":54}},"41":{"start":{"line":110,"column":18},"end":{"line":110,"column":65}},"42":{"start":{"line":111,"column":4},"end":{"line":117,"column":5}},"43":{"start":{"line":112,"column":6},"end":{"line":112,"column":137}},"44":{"start":{"line":113,"column":6},"end":{"line":113,"column":92}},"45":{"start":{"line":116,"column":6},"end":{"line":116,"column":78}},"46":{"start":{"line":123,"column":4},"end":{"line":128,"column":7}},"47":{"start":{"line":134,"column":18},"end":{"line":174,"column":45}},"48":{"start":{"line":177,"column":4},"end":{"line":177,"column":28}}},"fnMap":{"0":{"name":"(anonymous_0)","decl":{"start":{"line":21,"column":23},"end":{"line":21,"column":24}},"loc":{"start":{"line":21,"column":37},"end":{"line":30,"column":1}},"line":21},"1":{"name":"(anonymous_1)","decl":{"start":{"line":34,"column":2},"end":{"line":34,"column":3}},"loc":{"start":{"line":34,"column":31},"end":{"line":36,"column":3}},"line":34},"2":{"name":"(anonymous_2)","decl":{"start":{"line":38,"column":2},"end":{"line":38,"column":3}},"loc":{"start":{"line":38,"column":27},"end":{"line":69,"column":3}},"line":38},"3":{"name":"(anonymous_3)","decl":{"start":{"line":71,"column":2},"end":{"line":71,"column":3}},"loc":{"start":{"line":71,"column":35},"end":{"line":85,"column":3}},"line":71},"4":{"name":"(anonymous_4)","decl":{"start":{"line":73,"column":42},"end":{"line":73,"column":43}},"loc":{"start":{"line":73,"column":60},"end":{"line":83,"column":5}},"line":73},"5":{"name":"(anonymous_5)","decl":{"start":{"line":87,"column":2},"end":{"line":87,"column":3}},"loc":{"start":{"line":87,"column":28},"end":{"line":93,"column":3}},"line":87},"6":{"name":"(anonymous_6)","decl":{"start":{"line":95,"column":2},"end":{"line":95,"column":3}},"loc":{"start":{"line":95,"column":30},"end":{"line":106,"column":3}},"line":95},"7":{"name":"(anonymous_7)","decl":{"start":{"line":108,"column":2},"end":{"line":108,"column":3}},"loc":{"start":{"line":108,"column":26},"end":{"line":119,"column":3}},"line":108},"8":{"name":"(anonymous_8)","decl":{"start":{"line":121,"column":2},"end":{"line":121,"column":3}},"loc":{"start":{"line":121,"column":39},"end":{"line":130,"column":3}},"line":121},"9":{"name":"(anonymous_9)","decl":{"start":{"line":132,"column":2},"end":{"line":132,"column":3}},"loc":{"start":{"line":132,"column":37},"end":{"line":178,"column":3}},"line":132}},"branchMap":{"0":{"loc":{"start":{"line":44,"column":4},"end":{"line":67,"column":5}},"type":"if","locations":[{"start":{"line":44,"column":4},"end":{"line":67,"column":5}},{"start":{"line":44,"column":4},"end":{"line":67,"column":5}}],"line":44},"1":{"loc":{"start":{"line":48,"column":9},"end":{"line":67,"column":5}},"type":"if","locations":[{"start":{"line":48,"column":9},"end":{"line":67,"column":5}},{"start":{"line":48,"column":9},"end":{"line":67,"column":5}}],"line":48},"2":{"loc":{"start":{"line":56,"column":6},"end":{"line":59,"column":7}},"type":"if","locations":[{"start":{"line":56,"column":6},"end":{"line":59,"column":7}},{"start":{"line":56,"column":6},"end":{"line":59,"column":7}}],"line":56},"3":{"loc":{"start":{"line":56,"column":9},"end":{"line":56,"column":68}},"type":"binary-expr","locations":[{"start":{"line":56,"column":9},"end":{"line":56,"column":16}},{"start":{"line":56,"column":21},"end":{"line":56,"column":42}},{"start":{"line":56,"column":46},"end":{"line":56,"column":67}}],"line":56},"4":{"loc":{"start":{"line":74,"column":8},"end":{"line":76,"column":9}},"type":"if","locations":[{"start":{"line":74,"column":8},"end":{"line":76,"column":9}},{"start":{"line":74,"column":8},"end":{"line":76,"column":9}}],"line":74},"5":{"loc":{"start":{"line":99,"column":4},"end":{"line":104,"column":5}},"type":"if","locations":[{"start":{"line":99,"column":4},"end":{"line":104,"column":5}},{"start":{"line":99,"column":4},"end":{"line":104,"column":5}}],"line":99},"6":{"loc":{"start":{"line":111,"column":4},"end":{"line":117,"column":5}},"type":"if","locations":[{"start":{"line":111,"column":4},"end":{"line":117,"column":5}},{"start":{"line":111,"column":4},"end":{"line":117,"column":5}}],"line":111}},"s":{"0":1,"1":1,"2":1,"3":1,"4":1,"5":1,"6":0,"7":1,"8":0,"9":0,"10":0,"11":0,"12":0,"13":0,"14":0,"15":0,"16":0,"17":0,"18":0,"19":0,"20":0,"21":0,"22":0,"23":0,"24":0,"25":0,"26":0,"27":0,"28":0,"29":0,"30":0,"31":0,"32":0,"33":0,"34":0,"35":0,"36":0,"37":0,"38":0,"39":0,"40":0,"41":0,"42":0,"43":0,"44":0,"45":0,"46":0,"47":0,"48":0},"f":{"0":0,"1":1,"2":0,"3":0,"4":0,"5":0,"6":0,"7":0,"8":0,"9":0},"b":{"0":[0,0],"1":[0,0],"2":[0,0],"3":[0,0,0],"4":[0,0],"5":[0,0],"6":[0,0]},"_coverageSchema":"1a1c01bbd47fc00a2c39e90264f33305004495a9","hash":"4f810c4ef80b16acbf27bd8adc83ba302b70fe5c"}
,"C:\\Users\\suporte\\Documents\\git\\tcc\\dev\\LabTrip\\src\\login\\LoginMiddleware.js": {"path":"C:\\Users\\suporte\\Documents\\git\\tcc\\dev\\LabTrip\\src\\login\\LoginMiddleware.js","statementMap":{"0":{"start":{"line":1,"column":12},"end":{"line":1,"column":35}},"1":{"start":{"line":6,"column":6},"end":{"line":6,"column":49}},"2":{"start":{"line":10,"column":22},"end":{"line":10,"column":80}},"3":{"start":{"line":11,"column":6},"end":{"line":13,"column":7}},"4":{"start":{"line":12,"column":8},"end":{"line":12,"column":76}},"5":{"start":{"line":14,"column":6},"end":{"line":14,"column":28}},"6":{"start":{"line":15,"column":6},"end":{"line":15,"column":13}},"7":{"start":{"line":19,"column":20},"end":{"line":19,"column":49}},"8":{"start":{"line":20,"column":6},"end":{"line":26,"column":9}},"9":{"start":{"line":21,"column":10},"end":{"line":23,"column":11}},"10":{"start":{"line":22,"column":12},"end":{"line":22,"column":94}},"11":{"start":{"line":24,"column":10},"end":{"line":24,"column":30}},"12":{"start":{"line":25,"column":10},"end":{"line":25,"column":17}}},"fnMap":{"0":{"name":"(anonymous_0)","decl":{"start":{"line":5,"column":4},"end":{"line":5,"column":5}},"loc":{"start":{"line":5,"column":34},"end":{"line":7,"column":5}},"line":5},"1":{"name":"(anonymous_1)","decl":{"start":{"line":9,"column":4},"end":{"line":9,"column":5}},"loc":{"start":{"line":9,"column":39},"end":{"line":16,"column":5}},"line":9},"2":{"name":"(anonymous_2)","decl":{"start":{"line":18,"column":4},"end":{"line":18,"column":5}},"loc":{"start":{"line":18,"column":37},"end":{"line":28,"column":5}},"line":18},"3":{"name":"(anonymous_3)","decl":{"start":{"line":20,"column":44},"end":{"line":20,"column":45}},"loc":{"start":{"line":20,"column":62},"end":{"line":26,"column":7}},"line":20}},"branchMap":{"0":{"loc":{"start":{"line":11,"column":6},"end":{"line":13,"column":7}},"type":"if","locations":[{"start":{"line":11,"column":6},"end":{"line":13,"column":7}},{"start":{"line":11,"column":6},"end":{"line":13,"column":7}}],"line":11},"1":{"loc":{"start":{"line":21,"column":10},"end":{"line":23,"column":11}},"type":"if","locations":[{"start":{"line":21,"column":10},"end":{"line":23,"column":11}},{"start":{"line":21,"column":10},"end":{"line":23,"column":11}}],"line":21}},"s":{"0":1,"1":7,"2":0,"3":0,"4":0,"5":0,"6":0,"7":0,"8":0,"9":0,"10":0,"11":0,"12":0},"f":{"0":7,"1":0,"2":0,"3":0},"b":{"0":[0,0],"1":[0,0]},"_coverageSchema":"1a1c01bbd47fc00a2c39e90264f33305004495a9","hash":"88252c11226483e46e66ff50881d819a74fbb71e"}
,"C:\\Users\\suporte\\Documents\\git\\tcc\\dev\\LabTrip\\src\\login\\LoginRepository.js": {"path":"C:\\Users\\suporte\\Documents\\git\\tcc\\dev\\LabTrip\\src\\login\\LoginRepository.js","statementMap":{"0":{"start":{"line":3,"column":6},"end":{"line":3,"column":27}},"1":{"start":{"line":7,"column":6},"end":{"line":8,"column":52}},"2":{"start":{"line":12,"column":25},"end":{"line":16,"column":23}},"3":{"start":{"line":18,"column":6},"end":{"line":18,"column":22}},"4":{"start":{"line":22,"column":6},"end":{"line":23,"column":53}},"5":{"start":{"line":27,"column":25},"end":{"line":33,"column":23}},"6":{"start":{"line":35,"column":6},"end":{"line":35,"column":22}}},"fnMap":{"0":{"name":"(anonymous_0)","decl":{"start":{"line":2,"column":4},"end":{"line":2,"column":5}},"loc":{"start":{"line":2,"column":23},"end":{"line":4,"column":5}},"line":2},"1":{"name":"(anonymous_1)","decl":{"start":{"line":6,"column":4},"end":{"line":6,"column":5}},"loc":{"start":{"line":6,"column":30},"end":{"line":9,"column":5}},"line":6},"2":{"name":"(anonymous_2)","decl":{"start":{"line":11,"column":4},"end":{"line":11,"column":5}},"loc":{"start":{"line":11,"column":46},"end":{"line":19,"column":5}},"line":11},"3":{"name":"(anonymous_3)","decl":{"start":{"line":21,"column":4},"end":{"line":21,"column":5}},"loc":{"start":{"line":21,"column":28},"end":{"line":24,"column":5}},"line":21},"4":{"name":"(anonymous_4)","decl":{"start":{"line":26,"column":4},"end":{"line":26,"column":5}},"loc":{"start":{"line":26,"column":49},"end":{"line":36,"column":5}},"line":26}},"branchMap":{},"s":{"0":7,"1":0,"2":0,"3":0,"4":0,"5":0,"6":0},"f":{"0":7,"1":0,"2":0,"3":0,"4":0},"b":{},"_coverageSchema":"1a1c01bbd47fc00a2c39e90264f33305004495a9","hash":"bfff9abd1149a256f56d4ef6f04959faeaa82381"}
,"C:\\Users\\suporte\\Documents\\git\\tcc\\dev\\LabTrip\\src\\login\\LoginRouter.js": {"path":"C:\\Users\\suporte\\Documents\\git\\tcc\\dev\\LabTrip\\src\\login\\LoginRouter.js","statementMap":{"0":{"start":{"line":8,"column":17},"end":{"line":8,"column":33}},"1":{"start":{"line":10,"column":26},"end":{"line":10,"column":53}},"2":{"start":{"line":11,"column":26},"end":{"line":11,"column":62}},"3":{"start":{"line":12,"column":26},"end":{"line":12,"column":62}},"4":{"start":{"line":14,"column":2},"end":{"line":16,"column":60}},"5":{"start":{"line":15,"column":28},"end":{"line":15,"column":73}},"6":{"start":{"line":16,"column":23},"end":{"line":16,"column":58}},"7":{"start":{"line":18,"column":3},"end":{"line":19,"column":62}},"8":{"start":{"line":19,"column":23},"end":{"line":19,"column":60}},"9":{"start":{"line":21,"column":2},"end":{"line":23,"column":59}},"10":{"start":{"line":22,"column":28},"end":{"line":22,"column":73}},"11":{"start":{"line":23,"column":23},"end":{"line":23,"column":57}},"12":{"start":{"line":25,"column":3},"end":{"line":27,"column":61}},"13":{"start":{"line":26,"column":28},"end":{"line":26,"column":73}},"14":{"start":{"line":27,"column":23},"end":{"line":27,"column":59}},"15":{"start":{"line":29,"column":3},"end":{"line":31,"column":63}},"16":{"start":{"line":30,"column":28},"end":{"line":30,"column":73}},"17":{"start":{"line":31,"column":23},"end":{"line":31,"column":61}},"18":{"start":{"line":33,"column":2},"end":{"line":33,"column":16}}},"fnMap":{"0":{"name":"defineLoginRouter","decl":{"start":{"line":7,"column":24},"end":{"line":7,"column":41}},"loc":{"start":{"line":7,"column":43},"end":{"line":34,"column":1}},"line":7},"1":{"name":"(anonymous_1)","decl":{"start":{"line":15,"column":8},"end":{"line":15,"column":9}},"loc":{"start":{"line":15,"column":28},"end":{"line":15,"column":73}},"line":15},"2":{"name":"(anonymous_2)","decl":{"start":{"line":16,"column":9},"end":{"line":16,"column":10}},"loc":{"start":{"line":16,"column":23},"end":{"line":16,"column":58}},"line":16},"3":{"name":"(anonymous_3)","decl":{"start":{"line":19,"column":9},"end":{"line":19,"column":10}},"loc":{"start":{"line":19,"column":23},"end":{"line":19,"column":60}},"line":19},"4":{"name":"(anonymous_4)","decl":{"start":{"line":22,"column":8},"end":{"line":22,"column":9}},"loc":{"start":{"line":22,"column":28},"end":{"line":22,"column":73}},"line":22},"5":{"name":"(anonymous_5)","decl":{"start":{"line":23,"column":9},"end":{"line":23,"column":10}},"loc":{"start":{"line":23,"column":23},"end":{"line":23,"column":57}},"line":23},"6":{"name":"(anonymous_6)","decl":{"start":{"line":26,"column":8},"end":{"line":26,"column":9}},"loc":{"start":{"line":26,"column":28},"end":{"line":26,"column":73}},"line":26},"7":{"name":"(anonymous_7)","decl":{"start":{"line":27,"column":9},"end":{"line":27,"column":10}},"loc":{"start":{"line":27,"column":23},"end":{"line":27,"column":59}},"line":27},"8":{"name":"(anonymous_8)","decl":{"start":{"line":30,"column":8},"end":{"line":30,"column":9}},"loc":{"start":{"line":30,"column":28},"end":{"line":30,"column":73}},"line":30},"9":{"name":"(anonymous_9)","decl":{"start":{"line":31,"column":9},"end":{"line":31,"column":10}},"loc":{"start":{"line":31,"column":23},"end":{"line":31,"column":61}},"line":31}},"branchMap":{},"s":{"0":1,"1":1,"2":1,"3":1,"4":1,"5":0,"6":0,"7":1,"8":0,"9":1,"10":0,"11":0,"12":1,"13":0,"14":0,"15":1,"16":0,"17":0,"18":1},"f":{"0":1,"1":0,"2":0,"3":0,"4":0,"5":0,"6":0,"7":0,"8":0,"9":0},"b":{},"_coverageSchema":"1a1c01bbd47fc00a2c39e90264f33305004495a9","hash":"953cdd0873910d9094f818fbab10fd06f697f69a"}
,"C:\\Users\\suporte\\Documents\\git\\tcc\\dev\\LabTrip\\src\\perfis\\Perfil.js": {"path":"C:\\Users\\suporte\\Documents\\git\\tcc\\dev\\LabTrip\\src\\perfis\\Perfil.js","statementMap":{"0":{"start":{"line":3,"column":6},"end":{"line":3,"column":19}},"1":{"start":{"line":4,"column":6},"end":{"line":4,"column":33}}},"fnMap":{"0":{"name":"(anonymous_0)","decl":{"start":{"line":2,"column":2},"end":{"line":2,"column":3}},"loc":{"start":{"line":2,"column":28},"end":{"line":5,"column":3}},"line":2}},"branchMap":{},"s":{"0":1,"1":1},"f":{"0":1},"b":{},"_coverageSchema":"1a1c01bbd47fc00a2c39e90264f33305004495a9","hash":"08184620eea96f783cacada4612dbd479693c876"}
,"C:\\Users\\suporte\\Documents\\git\\tcc\\dev\\LabTrip\\src\\perfis\\PerfilController.js": {"path":"C:\\Users\\suporte\\Documents\\git\\tcc\\dev\\LabTrip\\src\\perfis\\PerfilController.js","statementMap":{"0":{"start":{"line":2,"column":24},"end":{"line":5,"column":2}},"1":{"start":{"line":2,"column":37},"end":{"line":5,"column":1}},"2":{"start":{"line":10,"column":4},"end":{"line":10,"column":45}},"3":{"start":{"line":16,"column":4},"end":{"line":28,"column":5}},"4":{"start":{"line":18,"column":10},"end":{"line":18,"column":60}},"5":{"start":{"line":19,"column":8},"end":{"line":19,"column":14}},"6":{"start":{"line":21,"column":10},"end":{"line":21,"column":76}},"7":{"start":{"line":22,"column":8},"end":{"line":22,"column":14}},"8":{"start":{"line":24,"column":10},"end":{"line":24,"column":74}},"9":{"start":{"line":25,"column":8},"end":{"line":25,"column":14}},"10":{"start":{"line":27,"column":10},"end":{"line":27,"column":82}},"11":{"start":{"line":30,"column":4},"end":{"line":30,"column":72}},"12":{"start":{"line":30,"column":50},"end":{"line":30,"column":68}},"13":{"start":{"line":34,"column":4},"end":{"line":34,"column":61}}},"fnMap":{"0":{"name":"(anonymous_0)","decl":{"start":{"line":2,"column":24},"end":{"line":2,"column":25}},"loc":{"start":{"line":2,"column":37},"end":{"line":5,"column":1}},"line":2},"1":{"name":"(anonymous_1)","decl":{"start":{"line":9,"column":2},"end":{"line":9,"column":3}},"loc":{"start":{"line":9,"column":32},"end":{"line":11,"column":3}},"line":9},"2":{"name":"(anonymous_2)","decl":{"start":{"line":14,"column":2},"end":{"line":14,"column":3}},"loc":{"start":{"line":14,"column":29},"end":{"line":31,"column":3}},"line":14},"3":{"name":"(anonymous_3)","decl":{"start":{"line":30,"column":45},"end":{"line":30,"column":46}},"loc":{"start":{"line":30,"column":50},"end":{"line":30,"column":68}},"line":30},"4":{"name":"(anonymous_4)","decl":{"start":{"line":33,"column":2},"end":{"line":33,"column":3}},"loc":{"start":{"line":33,"column":18},"end":{"line":35,"column":3}},"line":33}},"branchMap":{"0":{"loc":{"start":{"line":16,"column":4},"end":{"line":28,"column":5}},"type":"switch","locations":[{"start":{"line":17,"column":6},"end":{"line":19,"column":14}},{"start":{"line":20,"column":6},"end":{"line":22,"column":14}},{"start":{"line":23,"column":6},"end":{"line":25,"column":14}},{"start":{"line":26,"column":6},"end":{"line":27,"column":82}}],"line":16}},"s":{"0":1,"1":0,"2":1,"3":0,"4":0,"5":0,"6":0,"7":0,"8":0,"9":0,"10":0,"11":0,"12":0,"13":0},"f":{"0":0,"1":1,"2":0,"3":0,"4":0},"b":{"0":[0,0,0,0]},"_coverageSchema":"1a1c01bbd47fc00a2c39e90264f33305004495a9","hash":"94cca4e39306f42cf2ff3a29d0b8f114a590ecde"}
[...]
umn":3}},"line":35},"5":{"name":"(anonymous_5)","decl":{"start":{"line":40,"column":2},"end":{"line":40,"column":3}},"loc":{"start":{"line":40,"column":29},"end":{"line":58,"column":3}},"line":40},"6":{"name":"(anonymous_6)","decl":{"start":{"line":57,"column":37},"end":{"line":57,"column":38}},"loc":{"start":{"line":57,"column":42},"end":{"line":57,"column":60}},"line":57},"7":{"name":"(anonymous_7)","decl":{"start":{"line":61,"column":2},"end":{"line":61,"column":3}},"loc":{"start":{"line":61,"column":23},"end":{"line":88,"column":3}},"line":61},"8":{"name":"(anonymous_8)","decl":{"start":{"line":90,"column":2},"end":{"line":90,"column":3}},"loc":{"start":{"line":90,"column":24},"end":{"line":94,"column":3}},"line":90},"9":{"name":"(anonymous_9)","decl":{"start":{"line":96,"column":2},"end":{"line":96,"column":3}},"loc":{"start":{"line":96,"column":25},"end":{"line":135,"column":3}},"line":96},"10":{"name":"(anonymous_10)","decl":{"start":{"line":137,"column":2},"end":{"line":137,"column":3}},"loc":{"start":{"line":137,"column":36},"end":{"line":141,"column":3}},"line":137},"11":{"name":"(anonymous_11)","decl":{"start":{"line":140,"column":66},"end":{"line":140,"column":67}},"loc":{"start":{"line":140,"column":71},"end":{"line":140,"column":96}},"line":140},"12":{"name":"(anonymous_12)","decl":{"start":{"line":143,"column":2},"end":{"line":143,"column":3}},"loc":{"start":{"line":143,"column":24},"end":{"line":146,"column":3}},"line":143},"13":{"name":"(anonymous_13)","decl":{"start":{"line":148,"column":2},"end":{"line":148,"column":3}},"loc":{"start":{"line":148,"column":37},"end":{"line":165,"column":3}},"line":148},"14":{"name":"(anonymous_14)","decl":{"start":{"line":167,"column":2},"end":{"line":167,"column":3}},"loc":{"start":{"line":167,"column":36},"end":{"line":190,"column":3}},"line":167},"15":{"name":"(anonymous_15)","decl":{"start":{"line":192,"column":2},"end":{"line":192,"column":3}},"loc":{"start":{"line":192,"column":33},"end":{"line":195,"column":3}},"line":192},"16":{"name":"(anonymous_16)","decl":{"start":{"line":194,"column":60},"end":{"line":194,"column":61}},"loc":{"start":{"line":194,"column":65},"end":{"line":194,"column":93}},"line":194}},"branchMap":{"0":{"loc":{"start":{"line":43,"column":4},"end":{"line":55,"column":5}},"type":"switch","locations":[{"start":{"line":44,"column":6},"end":{"line":46,"column":14}},{"start":{"line":47,"column":6},"end":{"line":49,"column":14}},{"start":{"line":50,"column":6},"end":{"line":52,"column":14}},{"start":{"line":53,"column":6},"end":{"line":54,"column":82}}],"line":43},"1":{"loc":{"start":{"line":63,"column":4},"end":{"line":86,"column":5}},"type":"if","locations":[{"start":{"line":63,"column":4},"end":{"line":86,"column":5}},{"start":{"line":63,"column":4},"end":{"line":86,"column":5}}],"line":63},"2":{"loc":{"start":{"line":63,"column":7},"end":{"line":63,"column":75}},"type":"binary-expr","locations":[{"start":{"line":63,"column":7},"end":{"line":63,"column":39}},{"start":{"line":63,"column":43},"end":{"line":63,"column":75}}],"line":63},"3":{"loc":{"start":{"line":68,"column":6},"end":{"line":80,"column":7}},"type":"if","locations":[{"start":{"line":68,"column":6},"end":{"line":80,"column":7}},{"start":{"line":68,"column":6},"end":{"line":80,"column":7}}],"line":68},"4":{"loc":{"start":{"line":103,"column":4},"end":{"line":115,"column":5}},"type":"if","locations":[{"start":{"line":103,"column":4},"end":{"line":115,"column":5}},{"start":{"line":103,"column":4},"end":{"line":115,"column":5}}],"line":103},"5":{"loc":{"start":{"line":117,"column":4},"end":{"line":129,"column":5}},"type":"if","locations":[{"start":{"line":117,"column":4},"end":{"line":129,"column":5}},{"start":{"line":117,"column":4},"end":{"line":129,"column":5}}],"line":117},"6":{"loc":{"start":{"line":151,"column":4},"end":{"line":162,"column":5}},"type":"if","locations":[{"start":{"line":151,"column":4},"end":{"line":162,"column":5}},{"start":{"line":151,"column":4},"end":{"line":162,"column":5}}],"line":151},"7":{"loc":{"start":{"line":170,"column":4},"end":{"line":182,"column":5}},"type":"if","locations":[{"start":{"line":170,"column":4},"end":{"line":182,"column":5}},{"start":{"line":170,"column":4},"end":{"line":182,"column":5}}],"line":170},"8":{"loc":{"start":{"line":184,"column":4},"end":{"line":189,"column":5}},"type":"if","locations":[{"start":{"line":184,"column":4},"end":{"line":189,"column":5}},{"start":{"line":184,"column":4},"end":{"line":189,"column":5}}],"line":184}},"s":{"0":1,"1":0,"2":1,"3":0,"4":1,"5":0,"6":1,"7":0,"8":0,"9":0,"10":1,"11":0,"12":0,"13":0,"14":0,"15":0,"16":0,"17":0,"18":0,"19":0,"20":0,"21":0,"22":0,"23":0,"24":0,"25":0,"26":0,"27":0,"28":0,"29":0,"30":0,"31":0,"32":0,"33":0,"34":0,"35":0,"36":0,"37":0,"38":0,"39":0,"40":0,"41":0,"42":0,"43":0,"44":0,"45":0,"46":0,"47":0,"48":0,"49":0,"50":0,"51":0,"52":0,"53":0,"54":0,"55":0,"56":0,"57":0,"58":0,"59":0,"60":0,"61":0,"62":0,"63":0,"64":0,"65":0,"66":0,"67":0,"68":0,"69":0,"70":0,"71":0,"72":0,"73":0,"74":0,"75":0},"f":{"0":0,"1":0,"2":0,"3":0,"4":1,"5":0,"6":0,"7":0,"8":0,"9":0,"10":0,"11":0,"12":0,"13":0,"14":0,"15":0,"16":0},"b":{"0":[0,0,0,0],"1":[0,0],"2":[0,0],"3":[0,0],"4":[0,0],"5":[0,0],"6":[0,0],"7":[0,0],"8":[0,0]},"_coverageSchema":"1a1c01bbd47fc00a2c39e90264f33305004495a9","hash":"38bdd3e4e2fc47d3a9776cc0ec92efe32ae2035d"}
,"C:\\Users\\suporte\\Documents\\git\\tcc\\dev\\LabTrip\\src\\viagens\\ViagemMiddleware.js": {"path":"C:\\Users\\suporte\\Documents\\git\\tcc\\dev\\LabTrip\\src\\viagens\\ViagemMiddleware.js","statementMap":{"0":{"start":{"line":4,"column":6},"end":{"line":4,"column":47}},"1":{"start":{"line":8,"column":21},"end":{"line":8,"column":51}},"2":{"start":{"line":10,"column":6},"end":{"line":12,"column":7}},"3":{"start":{"line":11,"column":8},"end":{"line":11,"column":116}},"4":{"start":{"line":13,"column":6},"end":{"line":13,"column":26}},"5":{"start":{"line":14,"column":6},"end":{"line":14,"column":13}},"6":{"start":{"line":19,"column":6},"end":{"line":31,"column":7}},"7":{"start":{"line":21,"column":10},"end":{"line":21,"column":71}},"8":{"start":{"line":22,"column":10},"end":{"line":22,"column":16}},"9":{"start":{"line":24,"column":12},"end":{"line":24,"column":110}},"10":{"start":{"line":25,"column":10},"end":{"line":25,"column":16}},"11":{"start":{"line":27,"column":10},"end":{"line":27,"column":98}},"12":{"start":{"line":28,"column":10},"end":{"line":28,"column":16}},"13":{"start":{"line":30,"column":10},"end":{"line":30,"column":27}}},"fnMap":{"0":{"name":"(anonymous_0)","decl":{"start":{"line":3,"column":4},"end":{"line":3,"column":5}},"loc":{"start":{"line":3,"column":33},"end":{"line":5,"column":5}},"line":3},"1":{"name":"(anonymous_1)","decl":{"start":{"line":7,"column":4},"end":{"line":7,"column":5}},"loc":{"start":{"line":7,"column":38},"end":{"line":15,"column":5}},"line":7},"2":{"name":"(anonymous_2)","decl":{"start":{"line":17,"column":4},"end":{"line":17,"column":5}},"loc":{"start":{"line":17,"column":29},"end":{"line":32,"column":5}},"line":17}},"branchMap":{"0":{"loc":{"start":{"line":10,"column":6},"end":{"line":12,"column":7}},"type":"if","locations":[{"start":{"line":10,"column":6},"end":{"line":12,"column":7}},{"start":{"line":10,"column":6},"end":{"line":12,"column":7}}],"line":10},"1":{"loc":{"start":{"line":19,"column":6},"end":{"line":31,"column":7}},"type":"switch","locations":[{"start":{"line":20,"column":8},"end":{"line":22,"column":16}},{"start":{"line":23,"column":8},"end":{"line":25,"column":16}},{"start":{"line":26,"column":8},"end":{"line":28,"column":16}},{"start":{"line":29,"column":8},"end":{"line":30,"column":27}}],"line":19}},"s":{"0":1,"1":0,"2":0,"3":0,"4":0,"5":0,"6":0,"7":0,"8":0,"9":0,"10":0,"11":0,"12":0,"13":0},"f":{"0":1,"1":0,"2":0},"b":{"0":[0,0],"1":[0,0,0,0]},"_coverageSchema":"1a1c01bbd47fc00a2c39e90264f33305004495a9","hash":"fbe709f3c9816a7ec6302cf8fe01e81e0966e9c5"}
,"C:\\Users\\suporte\\Documents\\git\\tcc\\dev\\LabTrip\\src\\viagens\\ViagemRepository.js": {"path":"C:\\Users\\suporte\\Documents\\git\\tcc\\dev\\LabTrip\\src\\viagens\\ViagemRepository.js","statementMap":{"0":{"start":{"line":3,"column":4},"end":{"line":3,"column":25}},"1":{"start":{"line":7,"column":4},"end":{"line":8,"column":56}},"2":{"start":{"line":12,"column":4},"end":{"line":13,"column":35}},"3":{"start":{"line":17,"column":4},"end":{"line":19,"column":21}},"4":{"start":{"line":23,"column":4},"end":{"line":27,"column":9}},"5":{"start":{"line":31,"column":4},"end":{"line":34,"column":9}},"6":{"start":{"line":38,"column":23},"end":{"line":40,"column":21}},"7":{"start":{"line":42,"column":6},"end":{"line":42,"column":22}},"8":{"start":{"line":46,"column":4},"end":{"line":48,"column":51}},"9":{"start":{"line":52,"column":4},"end":{"line":55,"column":68}},"10":{"start":{"line":59,"column":4},"end":{"line":63,"column":73}},"11":{"start":{"line":67,"column":23},"end":{"line":70,"column":21}},"12":{"start":{"line":72,"column":6},"end":{"line":72,"column":22}},"13":{"start":{"line":76,"column":4},"end":{"line":80,"column":8}},"14":{"start":{"line":84,"column":4},"end":{"line":88,"column":22}},"15":{"start":{"line":92,"column":4},"end":{"line":98,"column":5}},"16":{"start":{"line":93,"column":6},"end":{"line":97,"column":18}},"17":{"start":{"line":95,"column":10},"end":{"line":95,"column":104}},"18":{"start":{"line":102,"column":4},"end":{"line":103,"column":36}},"19":{"start":{"line":107,"column":4},"end":{"line":107,"column":49}}},"fnMap":{"0":{"name":"(anonymous_0)","decl":{"start":{"line":2,"column":2},"end":{"line":2,"column":3}},"loc":{"start":{"line":2,"column":21},"end":{"line":4,"column":3}},"line":2},"1":{"name":"(anonymous_1)","decl":{"start":{"line":6,"column":2},"end":{"line":6,"column":3}},"loc":{"start":{"line":6,"column":20},"end":{"line":9,"column":3}},"line":6},"2":{"name":"(anonymous_2)","decl":{"start":{"line":11,"column":2},"end":{"line":11,"column":3}},"loc":{"start":{"line":11,"column":26},"end":{"line":14,"column":3}},"line":11},"3":{"name":"(anonymous_3)","decl":{"start":{"line":16,"column":2},"end":{"line":16,"column":3}},"loc":{"start":{"line":16,"column":38},"end":{"line":20,"column":3}},"line":16},"4":{"name":"(anonymous_4)","decl":{"start":{"line":22,"column":2},"end":{"line":22,"column":3}},"loc":{"start":{"line":22,"column":34},"end":{"line":28,"column":3}},"line":22},"5":{"name":"(anonymous_5)","decl":{"start":{"line":30,"column":2},"end":{"line":30,"column":3}},"loc":{"start":{"line":30,"column":38},"end":{"line":35,"column":3}},"line":30},"6":{"name":"(anonymous_6)","decl":{"start":{"line":37,"column":2},"end":{"line":37,"column":3}},"loc":{"start":{"line":37,"column":21},"end":{"line":43,"column":3}},"line":37},"7":{"name":"(anonymous_7)","decl":{"start":{"line":45,"column":2},"end":{"line":45,"column":3}},"loc":{"start":{"line":45,"column":22},"end":{"line":49,"column":3}},"line":45},"8":{"name":"(anonymous_8)","decl":{"start":{"line":51,"column":2},"end":{"line":51,"column":3}},"loc":{"start":{"line":51,"column":49},"end":{"line":56,"column":3}},"line":51},"9":{"name":"(anonymous_9)","decl":{"start":{"line":58,"column":2},"end":{"line":58,"column":3}},"loc":{"start":{"line":58,"column":47},"end":{"line":64,"column":3}},"line":58},"10":{"name":"(anonymous_10)","decl":{"start":{"line":66,"column":2},"end":{"line":66,"column":3}},"loc":{"start":{"line":66,"column":24},"end":{"line":73,"column":3}},"line":66},"11":{"name":"(anonymous_11)","decl":{"start":{"line":75,"column":2},"end":{"line":75,"column":3}},"loc":{"start":{"line":75,"column":22},"end":{"line":81,"column":3}},"line":75},"12":{"name":"(anonymous_12)","decl":{"start":{"line":83,"column":2},"end":{"line":83,"column":3}},"loc":{"start":{"line":83,"column":41},"end":{"line":89,"column":3}},"line":83},"13":{"name":"(anonymous_13)","decl":{"start":{"line":91,"column":2},"end":{"line":91,"column":3}},"loc":{"start":{"line":91,"column":42},"end":{"line":99,"column":3}},"line":91},"14":{"name":"(anonymous_14)","decl":{"start":{"line":94,"column":15},"end":{"line":94,"column":16}},"loc":{"start":{"line":94,"column":28},"end":{"line":96,"column":9}},"line":94},"15":{"name":"(anonymous_15)","decl":{"start":{"line":101,"column":2},"end":{"line":101,"column":3}},"loc":{"start":{"line":101,"column":34},"end":{"line":104,"column":3}},"line":101},"16":{"name":"(anonymous_16)","decl":{"start":{"line":106,"column":2},"end":{"line":106,"column":3}},"loc":{"start":{"line":106,"column":25},"end":{"line":108,"column":3}},"line":106}},"branchMap":{},"s":{"0":1,"1":0,"2":0,"3":0,"4":0,"5":0,"6":0,"7":0,"8":0,"9":0,"10":0,"11":0,"12":0,"13":0,"14":0,"15":0,"16":0,"17":0,"18":0,"19":0},"f":{"0":1,"1":0,"2":0,"3":0,"4":0,"5":0,"6":0,"7":0,"8":0,"9":0,"10":0,"11":0,"12":0,"13":0,"14":0,"15":0,"16":0},"b":{},"_coverageSchema":"1a1c01bbd47fc00a2c39e90264f33305004495a9","hash":"9732a74951f3c1e04895384172e3be67679bd8c9"}
,"C:\\Users\\suporte\\Documents\\git\\tcc\\dev\\LabTrip\\src\\viagens\\ViagemRouter.js": {"path":"C:\\Users\\suporte\\Documents\\git\\tcc\\dev\\LabTrip\\src\\viagens\\ViagemRouter.js","statementMap":{"0":{"start":{"line":12,"column":17},"end":{"line":12,"column":33}},"1":{"start":{"line":14,"column":27},"end":{"line":14,"column":55}},"2":{"start":{"line":16,"column":27},"end":{"line":16,"column":65}},"3":{"start":{"line":17,"column":27},"end":{"line":17,"column":65}},"4":{"start":{"line":19,"column":26},"end":{"line":19,"column":53}},"5":{"start":{"line":20,"column":26},"end":{"line":20,"column":62}},"6":{"start":{"line":22,"column":31},"end":{"line":22,"column":63}},"7":{"start":{"line":23,"column":31},"end":{"line":23,"column":77}},"8":{"start":{"line":25,"column":2},"end":{"line":29,"column":57}},"9":{"start":{"line":26,"column":28},"end":{"line":26,"column":70}},"10":{"start":{"line":27,"column":28},"end":{"line":27,"column":75}},"11":{"start":{"line":28,"column":22},"end":{"line":28,"column":59}},"12":{"start":{"line":29,"column":23},"end":{"line":29,"column":55}},"13":{"start":{"line":31,"column":2},"end":{"line":33,"column":65}},"14":{"start":{"line":32,"column":28},"end":{"line":32,"column":70}},"15":{"start":{"line":33,"column":22},"end":{"line":33,"column":64}},"16":{"start":{"line":35,"column":3},"end":{"line":37,"column":66}},"17":{"start":{"line":36,"column":28},"end":{"line":36,"column":70}},"18":{"start":{"line":37,"column":23},"end":{"line":37,"column":64}},"19":{"start":{"line":39,"column":2},"end":{"line":45,"column":61}},"20":{"start":{"line":40,"column":29},"end":{"line":40,"column":71}},"21":{"start":{"line":41,"column":29},"end":{"line":41,"column":76}},"22":{"start":{"line":42,"column":29},"end":{"line":42,"column":74}},"23":{"start":{"line":43,"column":23},"end":{"line":43,"column":56}},"24":{"start":{"line":44,"column":23},"end":{"line":44,"column":58}},"25":{"start":{"line":45,"column":26},"end":{"line":45,"column":59}},"26":{"start":{"line":47,"column":2},"end":{"line":54,"column":74}},"27":{"start":{"line":48,"column":29},"end":{"line":48,"column":71}},"28":{"start":{"line":49,"column":29},"end":{"line":49,"column":76}},"29":{"start":{"line":50,"column":29},"end":{"line":50,"column":74}},"30":{"start":{"line":51,"column":23},"end":{"line":51,"column":68}},"31":{"start":{"line":52,"column":24},"end":{"line":52,"column":69}},"32":{"start":{"line":53,"column":23},"end":{"line":53,"column":68}},"33":{"start":{"line":54,"column":26},"end":{"line":54,"column":72}},"34":{"start":{"line":56,"column":2},"end":{"line":56,"column":16}}},"fnMap":{"0":{"name":"defineViagemRouter","decl":{"start":{"line":11,"column":24},"end":{"line":11,"column":42}},"loc":{"start":{"line":11,"column":44},"end":{"line":57,"column":1}},"line":11},"1":{"name":"(anonymous_1)","decl":{"start":{"line":26,"column":8},"end":{"line":26,"column":9}},"loc":{"start":{"line":26,"column":28},"end":{"line":26,"column":70}},"line":26},"2":{"name":"(anonymous_2)","decl":{"start":{"line":27,"column":8},"end":{"line":27,"column":9}},"loc":{"start":{"line":27,"column":28},"end":{"line":27,"column":75}},"line":27},"3":{"name":"(anonymous_3)","decl":{"start":{"line":28,"column":8},"end":{"line":28,"column":9}},"loc":{"start":{"line":28,"column":22},"end":{"line":28,"column":59}},"line":28},"4":{"name":"(anonymous_4)","decl":{"start":{"line":29,"column":9},"end":{"line":29,"column":10}},"loc":{"start":{"line":29,"column":23},"end":{"line":29,"column":55}},"line":29},"5":{"name":"(anonymous_5)","decl":{"start":{"line":32,"column":8},"end":{"line":32,"column":9}},"loc":{"start":{"line":32,"column":28},"end":{"line":32,"column":70}},"line":32},"6":{"name":"(anonymous_6)","decl":{"start":{"line":33,"column":8},"end":{"line":33,"column":9}},"loc":{"start":{"line":33,"column":22},"end":{"line":33,"column":64}},"line":33},"7":{"name":"(anonymous_7)","decl":{"start":{"line":36,"column":8},"end":{"line":36,"column":9}},"loc":{"start":{"line":36,"column":28},"end":{"line":36,"column":70}},"line":36},"8":{"name":"(anonymous_8)","decl":{"start":{"line":37,"column":9},"end":{"line":37,"column":10}},"loc":{"start":{"line":37,"column":23},"end":{"line":37,"column":64}},"line":37},"9":{"name":"(anonymous_9)","decl":{"start":{"line":40,"column":9},"end":{"line":40,"column":10}},"loc":{"start":{"line":40,"column":29},"end":{"line":40,"column":71}},"line":40},"10":{"name":"(anonymous_10)","decl":{"start":{"line":41,"column":9},"end":{"line":41,"column":10}},"loc":{"start":{"line":41,"column":29},"end":{"line":41,"column":76}},"line":41},"11":{"name":"(anonymous_11)","decl":{"start":{"line":42,"column":9},"end":{"line":42,"column":10}},"loc":{"start":{"line":42,"column":29},"end":{"line":42,"column":74}},"line":42},"12":{"name":"(anonymous_12)","decl":{"start":{"line":43,"column":9},"end":{"line":43,"column":10}},"loc":{"start":{"line":43,"column":23},"end":{"line":43,"column":56}},"line":43},"13":{"name":"(anonymous_13)","decl":{"start":{"line":44,"column":9},"end":{"line":44,"column":10}},"loc":{"start":{"line":44,"column":23},"end":{"line":44,"column":58}},"line":44},"14":{"name":"(anonymous_14)","decl":{"start":{"line":45,"column":12},"end":{"line":45,"column":13}},"loc":{"start":{"line":45,"column":26},"end":{"line":45,"column":59}},"line":45},"15":{"name":"(anonymous_15)","decl":{"start":{"line":48,"column":9},"end":{"line":48,"column":10}},"loc":{"start":{"line":48,"column":29},"end":{"line":48,"column":71}},"line":48},"16":{"name":"(anonymous_16)","decl":{"start":{"line":49,"column":9},"end":{"line":49,"column":10}},"loc":{"start":{"line":49,"column":29},"end":{"line":49,"column":76}},"line":49},"17":{"name":"(anonymous_17)","decl":{"start":{"line":50,"column":9},"end":{"line":50,"column":10}},"loc":{"start":{"line":50,"column":29},"end":{"line":50,"column":74}},"line":50},"18":{"name":"(anonymous_18)","decl":{"start":{"line":51,"column":9},"end":{"line":51,"column":10}},"loc":{"start":{"line":51,"column":23},"end":{"line":51,"column":68}},"line":51},"19":{"name":"(anonymous_19)","decl":{"start":{"line":52,"column":10},"end":{"line":52,"column":11}},"loc":{"start":{"line":52,"column":24},"end":{"line":52,"column":69}},"line":52},"20":{"name":"(anonymous_20)","decl":{"start":{"line":53,"column":9},"end":{"line":53,"column":10}},"loc":{"start":{"line":53,"column":23},"end":{"line":53,"column":68}},"line":53},"21":{"name":"(anonymous_21)","decl":{"start":{"line":54,"column":12},"end":{"line":54,"column":13}},"loc":{"start":{"line":54,"column":26},"end":{"line":54,"column":72}},"line":54}},"branchMap":{},"s":{"0":1,"1":1,"2":1,"3":1,"4":1,"5":1,"6":1,"7":1,"8":1,"9":0,"10":0,"11":0,"12":0,"13":1,"14":0,"15":0,"16":1,"17":0,"18":0,"19":1,"20":0,"21":0,"22":0,"23":0,"24":0,"25":0,"26":1,"27":0,"28":0,"29":0,"30":0,"31":0,"32":0,"33":0,"34":1},"f":{"0":1,"1":0,"2":0,"3":0,"4":0,"5":0,"6":0,"7":0,"8":0,"9":0,"10":0,"11":0,"12":0,"13":0,"14":0,"15":0,"16":0,"17":0,"18":0,"19":0,"20":0,"21":0},"b":{},"_coverageSchema":"1a1c01bbd47fc00a2c39e90264f33305004495a9","hash":"f51c955ce3efabc48e2547e9b092b531837c4b10"}
}
